

================================================================
== Vivado HLS Report for 'fft_stages14'
================================================================
* Date:           Thu Nov 16 12:07:22 2017

* Version:        2017.2 (Build 1909853 on Thu Jun 15 18:55:24 MDT 2017)
* Project:        fft
* Solution:       solution1
* Product family: kintex7
* Target device:  xc7k70tfbg484-2


================================================================
== Performance Estimates
================================================================
+ Timing (ns): 
    * Summary: 
    +--------+-------+----------+------------+
    |  Clock | Target| Estimated| Uncertainty|
    +--------+-------+----------+------------+
    |ap_clk  |  10.00|      8.70|        1.25|
    +--------+-------+----------+------------+

+ Latency (clock cycles): 
    * Summary: 
    +------+--------+------+--------+---------+
    |    Latency    |    Interval   | Pipeline|
    |  min |   max  |  min |   max  |   Type  |
    +------+--------+------+--------+---------+
    |  1921|  786817|  1921|  786817|   none  |
    +------+--------+------+--------+---------+

    + Detail: 
        * Instance: 
        N/A

        * Loop: 
        +----------------+------+--------+-----------+-----------+-----------+---------+----------+
        |                |    Latency    | Iteration |  Initiation Interval  |   Trip  |          |
        |    Loop Name   |  min |   max  |  Latency  |  achieved |   target  |  Count  | Pipelined|
        +----------------+------+--------+-----------+-----------+-----------+---------+----------+
        |- butterfly     |  1920|  786816| 15 ~ 6147 |          -|          -|      128|    no    |
        | + butterfly.1  |    12|    6144|         12|          -|          -| 1 ~ 512 |    no    |
        +----------------+------+--------+-----------+-----------+-----------+---------+----------+



================================================================
== Utilization Estimates
================================================================
* Summary: 
+-----------------+---------+-------+-------+-------+
|       Name      | BRAM_18K| DSP48E|   FF  |  LUT  |
+-----------------+---------+-------+-------+-------+
|DSP              |        -|      -|      -|      -|
|Expression       |        -|      -|    231|    107|
|FIFO             |        -|      -|      -|      -|
|Instance         |        -|     20|   1420|   1396|
|Memory           |        2|      -|      0|      0|
|Multiplexer      |        -|      -|      -|    183|
|Register         |        -|      -|    552|      -|
+-----------------+---------+-------+-------+-------+
|Total            |        2|     20|   2203|   1686|
+-----------------+---------+-------+-------+-------+
|Available        |      270|    240|  84400|  42200|
+-----------------+---------+-------+-------+-------+
|Utilization (%)  |    ~0   |      8|      2|      3|
+-----------------+---------+-------+-------+-------+

+ Detail: 
    * Instance: 
    +----------------------------+----------------------+---------+-------+-----+-----+
    |          Instance          |        Module        | BRAM_18K| DSP48E|  FF | LUT |
    +----------------------------+----------------------+---------+-------+-----+-----+
    |fft_fadd_32ns_32ndEe_x_U91  |fft_fadd_32ns_32ndEe  |        0|      2|  227|  214|
    |fft_fadd_32ns_32ndEe_x_U92  |fft_fadd_32ns_32ndEe  |        0|      2|  227|  214|
    |fft_faddfsub_32nscud_x_U90  |fft_faddfsub_32nscud  |        0|      2|  227|  214|
    |fft_fmul_32ns_32neOg_x_U93  |fft_fmul_32ns_32neOg  |        0|      3|  128|  135|
    |fft_fmul_32ns_32neOg_x_U94  |fft_fmul_32ns_32neOg  |        0|      3|  128|  135|
    |fft_fmul_32ns_32neOg_x_U95  |fft_fmul_32ns_32neOg  |        0|      3|  128|  135|
    |fft_fmul_32ns_32neOg_x_U96  |fft_fmul_32ns_32neOg  |        0|      3|  128|  135|
    |fft_fsub_32ns_32nbkb_x_U89  |fft_fsub_32ns_32nbkb  |        0|      2|  227|  214|
    +----------------------------+----------------------+---------+-------+-----+-----+
    |Total                       |                      |        0|     20| 1420| 1396|
    +----------------------------+----------------------+---------+-------+-----+-----+

    * DSP48: 
    N/A

    * Memory: 
    +------------+----------------------+---------+---+----+------+-----+------+-------------+
    |   Memory   |        Module        | BRAM_18K| FF| LUT| Words| Bits| Banks| W*Bits*Banks|
    +------------+----------------------+---------+---+----+------+-----+------+-------------+
    |W_imag16_U  |fft_stages8_W_imag8j  |        1|  0|   0|   512|   32|     1|        16384|
    |W_real24_U  |fft_stages8_W_reafYi  |        1|  0|   0|   512|   32|     1|        16384|
    +------------+----------------------+---------+---+----+------+-----+------+-------------+
    |Total       |                      |        2|  0|   0|  1024|   64|     2|        32768|
    +------------+----------------------+---------+---+----+------+-----+------+-------------+

    * FIFO: 
    N/A

    * Expression: 
    +--------------------+----------+-------+-----+----+------------+------------+
    |    Variable Name   | Operation| DSP48E|  FF | LUT| Bitwidth P0| Bitwidth P1|
    +--------------------+----------+-------+-----+----+------------+------------+
    |i_2_fu_311_p2       |     +    |      0|  101|  37|          32|           9|
    |i_lower_fu_293_p2   |     +    |      0|  101|  37|          32|           8|
    |j_fu_253_p2         |     +    |      0|   29|  13|           8|           1|
    |exitcond_fu_247_p2  |   icmp   |      0|    0|   5|           8|           9|
    |icmp_fu_287_p2      |   icmp   |      0|    0|  13|          22|           1|
    |ap_block_state1     |    or    |      0|    0|   2|           1|           1|
    +--------------------+----------+-------+-----+----+------------+------------+
    |Total               |          |      0|  231| 107|         103|          29|
    +--------------------+----------+-------+-----+----+------------+------------+

    * Multiplexer: 
    +-------------------+----+-----------+-----+-----------+
    |        Name       | LUT| Input Size| Bits| Total Bits|
    +-------------------+----+-----------+-----+-----------+
    |X_I_address0       |  13|          3|   10|         30|
    |X_R_address0       |  13|          3|   10|         30|
    |ap_NS_fsm          |  65|         16|    1|         16|
    |ap_done            |   9|          2|    1|          2|
    |grp_fu_187_p0      |  13|          3|   32|         96|
    |grp_fu_187_p1      |  13|          3|   32|         96|
    |grp_fu_191_opcode  |  13|          3|    2|          6|
    |grp_fu_191_p0      |  13|          3|   32|         96|
    |grp_fu_191_p1      |  13|          3|   32|         96|
    |i2_reg_177         |   9|          2|   32|         64|
    |i_reg_166          |   9|          2|    8|         16|
    +-------------------+----+-----------+-----+-----------+
    |Total              | 183|         43|  192|        548|
    +-------------------+----+-----------+-----+-----------+

    * Register: 
    +-----------------+----+----+-----+-----------+
    |       Name      | FF | LUT| Bits| Const Bits|
    +-----------------+----+----+-----+-----------+
    |ap_CS_fsm        |  15|   0|   15|          0|
    |ap_done_reg      |   1|   0|    1|          0|
    |c_reg_340        |  32|   0|   32|          0|
    |i2_reg_177       |  32|   0|   32|          0|
    |i_2_reg_419      |  32|   0|   32|          0|
    |i_cast1_reg_317  |   8|   0|   32|         24|
    |i_reg_166        |   8|   0|    8|          0|
    |j_reg_325        |   8|   0|    8|          0|
    |reg_227          |  32|   0|   32|          0|
    |reg_235          |  32|   0|   32|          0|
    |s_reg_346        |  32|   0|   32|          0|
    |temp_I_reg_413   |  32|   0|   32|          0|
    |temp_R_reg_407   |  32|   0|   32|          0|
    |tmp_1_reg_371    |  32|   0|   32|          0|
    |tmp_2_reg_376    |  32|   0|   32|          0|
    |tmp_3_reg_381    |  32|   0|   32|          0|
    |tmp_4_reg_386    |  32|   0|   32|          0|
    |tmp_9_reg_391    |  64|   0|   64|          0|
    |tmp_s_reg_355    |  64|   0|   64|          0|
    +-----------------+----+----+-----+-----------+
    |Total            | 552|   0|  576|         24|
    +-----------------+----+----+-----+-----------+



================================================================
== Interface
================================================================
* Summary: 
+----------------+-----+-----+------------+--------------+--------------+
|    RTL Ports   | Dir | Bits|  Protocol  | Source Object|    C Type    |
+----------------+-----+-----+------------+--------------+--------------+
|ap_clk          |  in |    1| ap_ctrl_hs | fft_stages14 | return value |
|ap_rst          |  in |    1| ap_ctrl_hs | fft_stages14 | return value |
|ap_start        |  in |    1| ap_ctrl_hs | fft_stages14 | return value |
|ap_done         | out |    1| ap_ctrl_hs | fft_stages14 | return value |
|ap_continue     |  in |    1| ap_ctrl_hs | fft_stages14 | return value |
|ap_idle         | out |    1| ap_ctrl_hs | fft_stages14 | return value |
|ap_ready        | out |    1| ap_ctrl_hs | fft_stages14 | return value |
|X_R_address0    | out |   10|  ap_memory |      X_R     |     array    |
|X_R_ce0         | out |    1|  ap_memory |      X_R     |     array    |
|X_R_q0          |  in |   32|  ap_memory |      X_R     |     array    |
|X_I_address0    | out |   10|  ap_memory |      X_I     |     array    |
|X_I_ce0         | out |    1|  ap_memory |      X_I     |     array    |
|X_I_q0          |  in |   32|  ap_memory |      X_I     |     array    |
|OUT_R_address0  | out |   10|  ap_memory |     OUT_R    |     array    |
|OUT_R_ce0       | out |    1|  ap_memory |     OUT_R    |     array    |
|OUT_R_we0       | out |    1|  ap_memory |     OUT_R    |     array    |
|OUT_R_d0        | out |   32|  ap_memory |     OUT_R    |     array    |
|OUT_R_address1  | out |   10|  ap_memory |     OUT_R    |     array    |
|OUT_R_ce1       | out |    1|  ap_memory |     OUT_R    |     array    |
|OUT_R_we1       | out |    1|  ap_memory |     OUT_R    |     array    |
|OUT_R_d1        | out |   32|  ap_memory |     OUT_R    |     array    |
|OUT_I_address0  | out |   10|  ap_memory |     OUT_I    |     array    |
|OUT_I_ce0       | out |    1|  ap_memory |     OUT_I    |     array    |
|OUT_I_we0       | out |    1|  ap_memory |     OUT_I    |     array    |
|OUT_I_d0        | out |   32|  ap_memory |     OUT_I    |     array    |
|OUT_I_address1  | out |   10|  ap_memory |     OUT_I    |     array    |
|OUT_I_ce1       | out |    1|  ap_memory |     OUT_I    |     array    |
|OUT_I_we1       | out |    1|  ap_memory |     OUT_I    |     array    |
|OUT_I_d1        | out |   32|  ap_memory |     OUT_I    |     array    |
+----------------+-----+-----+------------+--------------+--------------+

