

================================================================
== Vivado HLS Report for 'dft'
================================================================
* Date:           Tue Nov  7 13:16:47 2017

* Version:        2017.3 (Build 2018833 on Wed Oct 04 20:30:40 MDT 2017)
* Project:        dft_256_q4
* Solution:       solution1
* Product family: kintex7
* Target device:  xc7k160tfbg484-2


================================================================
== Performance Estimates
================================================================
+ Timing (ns): 
    * Summary: 
    +--------+-------+----------+------------+
    |  Clock | Target| Estimated| Uncertainty|
    +--------+-------+----------+------------+
    |ap_clk  |  10.00|      8.77|        1.25|
    +--------+-------+----------+------------+

+ Latency (clock cycles): 
    * Summary: 
    +--------+--------+--------+--------+---------+
    |     Latency     |     Interval    | Pipeline|
    |   min  |   max  |   min  |   max  |   Type  |
    +--------+--------+--------+--------+---------+
    |  334849|  334849|  334850|  334850|   none  |
    +--------+--------+--------+--------+---------+

    + Detail: 
        * Instance: 
        N/A

        * Loop: 
        +-------------+--------+--------+----------+-----------+-----------+------+----------+
        |             |     Latency     | Iteration|  Initiation Interval  | Trip |          |
        |  Loop Name  |   min  |   max  |  Latency |  achieved |   target  | Count| Pipelined|
        +-------------+--------+--------+----------+-----------+-----------+------+----------+
        |- Loop 1     |  334848|  334848|      1308|          -|          -|   256|    no    |
        | + Loop 1.1  |    1306|    1306|       653|          -|          -|     2|    no    |
        +-------------+--------+--------+----------+-----------+-----------+------+----------+



================================================================
== Utilization Estimates
================================================================
* Summary: 
+-----------------+---------+-------+--------+--------+
|       Name      | BRAM_18K| DSP48E|   FF   |   LUT  |
+-----------------+---------+-------+--------+--------+
|DSP              |        -|      -|       -|       -|
|Expression       |        -|      0|       0|    7219|
|FIFO             |        -|      -|       -|       -|
|Instance         |        -|     56|    3632|    4680|
|Memory           |        2|      -|       0|       0|
|Multiplexer      |        -|      -|       -|    4642|
|Register         |        -|      -|    1619|       -|
+-----------------+---------+-------+--------+--------+
|Total            |        2|     56|    5251|   16541|
+-----------------+---------+-------+--------+--------+
|Available        |      650|    600|  202800|  101400|
+-----------------+---------+-------+--------+--------+
|Utilization (%)  |    ~0   |      9|       2|      16|
+-----------------+---------+-------+--------+--------+

+ Detail: 
    * Instance: 
    +--------------------------+----------------------+---------+-------+-----+-----+
    |         Instance         |        Module        | BRAM_18K| DSP48E|  FF | LUT |
    +--------------------------+----------------------+---------+-------+-----+-----+
    |dft_dadd_64ns_64ng8j_U8   |dft_dadd_64ns_64ng8j  |        0|      3|  445|  782|
    |dft_dadd_64ns_64ng8j_U10  |dft_dadd_64ns_64ng8j  |        0|      3|  445|  782|
    |dft_dadddsub_64nsfYi_U7   |dft_dadddsub_64nsfYi  |        0|      3|  445|  782|
    |dft_dmul_64ns_64nibs_U11  |dft_dmul_64ns_64nibs  |        0|     11|  299|  203|
    |dft_dmul_64ns_64nibs_U12  |dft_dmul_64ns_64nibs  |        0|     11|  299|  203|
    |dft_dmul_64ns_64nibs_U13  |dft_dmul_64ns_64nibs  |        0|     11|  299|  203|
    |dft_dmul_64ns_64nibs_U14  |dft_dmul_64ns_64nibs  |        0|     11|  299|  203|
    |dft_dsub_64ns_64nhbi_U9   |dft_dsub_64ns_64nhbi  |        0|      3|  445|  782|
    |dft_fpext_32ns_64eOg_U3   |dft_fpext_32ns_64eOg  |        0|      0|  100|  138|
    |dft_fpext_32ns_64eOg_U4   |dft_fpext_32ns_64eOg  |        0|      0|  100|  138|
    |dft_fpext_32ns_64eOg_U5   |dft_fpext_32ns_64eOg  |        0|      0|  100|  138|
    |dft_fpext_32ns_64eOg_U6   |dft_fpext_32ns_64eOg  |        0|      0|  100|  138|
    |dft_fptrunc_64ns_dEe_U1   |dft_fptrunc_64ns_dEe  |        0|      0|  128|   94|
    |dft_fptrunc_64ns_dEe_U2   |dft_fptrunc_64ns_dEe  |        0|      0|  128|   94|
    +--------------------------+----------------------+---------+-------+-----+-----+
    |Total                     |                      |        0|     56| 3632| 4680|
    +--------------------------+----------------------+---------+-------+-----+-----+

    * DSP48: 
    N/A

    * Memory: 
    +------------------------+----------------------+---------+---+----+------+-----+------+-------------+
    |         Memory         |        Module        | BRAM_18K| FF| LUT| Words| Bits| Banks| W*Bits*Banks|
    +------------------------+----------------------+---------+---+----+------+-----+------+-------------+
    |cos_coefficients_tab_U  |dft_cos_coefficiebkb  |        1|  0|   0|   512|   32|     1|        16384|
    |sin_coefficients_tab_U  |dft_sin_coefficiecud  |        1|  0|   0|   512|   32|     1|        16384|
    +------------------------+----------------------+---------+---+----+------+-----+------+-------------+
    |Total                   |                      |        2|  0|   0|  1024|   64|     2|        32768|
    +------------------------+----------------------+---------+---+----+------+-----+------+-------------+

    * FIFO: 
    N/A

    * Expression: 
    +-------------------------+----------+-------+---+----+------------+------------+
    |      Variable Name      | Operation| DSP48E| FF| LUT| Bitwidth P0| Bitwidth P1|
    +-------------------------+----------+-------+---+----+------------+------------+
    |tmp_100_cast_fu_6498_p2  |     *    |      0|  0|  41|           8|           8|
    |tmp_101_cast_fu_6520_p2  |     *    |      0|  0|  41|           8|           8|
    |tmp_102_cast_fu_6542_p2  |     *    |      0|  0|  41|           8|           8|
    |tmp_103_cast_fu_6564_p2  |     *    |      0|  0|  41|           8|           8|
    |tmp_104_cast_fu_6586_p2  |     *    |      0|  0|  41|           8|           8|
    |tmp_105_cast_fu_6608_p2  |     *    |      0|  0|  41|           8|           8|
    |tmp_106_cast_fu_6630_p2  |     *    |      0|  0|  41|           8|           8|
    |tmp_107_cast_fu_6652_p2  |     *    |      0|  0|  41|           8|           8|
    |tmp_108_cast_fu_6674_p2  |     *    |      0|  0|  41|           8|           8|
    |tmp_109_cast_fu_6696_p2  |     *    |      0|  0|  41|           8|           8|
    |tmp_110_cast_fu_6718_p2  |     *    |      0|  0|  41|           8|           8|
    |tmp_112_cast_fu_6740_p2  |     *    |      0|  0|  41|           8|           8|
    |tmp_113_cast_fu_6762_p2  |     *    |      0|  0|  41|           8|           8|
    |tmp_114_cast_fu_6784_p2  |     *    |      0|  0|  41|           8|           8|
    |tmp_115_cast_fu_6806_p2  |     *    |      0|  0|  41|           8|           8|
    |tmp_116_cast_fu_6828_p2  |     *    |      0|  0|  41|           8|           8|
    |tmp_117_cast_fu_6850_p2  |     *    |      0|  0|  41|           8|           8|
    |tmp_118_cast_fu_6872_p2  |     *    |      0|  0|  41|           8|           8|
    |tmp_119_cast_fu_6894_p2  |     *    |      0|  0|  41|           8|           8|
    |tmp_120_cast_fu_6916_p2  |     *    |      0|  0|  41|           8|           8|
    |tmp_121_cast_fu_6938_p2  |     *    |      0|  0|  41|           8|           8|
    |tmp_122_cast_fu_6960_p2  |     *    |      0|  0|  41|           8|           8|
    |tmp_123_cast_fu_6982_p2  |     *    |      0|  0|  41|           8|           8|
    |tmp_124_cast_fu_7004_p2  |     *    |      0|  0|  41|           8|           8|
    |tmp_125_cast_fu_7026_p2  |     *    |      0|  0|  41|           8|           8|
    |tmp_126_cast_fu_7048_p2  |     *    |      0|  0|  41|           8|           8|
    |tmp_127_cast_fu_7070_p2  |     *    |      0|  0|  41|           8|           8|
    |tmp_128_cast_fu_7092_p2  |     *    |      0|  0|  41|           8|           8|
    |tmp_129_cast_fu_7114_p2  |     *    |      0|  0|  41|           8|           8|
    |tmp_12_cast_fu_4694_p2   |     *    |      0|  0|  41|           8|           8|
    |tmp_130_cast_fu_7136_p2  |     *    |      0|  0|  41|           8|           8|
    |tmp_131_cast_fu_7158_p2  |     *    |      0|  0|  41|           8|           8|
    |tmp_132_cast_fu_7180_p2  |     *    |      0|  0|  41|           8|           8|
    |tmp_133_cast_fu_7202_p2  |     *    |      0|  0|  41|           8|           8|
    |tmp_134_cast_fu_7224_p2  |     *    |      0|  0|  41|           8|           8|
    |tmp_135_cast_fu_7246_p2  |     *    |      0|  0|  41|           8|           8|
    |tmp_136_cast_fu_7268_p2  |     *    |      0|  0|  41|           8|           8|
    |tmp_137_cast_fu_7290_p2  |     *    |      0|  0|  41|           8|           8|
    |tmp_138_cast_fu_7312_p2  |     *    |      0|  0|  41|           8|           8|
    |tmp_139_cast_fu_7334_p2  |     *    |      0|  0|  41|           8|           8|
    |tmp_140_cast_fu_7356_p2  |     *    |      0|  0|  41|           8|           8|
    |tmp_141_cast_fu_7378_p2  |     *    |      0|  0|  41|           8|           8|
    |tmp_142_cast_fu_7400_p2  |     *    |      0|  0|  41|           8|           8|
    |tmp_143_cast_fu_7422_p2  |     *    |      0|  0|  41|           8|           8|
    |tmp_14_cast_fu_4716_p2   |     *    |      0|  0|  41|           8|           8|
    |tmp_20_cast_fu_4738_p2   |     *    |      0|  0|  41|           8|           8|
    |tmp_21_cast_fu_4760_p2   |     *    |      0|  0|  41|           8|           8|
    |tmp_22_cast_fu_4782_p2   |     *    |      0|  0|  41|           8|           8|
    |tmp_23_cast_fu_4804_p2   |     *    |      0|  0|  41|           8|           8|
    |tmp_24_cast_fu_4826_p2   |     *    |      0|  0|  41|           8|           8|
    |tmp_25_cast_fu_4848_p2   |     *    |      0|  0|  41|           8|           8|
    |tmp_26_cast_fu_4870_p2   |     *    |      0|  0|  41|           8|           8|
    |tmp_27_cast_fu_4892_p2   |     *    |      0|  0|  41|           8|           8|
    |tmp_28_cast_fu_4914_p2   |     *    |      0|  0|  41|           8|           8|
    |tmp_29_cast_fu_4936_p2   |     *    |      0|  0|  41|           8|           8|
    |tmp_2_fu_4613_p2         |     *    |      0|  0|  49|           9|           9|
    |tmp_30_cast_fu_4958_p2   |     *    |      0|  0|  41|           8|           8|
    |tmp_31_cast_fu_4980_p2   |     *    |      0|  0|  41|           8|           8|
    |tmp_32_cast_fu_5002_p2   |     *    |      0|  0|  41|           8|           8|
    |tmp_33_cast_fu_5024_p2   |     *    |      0|  0|  41|           8|           8|
    |tmp_34_cast_fu_5046_p2   |     *    |      0|  0|  41|           8|           8|
    |tmp_35_cast_fu_5068_p2   |     *    |      0|  0|  41|           8|           8|
    |tmp_36_cast_fu_5090_p2   |     *    |      0|  0|  41|           8|           8|
    |tmp_37_cast_fu_5112_p2   |     *    |      0|  0|  41|           8|           8|
    |tmp_38_cast_fu_5134_p2   |     *    |      0|  0|  41|           8|           8|
    |tmp_39_cast_fu_5156_p2   |     *    |      0|  0|  41|           8|           8|
    |tmp_3_cast_fu_4650_p2    |     *    |      0|  0|  41|           8|           8|
    |tmp_40_cast_fu_5178_p2   |     *    |      0|  0|  41|           8|           8|
    |tmp_41_cast_fu_5200_p2   |     *    |      0|  0|  41|           8|           8|
    |tmp_42_cast_fu_5222_p2   |     *    |      0|  0|  41|           8|           8|
    |tmp_43_cast_fu_5244_p2   |     *    |      0|  0|  41|           8|           8|
    |tmp_44_cast_fu_5266_p2   |     *    |      0|  0|  41|           8|           8|
    |tmp_45_cast_fu_5288_p2   |     *    |      0|  0|  41|           8|           8|
    |tmp_46_cast_fu_5310_p2   |     *    |      0|  0|  41|           8|           8|
    |tmp_47_cast_fu_5332_p2   |     *    |      0|  0|  41|           8|           8|
    |tmp_48_cast_fu_5354_p2   |     *    |      0|  0|  41|           8|           8|
    |tmp_49_cast_fu_5376_p2   |     *    |      0|  0|  41|           8|           8|
    |tmp_4_cast_fu_4672_p2    |     *    |      0|  0|  41|           8|           8|
    |tmp_50_cast_fu_5398_p2   |     *    |      0|  0|  41|           8|           8|
    |tmp_51_cast_fu_5420_p2   |     *    |      0|  0|  41|           8|           8|
    |tmp_52_cast_fu_5442_p2   |     *    |      0|  0|  41|           8|           8|
    |tmp_53_cast_fu_5464_p2   |     *    |      0|  0|  41|           8|           8|
    |tmp_54_cast_fu_5486_p2   |     *    |      0|  0|  41|           8|           8|
    |tmp_55_cast_fu_5508_p2   |     *    |      0|  0|  41|           8|           8|
    |tmp_56_cast_fu_5530_p2   |     *    |      0|  0|  41|           8|           8|
    |tmp_57_cast_fu_5552_p2   |     *    |      0|  0|  41|           8|           8|
    |tmp_58_cast_fu_5574_p2   |     *    |      0|  0|  41|           8|           8|
    |tmp_59_cast_fu_5596_p2   |     *    |      0|  0|  41|           8|           8|
    |tmp_60_cast_fu_5618_p2   |     *    |      0|  0|  41|           8|           8|
    |tmp_61_cast_fu_5640_p2   |     *    |      0|  0|  41|           8|           8|
    |tmp_62_cast_fu_5662_p2   |     *    |      0|  0|  41|           8|           8|
    |tmp_63_cast_fu_5684_p2   |     *    |      0|  0|  41|           8|           8|
    |tmp_64_cast_fu_5706_p2   |     *    |      0|  0|  41|           8|           8|
    |tmp_65_cast_fu_5728_p2   |     *    |      0|  0|  41|           8|           8|
    |tmp_66_cast_fu_5750_p2   |     *    |      0|  0|  41|           8|           8|
    |tmp_67_cast_fu_5772_p2   |     *    |      0|  0|  41|           8|           8|
    |tmp_68_cast_fu_5794_p2   |     *    |      0|  0|  41|           8|           8|
    |tmp_69_cast_fu_5816_p2   |     *    |      0|  0|  41|           8|           8|
    |tmp_70_cast_fu_5838_p2   |     *    |      0|  0|  41|           8|           8|
    |tmp_71_cast_fu_5860_p2   |     *    |      0|  0|  41|           8|           8|
    |tmp_72_cast_fu_5882_p2   |     *    |      0|  0|  41|           8|           8|
    |tmp_73_cast_fu_5904_p2   |     *    |      0|  0|  41|           8|           8|
    |tmp_74_cast_fu_5926_p2   |     *    |      0|  0|  41|           8|           8|
    |tmp_75_cast_fu_5948_p2   |     *    |      0|  0|  41|           8|           8|
    |tmp_76_cast_fu_5970_p2   |     *    |      0|  0|  41|           8|           8|
    |tmp_77_cast_fu_5992_p2   |     *    |      0|  0|  41|           8|           8|
    |tmp_78_cast_fu_6014_p2   |     *    |      0|  0|  41|           8|           8|
    |tmp_79_cast_fu_6036_p2   |     *    |      0|  0|  41|           8|           8|
    |tmp_80_cast_fu_6058_p2   |     *    |      0|  0|  41|           8|           8|
    |tmp_81_cast_fu_6080_p2   |     *    |      0|  0|  41|           8|           8|
    |tmp_82_cast_fu_6102_p2   |     *    |      0|  0|  41|           8|           8|
    |tmp_83_cast_fu_6124_p2   |     *    |      0|  0|  41|           8|           8|
    |tmp_84_cast_fu_6146_p2   |     *    |      0|  0|  41|           8|           8|
    |tmp_85_cast_fu_6168_p2   |     *    |      0|  0|  41|           8|           8|
    |tmp_86_cast_fu_6190_p2   |     *    |      0|  0|  41|           8|           8|
    |tmp_87_cast_fu_6212_p2   |     *    |      0|  0|  41|           8|           8|
    |tmp_88_cast_fu_6234_p2   |     *    |      0|  0|  41|           8|           8|
    |tmp_89_cast_fu_6256_p2   |     *    |      0|  0|  41|           8|           8|
    |tmp_90_cast_fu_6278_p2   |     *    |      0|  0|  41|           8|           8|
    |tmp_91_cast_fu_6300_p2   |     *    |      0|  0|  41|           8|           8|
    |tmp_92_cast_fu_6322_p2   |     *    |      0|  0|  41|           8|           8|
    |tmp_93_cast_fu_6344_p2   |     *    |      0|  0|  41|           8|           8|
    |tmp_94_cast_fu_6366_p2   |     *    |      0|  0|  41|           8|           8|
    |tmp_95_cast_fu_6388_p2   |     *    |      0|  0|  41|           8|           8|
    |tmp_96_cast_fu_6410_p2   |     *    |      0|  0|  41|           8|           8|
    |tmp_97_cast_fu_6432_p2   |     *    |      0|  0|  41|           8|           8|
    |tmp_98_cast_fu_6454_p2   |     *    |      0|  0|  41|           8|           8|
    |tmp_99_cast_fu_6476_p2   |     *    |      0|  0|  41|           8|           8|
    |i_1_fu_4591_p2           |     +    |      0|  0|  16|           9|           1|
    |j_1_127_fu_4639_p2       |     +    |      0|  0|  16|           8|           9|
    |exitcond1_fu_4585_p2     |   icmp   |      0|  0|  13|           9|          10|
    |exitcond_fu_4607_p2      |   icmp   |      0|  0|  13|           9|          10|
    |j_1_100_fu_6845_p2       |    or    |      0|  0|  15|           8|           7|
    |j_1_101_fu_6867_p2       |    or    |      0|  0|  15|           8|           7|
    |j_1_102_fu_6889_p2       |    or    |      0|  0|  15|           8|           7|
    |j_1_103_fu_6911_p2       |    or    |      0|  0|  15|           8|           7|
    |j_1_104_fu_6933_p2       |    or    |      0|  0|  15|           8|           7|
    |j_1_105_fu_6955_p2       |    or    |      0|  0|  15|           8|           7|
    |j_1_106_fu_6977_p2       |    or    |      0|  0|  15|           8|           7|
    |j_1_107_fu_6999_p2       |    or    |      0|  0|  15|           8|           7|
    |j_1_108_fu_7021_p2       |    or    |      0|  0|  15|           8|           7|
    |j_1_109_fu_7043_p2       |    or    |      0|  0|  15|           8|           7|
    |j_1_10_fu_4865_p2        |    or    |      0|  0|  15|           8|           4|
    |j_1_110_fu_7065_p2       |    or    |      0|  0|  15|           8|           7|
    |j_1_111_fu_7087_p2       |    or    |      0|  0|  15|           8|           7|
    |j_1_112_fu_7109_p2       |    or    |      0|  0|  15|           8|           7|
    |j_1_113_fu_7131_p2       |    or    |      0|  0|  15|           8|           7|
    |j_1_114_fu_7153_p2       |    or    |      0|  0|  15|           8|           7|
    |j_1_115_fu_7175_p2       |    or    |      0|  0|  15|           8|           7|
    |j_1_116_fu_7197_p2       |    or    |      0|  0|  15|           8|           7|
    |j_1_117_fu_7219_p2       |    or    |      0|  0|  15|           8|           7|
    |j_1_118_fu_7241_p2       |    or    |      0|  0|  15|           8|           7|
    |j_1_119_fu_7263_p2       |    or    |      0|  0|  15|           8|           7|
    |j_1_11_fu_4887_p2        |    or    |      0|  0|  15|           8|           4|
    |j_1_120_fu_7285_p2       |    or    |      0|  0|  15|           8|           7|
    |j_1_121_fu_7307_p2       |    or    |      0|  0|  15|           8|           7|
    |j_1_122_fu_7329_p2       |    or    |      0|  0|  15|           8|           7|
    |j_1_123_fu_7351_p2       |    or    |      0|  0|  15|           8|           7|
    |j_1_124_fu_7373_p2       |    or    |      0|  0|  15|           8|           7|
    |j_1_125_fu_7395_p2       |    or    |      0|  0|  15|           8|           7|
    |j_1_126_fu_7417_p2       |    or    |      0|  0|  15|           8|           7|
    |j_1_12_fu_4909_p2        |    or    |      0|  0|  15|           8|           4|
    |j_1_13_fu_4931_p2        |    or    |      0|  0|  15|           8|           4|
    |j_1_14_fu_4953_p2        |    or    |      0|  0|  15|           8|           4|
    |j_1_15_fu_4975_p2        |    or    |      0|  0|  15|           8|           5|
    |j_1_16_fu_4997_p2        |    or    |      0|  0|  15|           8|           5|
    |j_1_17_fu_5019_p2        |    or    |      0|  0|  15|           8|           5|
    |j_1_18_fu_5041_p2        |    or    |      0|  0|  15|           8|           5|
    |j_1_19_fu_5063_p2        |    or    |      0|  0|  15|           8|           5|
    |j_1_1_fu_4667_p2         |    or    |      0|  0|  15|           8|           2|
    |j_1_20_fu_5085_p2        |    or    |      0|  0|  15|           8|           5|
    |j_1_21_fu_5107_p2        |    or    |      0|  0|  15|           8|           5|
    |j_1_22_fu_5129_p2        |    or    |      0|  0|  15|           8|           5|
    |j_1_23_fu_5151_p2        |    or    |      0|  0|  15|           8|           5|
    |j_1_24_fu_5173_p2        |    or    |      0|  0|  15|           8|           5|
    |j_1_25_fu_5195_p2        |    or    |      0|  0|  15|           8|           5|
    |j_1_26_fu_5217_p2        |    or    |      0|  0|  15|           8|           5|
    |j_1_27_fu_5239_p2        |    or    |      0|  0|  15|           8|           5|
    |j_1_28_fu_5261_p2        |    or    |      0|  0|  15|           8|           5|
    |j_1_29_fu_5283_p2        |    or    |      0|  0|  15|           8|           5|
    |j_1_2_fu_4689_p2         |    or    |      0|  0|  15|           8|           2|
    |j_1_30_fu_5305_p2        |    or    |      0|  0|  15|           8|           5|
    |j_1_31_fu_5327_p2        |    or    |      0|  0|  15|           8|           6|
    |j_1_32_fu_5349_p2        |    or    |      0|  0|  15|           8|           6|
    |j_1_33_fu_5371_p2        |    or    |      0|  0|  15|           8|           6|
    |j_1_34_fu_5393_p2        |    or    |      0|  0|  15|           8|           6|
    |j_1_35_fu_5415_p2        |    or    |      0|  0|  15|           8|           6|
    |j_1_36_fu_5437_p2        |    or    |      0|  0|  15|           8|           6|
    |j_1_37_fu_5459_p2        |    or    |      0|  0|  15|           8|           6|
    |j_1_38_fu_5481_p2        |    or    |      0|  0|  15|           8|           6|
    |j_1_39_fu_5503_p2        |    or    |      0|  0|  15|           8|           6|
    |j_1_3_fu_4711_p2         |    or    |      0|  0|  15|           8|           3|
    |j_1_40_fu_5525_p2        |    or    |      0|  0|  15|           8|           6|
    |j_1_41_fu_5547_p2        |    or    |      0|  0|  15|           8|           6|
    |j_1_42_fu_5569_p2        |    or    |      0|  0|  15|           8|           6|
    |j_1_43_fu_5591_p2        |    or    |      0|  0|  15|           8|           6|
    |j_1_44_fu_5613_p2        |    or    |      0|  0|  15|           8|           6|
    |j_1_45_fu_5635_p2        |    or    |      0|  0|  15|           8|           6|
    |j_1_46_fu_5657_p2        |    or    |      0|  0|  15|           8|           6|
    |j_1_47_fu_5679_p2        |    or    |      0|  0|  15|           8|           6|
    |j_1_48_fu_5701_p2        |    or    |      0|  0|  15|           8|           6|
    |j_1_49_fu_5723_p2        |    or    |      0|  0|  15|           8|           6|
    |j_1_4_fu_4733_p2         |    or    |      0|  0|  15|           8|           3|
    |j_1_50_fu_5745_p2        |    or    |      0|  0|  15|           8|           6|
    |j_1_51_fu_5767_p2        |    or    |      0|  0|  15|           8|           6|
    |j_1_52_fu_5789_p2        |    or    |      0|  0|  15|           8|           6|
    |j_1_53_fu_5811_p2        |    or    |      0|  0|  15|           8|           6|
    |j_1_54_fu_5833_p2        |    or    |      0|  0|  15|           8|           6|
    |j_1_55_fu_5855_p2        |    or    |      0|  0|  15|           8|           6|
    |j_1_56_fu_5877_p2        |    or    |      0|  0|  15|           8|           6|
    |j_1_57_fu_5899_p2        |    or    |      0|  0|  15|           8|           6|
    |j_1_58_fu_5921_p2        |    or    |      0|  0|  15|           8|           6|
    |j_1_59_fu_5943_p2        |    or    |      0|  0|  15|           8|           6|
    |j_1_5_fu_4755_p2         |    or    |      0|  0|  15|           8|           3|
    |j_1_60_fu_5965_p2        |    or    |      0|  0|  15|           8|           6|
    |j_1_61_fu_5987_p2        |    or    |      0|  0|  15|           8|           6|
    |j_1_62_fu_6009_p2        |    or    |      0|  0|  15|           8|           6|
    |j_1_63_fu_6031_p2        |    or    |      0|  0|  15|           8|           7|
    |j_1_64_fu_6053_p2        |    or    |      0|  0|  15|           8|           7|
    |j_1_65_fu_6075_p2        |    or    |      0|  0|  15|           8|           7|
    |j_1_66_fu_6097_p2        |    or    |      0|  0|  15|           8|           7|
    |j_1_67_fu_6119_p2        |    or    |      0|  0|  15|           8|           7|
    |j_1_68_fu_6141_p2        |    or    |      0|  0|  15|           8|           7|
    |j_1_69_fu_6163_p2        |    or    |      0|  0|  15|           8|           7|
    |j_1_6_fu_4777_p2         |    or    |      0|  0|  15|           8|           3|
    |j_1_70_fu_6185_p2        |    or    |      0|  0|  15|           8|           7|
    |j_1_71_fu_6207_p2        |    or    |      0|  0|  15|           8|           7|
    |j_1_72_fu_6229_p2        |    or    |      0|  0|  15|           8|           7|
    |j_1_73_fu_6251_p2        |    or    |      0|  0|  15|           8|           7|
    |j_1_74_fu_6273_p2        |    or    |      0|  0|  15|           8|           7|
    |j_1_75_fu_6295_p2        |    or    |      0|  0|  15|           8|           7|
    |j_1_76_fu_6317_p2        |    or    |      0|  0|  15|           8|           7|
    |j_1_77_fu_6339_p2        |    or    |      0|  0|  15|           8|           7|
    |j_1_78_fu_6361_p2        |    or    |      0|  0|  15|           8|           7|
    |j_1_79_fu_6383_p2        |    or    |      0|  0|  15|           8|           7|
    |j_1_7_fu_4799_p2         |    or    |      0|  0|  15|           8|           4|
    |j_1_80_fu_6405_p2        |    or    |      0|  0|  15|           8|           7|
    |j_1_81_fu_6427_p2        |    or    |      0|  0|  15|           8|           7|
    |j_1_82_fu_6449_p2        |    or    |      0|  0|  15|           8|           7|
    |j_1_83_fu_6471_p2        |    or    |      0|  0|  15|           8|           7|
    |j_1_84_fu_6493_p2        |    or    |      0|  0|  15|           8|           7|
    |j_1_85_fu_6515_p2        |    or    |      0|  0|  15|           8|           7|
    |j_1_86_fu_6537_p2        |    or    |      0|  0|  15|           8|           7|
    |j_1_87_fu_6559_p2        |    or    |      0|  0|  15|           8|           7|
    |j_1_88_fu_6581_p2        |    or    |      0|  0|  15|           8|           7|
    |j_1_89_fu_6603_p2        |    or    |      0|  0|  15|           8|           7|
    |j_1_8_fu_4821_p2         |    or    |      0|  0|  15|           8|           4|
    |j_1_90_fu_6625_p2        |    or    |      0|  0|  15|           8|           7|
    |j_1_91_fu_6647_p2        |    or    |      0|  0|  15|           8|           7|
    |j_1_92_fu_6669_p2        |    or    |      0|  0|  15|           8|           7|
    |j_1_93_fu_6691_p2        |    or    |      0|  0|  15|           8|           7|
    |j_1_94_fu_6713_p2        |    or    |      0|  0|  15|           8|           7|
    |j_1_95_fu_6735_p2        |    or    |      0|  0|  15|           8|           7|
    |j_1_96_fu_6757_p2        |    or    |      0|  0|  15|           8|           7|
    |j_1_97_fu_6779_p2        |    or    |      0|  0|  15|           8|           7|
    |j_1_98_fu_6801_p2        |    or    |      0|  0|  15|           8|           7|
    |j_1_99_fu_6823_p2        |    or    |      0|  0|  15|           8|           7|
    |j_1_9_fu_4843_p2         |    or    |      0|  0|  15|           8|           4|
    |j_1_s_fu_4645_p2         |    or    |      0|  0|  15|           8|           1|
    +-------------------------+----------+-------+---+----+------------+------------+
    |Total                    |          |      0|  0|7219|        2076|        1824|
    +-------------------------+----------+-------+---+----+------------+------------+

    * Multiplexer: 
    +-------------------------------+------+-----------+-----+-----------+
    |              Name             |  LUT | Input Size| Bits| Total Bits|
    +-------------------------------+------+-----------+-----+-----------+
    |ap_NS_fsm                      |  2193|        656|    1|        656|
    |cos_coefficients_tab_address0  |   581|        129|    9|       1161|
    |grp_fu_4451_p0                 |    17|          4|   32|        128|
    |grp_fu_4455_p0                 |    17|          4|   32|        128|
    |grp_fu_4467_opcode             |    13|          3|    2|          6|
    |grp_fu_4467_p0                 |    13|          3|   64|        192|
    |grp_fu_4467_p1                 |    17|          4|   64|        256|
    |grp_fu_4471_p0                 |    13|          3|   64|        192|
    |grp_fu_4471_p1                 |    17|          4|   64|        256|
    |i_reg_4422                     |     9|          2|    9|         18|
    |input_imag_address0            |   581|        129|    8|       1032|
    |input_real_address0            |   581|        129|    8|       1032|
    |j_reg_4434                     |     9|          2|    9|         18|
    |sin_coefficients_tab_address0  |   581|        129|    9|       1161|
    +-------------------------------+------+-----------+-----+-----------+
    |Total                          |  4642|       1201|  375|       6236|
    +-------------------------------+------+-----------+-----+-----------+

    * Register: 
    +---------------------------+-----+----+-----+-----------+
    |            Name           |  FF | LUT| Bits| Const Bits|
    +---------------------------+-----+----+-----+-----------+
    |ap_CS_fsm                  |  655|   0|  655|          0|
    |i_1_reg_7442               |    9|   0|    9|          0|
    |i_reg_4422                 |    9|   0|    9|          0|
    |j_1_127_reg_7742           |    9|   0|    9|          0|
    |j_reg_4434                 |    9|   0|    9|          0|
    |reg_4503                   |   64|   0|   64|          0|
    |reg_4510                   |   64|   0|   64|          0|
    |reg_4517                   |   64|   0|   64|          0|
    |reg_4523                   |   64|   0|   64|          0|
    |reg_4529                   |   64|   0|   64|          0|
    |reg_4535                   |   64|   0|   64|          0|
    |reg_4541                   |   64|   0|   64|          0|
    |reg_4547                   |   64|   0|   64|          0|
    |reg_4563                   |   32|   0|   32|          0|
    |reg_4569                   |   32|   0|   32|          0|
    |reg_4575                   |   64|   0|   64|          0|
    |reg_4580                   |   64|   0|   64|          0|
    |sample_imag_addr_reg_7452  |    8|   0|    8|          0|
    |sample_imag_load_reg_7802  |   32|   0|   32|          0|
    |sample_real_addr_reg_7447  |    8|   0|    8|          0|
    |sample_real_load_reg_7792  |   32|   0|   32|          0|
    |tmp_12_reg_7797            |   64|   0|   64|          0|
    |tmp_16_reg_7457            |    8|   0|    8|          0|
    |tmp_18_reg_7611            |    8|   0|    8|          0|
    |tmp_s_reg_7787             |   64|   0|   64|          0|
    +---------------------------+-----+----+-----+-----------+
    |Total                      | 1619|   0| 1619|          0|
    +---------------------------+-----+----+-----+-----------+



================================================================
== Interface
================================================================
* Summary: 
+----------------------+-----+-----+------------+--------------+--------------+
|       RTL Ports      | Dir | Bits|  Protocol  | Source Object|    C Type    |
+----------------------+-----+-----+------------+--------------+--------------+
|ap_clk                |  in |    1| ap_ctrl_hs |      dft     | return value |
|ap_rst                |  in |    1| ap_ctrl_hs |      dft     | return value |
|ap_start              |  in |    1| ap_ctrl_hs |      dft     | return value |
|ap_done               | out |    1| ap_ctrl_hs |      dft     | return value |
|ap_idle               | out |    1| ap_ctrl_hs |      dft     | return value |
|ap_ready              | out |    1| ap_ctrl_hs |      dft     | return value |
|input_real_address0   | out |    8|  ap_memory |  input_real  |     array    |
|input_real_ce0        | out |    1|  ap_memory |  input_real  |     array    |
|input_real_q0         |  in |   32|  ap_memory |  input_real  |     array    |
|input_imag_address0   | out |    8|  ap_memory |  input_imag  |     array    |
|input_imag_ce0        | out |    1|  ap_memory |  input_imag  |     array    |
|input_imag_q0         |  in |   32|  ap_memory |  input_imag  |     array    |
|sample_real_address0  | out |    8|  ap_memory |  sample_real |     array    |
|sample_real_ce0       | out |    1|  ap_memory |  sample_real |     array    |
|sample_real_we0       | out |    1|  ap_memory |  sample_real |     array    |
|sample_real_d0        | out |   32|  ap_memory |  sample_real |     array    |
|sample_real_q0        |  in |   32|  ap_memory |  sample_real |     array    |
|sample_imag_address0  | out |    8|  ap_memory |  sample_imag |     array    |
|sample_imag_ce0       | out |    1|  ap_memory |  sample_imag |     array    |
|sample_imag_we0       | out |    1|  ap_memory |  sample_imag |     array    |
|sample_imag_d0        | out |   32|  ap_memory |  sample_imag |     array    |
|sample_imag_q0        |  in |   32|  ap_memory |  sample_imag |     array    |
+----------------------+-----+-----+------------+--------------+--------------+

