

================================================================
== Vivado HLS Report for 'dft'
================================================================
* Date:           Sun Nov  5 20:55:29 2017

* Version:        2017.3 (Build 2018833 on Wed Oct 04 20:30:40 MDT 2017)
* Project:        dft256-4
* Solution:       solution1
* Product family: kintex7
* Target device:  xc7k160tfbv484-2


================================================================
== Performance Estimates
================================================================
+ Timing (ns): 
    * Summary: 
    +--------+-------+----------+------------+
    |  Clock | Target| Estimated| Uncertainty|
    +--------+-------+----------+------------+
    |ap_clk  |  10.00|      8.41|        1.25|
    +--------+-------+----------+------------+

+ Latency (clock cycles): 
    * Summary: 
    +---------+---------+---------+---------+---------+
    |      Latency      |      Interval     | Pipeline|
    |   min   |   max   |   min   |   max   |   Type  |
    +---------+---------+---------+---------+---------+
    |  3215618|  3412226|  3215619|  3412227|   none  |
    +---------+---------+---------+---------+---------+

    + Detail: 
        * Instance: 
        +--------------------------------+---------------------+-----+-----+-----+-----+---------+
        |                                |                     |  Latency  |  Interval | Pipeline|
        |            Instance            |        Module       | min | max | min | max |   Type  |
        +--------------------------------+---------------------+-----+-----+-----+-----+---------+
        |grp_sin_or_cos_double_s_fu_193  |sin_or_cos_double_s  |   23|   26|   23|   26|   none  |
        |grp_sin_or_cos_double_s_fu_212  |sin_or_cos_double_s  |   23|   26|   23|   26|   none  |
        +--------------------------------+---------------------+-----+-----+-----+-----+---------+

        * Loop: 
        +-------------+---------+---------+---------------+-----------+-----------+------+----------+
        |             |      Latency      |   Iteration   |  Initiation Interval  | Trip |          |
        |  Loop Name  |   min   |   max   |    Latency    |  achieved |   target  | Count| Pipelined|
        +-------------+---------+---------+---------------+-----------+-----------+------+----------+
        |- Loop 1     |  3215104|  3411712| 12559 ~ 13327 |          -|          -|   256|    no    |
        | + Loop 1.1  |    12544|    13312|    49 ~ 52    |          -|          -|   256|    no    |
        |- Loop 2     |      512|      512|              2|          -|          -|   256|    no    |
        +-------------+---------+---------+---------------+-----------+-----------+------+----------+



================================================================
== Utilization Estimates
================================================================
* Summary: 
+-----------------+---------+-------+--------+--------+
|       Name      | BRAM_18K| DSP48E|   FF   |   LUT  |
+-----------------+---------+-------+--------+--------+
|DSP              |        -|      -|       -|       -|
|Expression       |        -|      -|       0|      95|
|FIFO             |        -|      -|       -|       -|
|Instance         |       16|    190|    7988|   16227|
|Memory           |        4|      -|       0|       0|
|Multiplexer      |        -|      -|       -|     440|
|Register         |        -|      -|    1020|       -|
+-----------------+---------+-------+--------+--------+
|Total            |       20|    190|    9008|   16762|
+-----------------+---------+-------+--------+--------+
|Available        |      650|    600|  202800|  101400|
+-----------------+---------+-------+--------+--------+
|Utilization (%)  |        3|     31|       4|      16|
+-----------------+---------+-------+--------+--------+

+ Detail: 
    * Instance: 
    +--------------------------------+----------------------+---------+-------+------+------+
    |            Instance            |        Module        | BRAM_18K| DSP48E|  FF  |  LUT |
    +--------------------------------+----------------------+---------+-------+------+------+
    |dft_dadd_64ns_64nlbW_U27        |dft_dadd_64ns_64nlbW  |        0|      3|   445|   782|
    |dft_dadddsub_64nskbM_U26        |dft_dadddsub_64nskbM  |        0|      3|   445|   782|
    |dft_dmul_64ns_64nmb6_U28        |dft_dmul_64ns_64nmb6  |        0|     11|   299|   203|
    |dft_dmul_64ns_64nmb6_U29        |dft_dmul_64ns_64nmb6  |        0|     11|   299|   203|
    |dft_dmul_64ns_64nmb6_U30        |dft_dmul_64ns_64nmb6  |        0|     11|   299|   203|
    |dft_dmul_64ns_64nmb6_U31        |dft_dmul_64ns_64nmb6  |        0|     11|   299|   203|
    |dft_fpext_32ns_64jbC_U24        |dft_fpext_32ns_64jbC  |        0|      0|   100|   138|
    |dft_fpext_32ns_64jbC_U25        |dft_fpext_32ns_64jbC  |        0|      0|   100|   138|
    |dft_fptrunc_64ns_ibs_U22        |dft_fptrunc_64ns_ibs  |        0|      0|   128|    94|
    |dft_fptrunc_64ns_ibs_U23        |dft_fptrunc_64ns_ibs  |        0|      0|   128|    94|
    |dft_sitodp_32ns_6ncg_U32        |dft_sitodp_32ns_6ncg  |        0|      0|   260|   425|
    |grp_sin_or_cos_double_s_fu_193  |sin_or_cos_double_s   |        8|     70|  2593|  6481|
    |grp_sin_or_cos_double_s_fu_212  |sin_or_cos_double_s   |        8|     70|  2593|  6481|
    +--------------------------------+----------------------+---------+-------+------+------+
    |Total                           |                      |       16|    190|  7988| 16227|
    +--------------------------------+----------------------+---------+-------+------+------+

    * DSP48: 
    N/A

    * Memory: 
    +-------------+---------------+---------+---+----+------+-----+------+-------------+
    |    Memory   |     Module    | BRAM_18K| FF| LUT| Words| Bits| Banks| W*Bits*Banks|
    +-------------+---------------+---------+---+----+------+-----+------+-------------+
    |temp_real_U  |dft_temp_real  |        2|  0|   0|   256|   64|     1|        16384|
    |temp_imag_U  |dft_temp_real  |        2|  0|   0|   256|   64|     1|        16384|
    +-------------+---------------+---------+---+----+------+-----+------+-------------+
    |Total        |               |        4|  0|   0|   512|  128|     2|        32768|
    +-------------+---------------+---------+---+----+------+-----+------+-------------+

    * FIFO: 
    N/A

    * Expression: 
    +----------------------------------+----------+-------+---+----+------------+------------+
    |           Variable Name          | Operation| DSP48E| FF| LUT| Bitwidth P0| Bitwidth P1|
    +----------------------------------+----------+-------+---+----+------------+------------+
    |i_4_fu_352_p2                     |     +    |      0|  0|  16|           9|           1|
    |i_5_fu_311_p2                     |     +    |      0|  0|  16|           9|           1|
    |j_1_fu_334_p2                     |     +    |      0|  0|  16|           9|           1|
    |exitcond1_fu_328_p2               |   icmp   |      0|  0|  13|           9|          10|
    |exitcond2_fu_305_p2               |   icmp   |      0|  0|  13|           9|          10|
    |exitcond_fu_346_p2                |   icmp   |      0|  0|  13|           9|          10|
    |ap_block_state26_on_subcall_done  |    or    |      0|  0|   8|           1|           1|
    +----------------------------------+----------+-------+---+----+------------+------------+
    |Total                             |          |      0|  0|  95|          55|          34|
    +----------------------------------+----------+-------+---+----+------------+------------+

    * Multiplexer: 
    +----------------------+-----+-----------+-----+-----------+
    |         Name         | LUT | Input Size| Bits| Total Bits|
    +----------------------+-----+-----------+-----+-----------+
    |ap_NS_fsm             |  193|         44|    1|         44|
    |grp_fu_249_opcode     |   13|          3|    2|          6|
    |grp_fu_249_p0         |   13|          3|   64|        192|
    |grp_fu_249_p1         |   13|          3|   64|        192|
    |grp_fu_253_p0         |   13|          3|   64|        192|
    |grp_fu_253_p1         |   13|          3|   64|        192|
    |grp_fu_261_p0         |   17|          4|   64|        256|
    |grp_fu_261_p1         |   21|          5|   64|        320|
    |grp_fu_279_p0         |   13|          3|   32|         96|
    |i_1_reg_182           |    9|          2|    9|         18|
    |i_reg_134             |    9|          2|    9|         18|
    |imag_sample_address0  |   13|          3|    8|         24|
    |j_reg_170             |    9|          2|    9|         18|
    |real_sample_address0  |   13|          3|    8|         24|
    |temp_imag_address0    |   17|          4|    8|         32|
    |temp_imag_d0          |   13|          3|   64|        192|
    |temp_real_address0    |   17|          4|    8|         32|
    |temp_real_d0          |   13|          3|   64|        192|
    |tmp_3_reg_146         |    9|          2|   64|        128|
    |tmp_4_reg_158         |    9|          2|   64|        128|
    +----------------------+-----+-----------+-----+-----------+
    |Total                 |  440|        101|  734|       2296|
    +----------------------+-----+-----------+-----+-----------+

    * Register: 
    +------------------------------------------------+----+----+-----+-----------+
    |                      Name                      | FF | LUT| Bits| Const Bits|
    +------------------------------------------------+----+----+-----+-----------+
    |ap_CS_fsm                                       |  43|   0|   43|          0|
    |ap_reg_grp_sin_or_cos_double_s_fu_193_ap_start  |   1|   0|    1|          0|
    |ap_reg_grp_sin_or_cos_double_s_fu_212_ap_start  |   1|   0|    1|          0|
    |c_reg_410                                       |  64|   0|   64|          0|
    |i_1_reg_182                                     |   9|   0|    9|          0|
    |i_4_reg_472                                     |   9|   0|    9|          0|
    |i_5_reg_372                                     |   9|   0|    9|          0|
    |i_reg_134                                       |   9|   0|    9|          0|
    |j_1_reg_395                                     |   9|   0|    9|          0|
    |j_reg_170                                       |   9|   0|    9|          0|
    |reg_282                                         |  64|   0|   64|          0|
    |reg_287                                         |  64|   0|   64|          0|
    |reg_293                                         |  64|   0|   64|          0|
    |s_reg_416                                       |  64|   0|   64|          0|
    |temp_imag_addr_reg_382                          |   8|   0|    8|          0|
    |temp_real_addr_reg_377                          |   8|   0|    8|          0|
    |tmp_10_reg_422                                  |  64|   0|   64|          0|
    |tmp_12_reg_428                                  |  64|   0|   64|          0|
    |tmp_13_reg_434                                  |  64|   0|   64|          0|
    |tmp_14_reg_449                                  |  64|   0|   64|          0|
    |tmp_16_reg_439                                  |  64|   0|   64|          0|
    |tmp_17_reg_444                                  |  64|   0|   64|          0|
    |tmp_18_reg_454                                  |  64|   0|   64|          0|
    |tmp_3_reg_146                                   |  64|   0|   64|          0|
    |tmp_4_reg_158                                   |  64|   0|   64|          0|
    |tmp_5_reg_477                                   |   9|   0|   64|         55|
    +------------------------------------------------+----+----+-----+-----------+
    |Total                                           |1020|   0| 1075|         55|
    +------------------------------------------------+----+----+-----+-----------+



================================================================
== Interface
================================================================
* Summary: 
+----------------------+-----+-----+------------+--------------+--------------+
|       RTL Ports      | Dir | Bits|  Protocol  | Source Object|    C Type    |
+----------------------+-----+-----+------------+--------------+--------------+
|ap_clk                |  in |    1| ap_ctrl_hs |      dft     | return value |
|ap_rst                |  in |    1| ap_ctrl_hs |      dft     | return value |
|ap_start              |  in |    1| ap_ctrl_hs |      dft     | return value |
|ap_done               | out |    1| ap_ctrl_hs |      dft     | return value |
|ap_idle               | out |    1| ap_ctrl_hs |      dft     | return value |
|ap_ready              | out |    1| ap_ctrl_hs |      dft     | return value |
|real_sample_address0  | out |    8|  ap_memory |  real_sample |     array    |
|real_sample_ce0       | out |    1|  ap_memory |  real_sample |     array    |
|real_sample_we0       | out |    1|  ap_memory |  real_sample |     array    |
|real_sample_d0        | out |   32|  ap_memory |  real_sample |     array    |
|real_sample_q0        |  in |   32|  ap_memory |  real_sample |     array    |
|imag_sample_address0  | out |    8|  ap_memory |  imag_sample |     array    |
|imag_sample_ce0       | out |    1|  ap_memory |  imag_sample |     array    |
|imag_sample_we0       | out |    1|  ap_memory |  imag_sample |     array    |
|imag_sample_d0        | out |   32|  ap_memory |  imag_sample |     array    |
|imag_sample_q0        |  in |   32|  ap_memory |  imag_sample |     array    |
+----------------------+-----+-----+------------+--------------+--------------+

