

================================================================
== Vivado HLS Report for 'cordiccart2pol'
================================================================
* Date:           Mon Oct 23 18:43:23 2017

* Version:        2017.2 (Build 1909853 on Thu Jun 15 18:55:24 MDT 2017)
* Project:        cordic_cart2_polar
* Solution:       solution3_pipeline
* Product family: kintex7
* Target device:  xc7k160tfbg484-2


================================================================
== Performance Estimates
================================================================
+ Timing (ns): 
    * Summary: 
    +--------+-------+----------+------------+
    |  Clock | Target| Estimated| Uncertainty|
    +--------+-------+----------+------------+
    |ap_clk  |  10.00|      8.31|        1.25|
    +--------+-------+----------+------------+

+ Latency (clock cycles): 
    * Summary: 
    +-----+-----+-----+-----+----------+
    |  Latency  |  Interval | Pipeline |
    | min | max | min | max |   Type   |
    +-----+-----+-----+-----+----------+
    |    8|    8|    1|    1| function |
    +-----+-----+-----+-----+----------+

    + Detail: 
        * Instance: 
        N/A

        * Loop: 
        N/A



================================================================
== Utilization Estimates
================================================================
* Summary: 
+-----------------+---------+-------+--------+--------+
|       Name      | BRAM_18K| DSP48E|   FF   |   LUT  |
+-----------------+---------+-------+--------+--------+
|DSP              |        -|      -|       -|       -|
|Expression       |        -|      2|    4424|    2360|
|FIFO             |        -|      -|       -|       -|
|Instance         |        -|      -|       -|       -|
|Memory           |        -|      -|       -|       -|
|Multiplexer      |        -|      -|       -|       -|
|Register         |        -|      -|     463|       -|
+-----------------+---------+-------+--------+--------+
|Total            |        0|      2|    4887|    2360|
+-----------------+---------+-------+--------+--------+
|Available        |      650|    600|  202800|  101400|
+-----------------+---------+-------+--------+--------+
|Utilization (%)  |        0|   ~0  |       2|       2|
+-----------------+---------+-------+--------+--------+

+ Detail: 
    * Instance: 
    N/A

    * DSP48: 
    N/A

    * Memory: 
    N/A

    * FIFO: 
    N/A

    * Expression: 
    +----------------------------------+----------+-------+-----+----+------------+------------+
    |           Variable Name          | Operation| DSP48E|  FF | LUT| Bitwidth P0| Bitwidth P1|
    +----------------------------------+----------+-------+-----+----+------------+------------+
    |mul_fu_2348_p2                    |     *    |      2|    0|   0|          23|          22|
    |p_Val2_11_cast_fu_436_p2          |     +    |      0|   74|  28|          23|          23|
    |p_Val2_15_2_fu_764_p2             |     +    |      0|   92|  34|          29|          29|
    |p_Val2_15_3_fu_952_p2             |     +    |      0|   92|  34|          29|          29|
    |p_Val2_15_4_fu_1118_p2            |     +    |      0|   92|  34|          29|          29|
    |p_Val2_15_5_fu_1310_p2            |     +    |      0|   92|  34|          29|          29|
    |p_Val2_15_6_fu_1504_p2            |     +    |      0|   92|  34|          29|          29|
    |p_Val2_15_7_fu_1672_p2            |     +    |      0|   92|  34|          29|          29|
    |p_Val2_15_8_fu_1857_p2            |     +    |      0|   92|  34|          29|          29|
    |p_Val2_15_9_fu_2026_p2            |     +    |      0|   74|  28|          23|          23|
    |p_Val2_15_s_fu_2182_p2            |     +    |      0|   74|  28|          23|          23|
    |p_Val2_1_fu_2322_p2               |     +    |      0|   44|  18|          13|           1|
    |p_Val2_25_10_fu_2331_p2           |     +    |      0|   44|  18|          13|          13|
    |p_Val2_25_1_fu_566_p2             |     +    |      0|   44|  18|          13|          13|
    |p_Val2_25_2_fu_712_p2             |     +    |      0|   44|  18|          13|          13|
    |p_Val2_25_3_fu_903_p2             |     +    |      0|   44|  18|          13|          13|
    |p_Val2_25_4_fu_1167_p2            |     +    |      0|   44|  18|          13|          13|
    |p_Val2_25_5_fu_1258_p2            |     +    |      0|   44|  18|          13|          13|
    |p_Val2_25_6_fu_1472_p2            |     +    |      0|   44|  18|          13|          13|
    |p_Val2_25_7_fu_1620_p2            |     +    |      0|   44|  18|          13|          13|
    |p_Val2_25_8_fu_1819_p2            |     +    |      0|   44|  18|          13|          13|
    |p_Val2_25_9_fu_1982_p2            |     +    |      0|   44|  18|          13|          13|
    |p_Val2_25_s_fu_2147_p2            |     +    |      0|   44|  18|          13|          13|
    |p_Val2_26_1_fu_616_p2             |     +    |      0|   44|  18|          13|          13|
    |p_Val2_26_2_fu_792_p2             |     +    |      0|   44|  18|          13|          13|
    |p_Val2_26_3_fu_980_p2             |     +    |      0|   44|  18|          13|          13|
    |p_Val2_26_4_fu_1175_p2            |     +    |      0|   44|  18|          13|          13|
    |p_Val2_26_5_fu_1338_p2            |     +    |      0|   44|  18|          13|          13|
    |p_Val2_26_6_fu_1523_p2            |     +    |      0|   44|  18|          13|          13|
    |p_Val2_26_7_fu_1700_p2            |     +    |      0|   44|  18|          13|          13|
    |p_Val2_26_8_fu_1885_p2            |     +    |      0|   44|  18|          13|          13|
    |p_Val2_26_9_fu_2061_p2            |     +    |      0|   44|  18|          13|          13|
    |p_Val2_26_s_fu_2210_p2            |     +    |      0|   44|  18|          13|          13|
    |p_Val2_2_fu_430_p2                |     +    |      0|   80|  30|          25|          25|
    |p_Val2_7_fu_370_p2                |     +    |      0|   44|  18|          13|          13|
    |r_V                               |     +    |      0|   44|  18|          13|          13|
    |tmp_20_fu_592_p2                  |     +    |      0|   74|  28|          23|          23|
    |mf7_1_fu_496_p2                   |     -    |      0|   47|  19|           1|          14|
    |mf7_2_fu_722_p2                   |     -    |      0|   47|  19|           1|          14|
    |mf7_3_fu_912_p2                   |     -    |      0|   47|  19|           1|          14|
    |mf7_4_fu_1076_p2                  |     -    |      0|   47|  19|           1|          14|
    |mf7_5_fu_1268_p2                  |     -    |      0|   47|  19|           1|          14|
    |mf7_6_fu_1374_p2                  |     -    |      0|   47|  19|           1|          14|
    |mf7_7_fu_1630_p2                  |     -    |      0|   47|  19|           1|          14|
    |mf7_8_fu_1726_p2                  |     -    |      0|   47|  19|           1|          14|
    |mf7_9_fu_1992_p2                  |     -    |      0|   47|  19|           1|          14|
    |mf7_fu_380_p2                     |     -    |      0|   47|  19|           1|          14|
    |mf7_s_fu_2156_p2                  |     -    |      0|   47|  19|           1|          14|
    |mf_10_fu_2250_p2                  |     -    |      0|   47|  19|           1|          14|
    |mf_1_fu_486_p2                    |     -    |      0|   47|  19|           1|          14|
    |mf_2_fu_646_p2                    |     -    |      0|   47|  19|           1|          14|
    |mf_3_fu_839_p2                    |     -    |      0|   47|  19|           1|          14|
    |mf_4_fu_1010_p2                   |     -    |      0|   47|  19|           1|          14|
    |mf_5_fu_1192_p2                   |     -    |      0|   47|  19|           1|          14|
    |mf_6_fu_1364_p2                   |     -    |      0|   47|  19|           1|          14|
    |mf_7_fu_1554_p2                   |     -    |      0|   47|  19|           1|          14|
    |mf_8_fu_1755_p2                   |     -    |      0|   47|  19|           1|          14|
    |mf_9_fu_1916_p2                   |     -    |      0|   47|  19|           1|          14|
    |mf_fu_308_p2                      |     -    |      0|   47|  19|           1|          14|
    |mf_s_fu_2090_p2                   |     -    |      0|   47|  19|           1|          14|
    |neg_mul_fu_2372_p2                |     -    |      0|  140|  50|           1|          45|
    |neg_ti_fu_2401_p2                 |     -    |      0|   71|  27|           1|          22|
    |p_Val2_11_fu_468_p2               |     -    |      0|   47|  19|          14|          14|
    |p_Val2_23_1_fu_629_p2             |     -    |      0|    0|  14|          14|          14|
    |p_Val2_23_2_fu_814_p2             |     -    |      0|    0|  14|          14|          14|
    |p_Val2_23_3_fu_993_p2             |     -    |      0|    0|  14|          14|          14|
    |p_Val2_23_4_fu_1158_p2            |     -    |      0|    0|  14|          14|          14|
    |p_Val2_23_5_fu_1411_p2            |     -    |      0|    0|  14|          14|          14|
    |p_Val2_23_6_fu_1536_p2            |     -    |      0|    0|  14|          14|          14|
    |p_Val2_23_7_fu_1747_p2            |     -    |      0|    0|  14|          14|          14|
    |p_Val2_23_8_fu_1898_p2            |     -    |      0|    0|  14|          14|          14|
    |p_Val2_23_9_fu_2073_p2            |     -    |      0|    0|  14|          14|          14|
    |p_Val2_23_s_fu_2232_p2            |     -    |      0|    0|  14|          14|          14|
    |p_Val2_3_fu_230_p2                |     -    |      0|   44|  18|           1|          13|
    |p_Val2_9_10_fu_2280_p2            |     -    |      0|   77|  29|          24|          24|
    |p_Val2_9_1_fu_538_p2              |     -    |      0|   77|  29|          24|          24|
    |p_Val2_9_2_fu_684_p2              |     -    |      0|   77|  29|          24|          24|
    |p_Val2_9_3_fu_875_p2              |     -    |      0|   77|  29|          24|          24|
    |p_Val2_9_4_fu_1048_p2             |     -    |      0|   77|  29|          24|          24|
    |p_Val2_9_5_fu_1230_p2             |     -    |      0|   77|  29|          24|          24|
    |p_Val2_9_6_fu_1444_p2             |     -    |      0|   77|  29|          24|          24|
    |p_Val2_9_7_fu_1592_p2             |     -    |      0|   77|  29|          24|          24|
    |p_Val2_9_8_fu_1791_p2             |     -    |      0|   77|  29|          24|          24|
    |p_Val2_9_9_fu_1954_p2             |     -    |      0|   77|  29|          24|          24|
    |p_Val2_9_fu_342_p2                |     -    |      0|   77|  29|          24|          24|
    |p_Val2_9_s_fu_2119_p2             |     -    |      0|   77|  29|          24|          24|
    |tmp_3_fu_260_p2                   |     -    |      0|   41|  17|           1|          12|
    |ap_block_pp0_stage0_flag00001001  |    and   |      0|    0|   2|           1|           1|
    |op_V_read_assign_fu_236_p3        |  select  |      0|    0|  13|           1|          13|
    |p_Val2_12_fu_2407_p3              |  select  |      0|    0|  22|           1|          22|
    |r_V_1_1_fu_572_p3                 |  select  |      0|    0|  14|           1|          14|
    |r_V_1_2_fu_728_p3                 |  select  |      0|    0|  14|           1|          14|
    |r_V_1_3_fu_918_p3                 |  select  |      0|    0|  14|           1|          14|
    |r_V_1_4_fu_1082_p3                |  select  |      0|    0|  14|           1|          14|
    |r_V_1_5_fu_1274_p3                |  select  |      0|    0|  14|           1|          14|
    |r_V_1_6_fu_1380_p3                |  select  |      0|    0|  14|           1|          14|
    |r_V_1_7_fu_1636_p3                |  select  |      0|    0|  14|           1|          14|
    |r_V_1_8_fu_1825_p3                |  select  |      0|    0|  14|           1|          14|
    |r_V_1_9_fu_1998_p3                |  select  |      0|    0|  14|           1|          14|
    |r_V_1_fu_2256_p3                  |  select  |      0|    0|  14|           1|          14|
    |r_V_1_s_fu_2162_p3                |  select  |      0|    0|  14|           1|          14|
    |r_V_s_fu_2096_p3                  |  select  |      0|    0|  14|           1|          14|
    |theta_temp_V_cast_ca_fu_252_p3    |  select  |      0|    0|  13|           1|          13|
    |tmp_12_fu_386_p3                  |  select  |      0|    0|  14|           1|          14|
    |tmp_18_fu_510_p3                  |  select  |      0|    0|  14|           1|          14|
    |tmp_24_fu_652_p3                  |  select  |      0|    0|  14|           1|          14|
    |tmp_25_fu_845_p3                  |  select  |      0|    0|  14|           1|          14|
    |tmp_27_fu_1016_p3                 |  select  |      0|    0|  14|           1|          14|
    |tmp_29_fu_1198_p3                 |  select  |      0|    0|  14|           1|          14|
    |tmp_31_fu_1416_p3                 |  select  |      0|    0|  14|           1|          14|
    |tmp_33_fu_1560_p3                 |  select  |      0|    0|  14|           1|          14|
    |tmp_35_fu_1761_p3                 |  select  |      0|    0|  14|           1|          14|
    |tmp_37_fu_1922_p3                 |  select  |      0|    0|  14|           1|          14|
    |tmp_38_1_cast_cast_fu_622_p3      |  select  |      0|    0|  11|           1|          10|
    |tmp_38_2_cast_cast_fu_806_p3      |  select  |      0|    0|  10|           1|           9|
    |tmp_38_3_cast_cast_fu_986_p3      |  select  |      0|    0|   9|           1|           8|
    |tmp_38_4_cast_cast_fu_1150_p3     |  select  |      0|    0|   9|           1|           8|
    |tmp_38_5_cast_cast_fu_1404_p3     |  select  |      0|    0|   8|           1|           7|
    |tmp_38_6_cast_cast_fu_1529_p3     |  select  |      0|    0|   7|           1|           6|
    |tmp_38_7_cast_cast_fu_1740_p3     |  select  |      0|    0|   6|           1|           5|
    |tmp_38_8_cast_cast_fu_1891_p3     |  select  |      0|    0|   5|           1|           4|
    |tmp_38_9_cast_cast_fu_2066_p3     |  select  |      0|    0|   4|           1|           3|
    |tmp_38_cast_cast_20_fu_2224_p3    |  select  |      0|    0|   3|           1|           2|
    |tmp_38_cast_cast_fu_460_p3        |  select  |      0|    0|  12|           1|          11|
    |tmp_40_fu_2394_p3                 |  select  |      0|    0|  22|           1|          22|
    |tmp_4_fu_270_p3                   |  select  |      0|    0|  12|           1|          12|
    |tmp_s_fu_314_p3                   |  select  |      0|    0|  14|           1|          14|
    |ap_enable_pp0                     |    xor   |      0|    0|   2|           1|           2|
    +----------------------------------+----------+-------+-----+----+------------+------------+
    |Total                             |          |      2| 4424|2360|        1165|        1978|
    +----------------------------------+----------+-------+-----+----+------------+------------+

    * Multiplexer: 
    N/A

    * Register: 
    +---------------------------------------+----+----+-----+-----------+
    |                  Name                 | FF | LUT| Bits| Const Bits|
    +---------------------------------------+----+----+-----+-----------+
    |OP1_V_2_1_cast_reg_2470                |  14|   0|   14|          0|
    |OP1_V_2_8_cast_reg_2610                |  14|   0|   14|          0|
    |OP1_V_6_cast_reg_2558                  |  14|   0|   14|          0|
    |OP1_V_cast_16_reg_2460                 |  13|   0|   14|          1|
    |ap_CS_fsm                              |   1|   0|    1|          0|
    |ap_enable_reg_pp0_iter1                |   1|   0|    1|          0|
    |ap_enable_reg_pp0_iter2                |   1|   0|    1|          0|
    |ap_enable_reg_pp0_iter3                |   1|   0|    1|          0|
    |ap_enable_reg_pp0_iter4                |   1|   0|    1|          0|
    |ap_enable_reg_pp0_iter5                |   1|   0|    1|          0|
    |ap_enable_reg_pp0_iter6                |   1|   0|    1|          0|
    |ap_enable_reg_pp0_iter7                |   1|   0|    1|          0|
    |ap_enable_reg_pp0_iter8                |   1|   0|    1|          0|
    |ap_reg_pp0_iter3_p_Val2_23_4_reg_2533  |  12|   0|   14|          2|
    |ap_reg_pp0_iter7_p_Val2_1_reg_2661     |  12|   0|   13|          1|
    |mf7_1_reg_2475                         |  14|   0|   14|          0|
    |mf7_8_reg_2615                         |  14|   0|   14|          0|
    |mf_1_reg_2465                          |  13|   0|   14|          1|
    |mf_6_reg_2563                          |  14|   0|   14|          0|
    |mul_reg_2666                           |  36|   0|   45|          9|
    |p_Val2_10_10_reg_2651                  |  13|   0|   13|          0|
    |p_Val2_10_4_reg_2513                   |  13|   0|   13|          0|
    |p_Val2_10_reg_2444                     |  12|   0|   13|          1|
    |p_Val2_11_reg_2449                     |  12|   0|   14|          2|
    |p_Val2_16_4_reg_2523                   |  13|   0|   13|          0|
    |p_Val2_16_9_reg_2636                   |  13|   0|   13|          0|
    |p_Val2_1_reg_2661                      |  12|   0|   13|          1|
    |p_Val2_23_2_reg_2497                   |  12|   0|   14|          2|
    |p_Val2_23_4_reg_2533                   |  12|   0|   14|          2|
    |p_Val2_23_6_reg_2583                   |  12|   0|   14|          2|
    |p_Val2_23_8_reg_2625                   |  12|   0|   14|          2|
    |p_Val2_25_2_reg_2485                   |  13|   0|   13|          0|
    |p_Val2_25_5_reg_2538                   |  13|   0|   13|          0|
    |p_Val2_25_7_reg_2588                   |  13|   0|   13|          0|
    |p_Val2_25_9_reg_2630                   |  13|   0|   13|          0|
    |p_Val2_26_2_reg_2491                   |  13|   0|   13|          0|
    |p_Val2_26_5_reg_2543                   |  13|   0|   13|          0|
    |p_Val2_26_7_reg_2593                   |  13|   0|   13|          0|
    |p_Val2_7_reg_2439                      |  13|   0|   13|          0|
    |r_V_1_6_reg_2568                       |  14|   0|   14|          0|
    |tmp_17_reg_2454                        |   1|   0|    1|          0|
    |tmp_22_reg_2480                        |   1|   0|    1|          0|
    |tmp_36_reg_2502                        |   1|   0|    1|          0|
    |tmp_43_reg_2508                        |   1|   0|    1|          0|
    |tmp_45_reg_2518                        |   1|   0|    1|          0|
    |tmp_46_reg_2528                        |   1|   0|    1|          0|
    |tmp_51_reg_2548                        |   1|   0|    1|          0|
    |tmp_52_reg_2553                        |   1|   0|    1|          0|
    |tmp_54_reg_2573                        |   1|   0|    1|          0|
    |tmp_55_reg_2578                        |   1|   0|    1|          0|
    |tmp_59_reg_2599                        |   1|   0|    1|          0|
    |tmp_60_reg_2604                        |   1|   0|    1|          0|
    |tmp_63_reg_2620                        |   1|   0|    1|          0|
    |tmp_66_reg_2641                        |   1|   0|    1|          0|
    |tmp_67_reg_2646                        |   1|   0|    1|          0|
    |tmp_73_reg_2656                        |   1|   0|    1|          0|
    |tmp_75_reg_2671                        |   1|   0|    1|          0|
    |tmp_77_reg_2677                        |  13|   0|   13|          0|
    +---------------------------------------+----+----+-----+-----------+
    |Total                                  | 463|   0|  489|         26|
    +---------------------------------------+----+----+-----+-----------+



================================================================
== Interface
================================================================
* Summary: 
+----------------+-----+-----+------------+----------------+--------------+
|    RTL Ports   | Dir | Bits|  Protocol  |  Source Object |    C Type    |
+----------------+-----+-----+------------+----------------+--------------+
|ap_clk          |  in |    1| ap_ctrl_hs | cordiccart2pol | return value |
|ap_rst          |  in |    1| ap_ctrl_hs | cordiccart2pol | return value |
|ap_start        |  in |    1| ap_ctrl_hs | cordiccart2pol | return value |
|ap_done         | out |    1| ap_ctrl_hs | cordiccart2pol | return value |
|ap_idle         | out |    1| ap_ctrl_hs | cordiccart2pol | return value |
|ap_ready        | out |    1| ap_ctrl_hs | cordiccart2pol | return value |
|x_V             |  in |   13|   ap_none  |       x_V      |    scalar    |
|y_V             |  in |   13|   ap_none  |       y_V      |    scalar    |
|r_V             | out |   13|   ap_vld   |       r_V      |    pointer   |
|r_V_ap_vld      | out |    1|   ap_vld   |       r_V      |    pointer   |
|theta_V         | out |   13|   ap_vld   |     theta_V    |    pointer   |
|theta_V_ap_vld  | out |    1|   ap_vld   |     theta_V    |    pointer   |
+----------------+-----+-----+------------+----------------+--------------+

