

================================================================
== Vivado HLS Report for 'fft_stages16'
================================================================
* Date:           Thu Nov 16 22:41:25 2017

* Version:        2017.2 (Build 1909853 on Thu Jun 15 18:55:24 MDT 2017)
* Project:        fft
* Solution:       solution1
* Product family: kintex7
* Target device:  xc7k70tfbg484-2


================================================================
== Performance Estimates
================================================================
+ Timing (ns): 
    * Summary: 
    +--------+-------+----------+------------+
    |  Clock | Target| Estimated| Uncertainty|
    +--------+-------+----------+------------+
    |ap_clk  |  10.00|      8.70|        1.25|
    +--------+-------+----------+------------+

+ Latency (clock cycles): 
    * Summary: 
    +------+------+------+------+---------+
    |   Latency   |   Interval  | Pipeline|
    |  min |  max |  min |  max |   Type  |
    +------+------+------+------+---------+
    |  1561|  1561|  1561|  1561|   none  |
    +------+------+------+------+---------+

    + Detail: 
        * Instance: 
        N/A

        * Loop: 
        +-------------+------+------+----------+-----------+-----------+------+----------+
        |             |   Latency   | Iteration|  Initiation Interval  | Trip |          |
        |  Loop Name  |  min |  max |  Latency |  achieved |   target  | Count| Pipelined|
        +-------------+------+------+----------+-----------+-----------+------+----------+
        |- butterfly  |  1559|  1559|        27|          3|          1|   512|    yes   |
        +-------------+------+------+----------+-----------+-----------+------+----------+



================================================================
== Utilization Estimates
================================================================
* Summary: 
+-----------------+---------+-------+-------+-------+
|       Name      | BRAM_18K| DSP48E|   FF  |  LUT  |
+-----------------+---------+-------+-------+-------+
|DSP              |        -|      4|      -|      -|
|Expression       |        -|      -|    560|   1366|
|FIFO             |        -|      -|      -|      -|
|Instance         |        -|     10|   1838|   1474|
|Memory           |       24|      -|      0|      0|
|Multiplexer      |        -|      -|      -|   1266|
|Register         |        -|      -|   2577|    800|
+-----------------+---------+-------+-------+-------+
|Total            |       24|     14|   4975|   4906|
+-----------------+---------+-------+-------+-------+
|Available        |      270|    240|  84400|  42200|
+-----------------+---------+-------+-------+-------+
|Utilization (%)  |        8|      5|      5|     11|
+-----------------+---------+-------+-------+-------+

+ Detail: 
    * Instance: 
    +-----------------------------+----------------------+---------+-------+-----+-----+
    |           Instance          |        Module        | BRAM_18K| DSP48E|  FF | LUT |
    +-----------------------------+----------------------+---------+-------+-----+-----+
    |fft_faddfsub_32nsdEe_x_U407  |fft_faddfsub_32nsdEe  |        0|      2|  227|  214|
    |fft_faddfsub_32nsdEe_x_U408  |fft_faddfsub_32nsdEe  |        0|      2|  227|  214|
    |fft_fmul_32ns_32ng8j_x_U409  |fft_fmul_32ns_32ng8j  |        0|      3|  128|  135|
    |fft_fmul_32ns_32ng8j_x_U410  |fft_fmul_32ns_32ng8j  |        0|      3|  128|  135|
    |fft_urem_10ns_8nsbkb_x_U411  |fft_urem_10ns_8nsbkb  |        0|      0|  282|  194|
    |fft_urem_10ns_8nsbkb_x_U412  |fft_urem_10ns_8nsbkb  |        0|      0|  282|  194|
    |fft_urem_10ns_8nsbkb_x_U413  |fft_urem_10ns_8nsbkb  |        0|      0|  282|  194|
    |fft_urem_10ns_8nsbkb_x_U414  |fft_urem_10ns_8nsbkb  |        0|      0|  282|  194|
    +-----------------------------+----------------------+---------+-------+-----+-----+
    |Total                        |                      |        0|     10| 1838| 1474|
    +-----------------------------+----------------------+---------+-------+-----+-----+

    * DSP48: 
    +-----------------------------+----------------------+-----------+
    |           Instance          |        Module        | Expression|
    +-----------------------------+----------------------+-----------+
    |fft_mul_mul_10ns_cud_x_U416  |fft_mul_mul_10ns_cud  |  i0 * i1  |
    |fft_mul_mul_10ns_cud_x_U418  |fft_mul_mul_10ns_cud  |  i0 * i1  |
    |fft_mul_mul_12ns_ibs_x_U415  |fft_mul_mul_12ns_ibs  |  i0 * i1  |
    |fft_mul_mul_12ns_ibs_x_U417  |fft_mul_mul_12ns_ibs  |  i0 * i1  |
    +-----------------------------+----------------------+-----------+

    * Memory: 
    +------------+----------------------+---------+---+----+------+-----+------+-------------+
    |   Memory   |        Module        | BRAM_18K| FF| LUT| Words| Bits| Banks| W*Bits*Banks|
    +------------+----------------------+---------+---+----+------+-----+------+-------------+
    |W_imag32_U  |fft_stages10_W_imlbW  |        1|  0|   0|   512|   32|     1|        16384|
    |W_real40_U  |fft_stages10_W_rekbM  |        1|  0|   0|   512|   32|     1|        16384|
    |Y_R_0_U     |fft_stages10_Y_R_0    |        1|  0|   0|    86|   32|     1|         2752|
    |Y_R_1_U     |fft_stages10_Y_R_0    |        1|  0|   0|    86|   32|     1|         2752|
    |Y_R_2_U     |fft_stages10_Y_R_0    |        1|  0|   0|    86|   32|     1|         2752|
    |Y_R_3_U     |fft_stages10_Y_R_0    |        1|  0|   0|    86|   32|     1|         2752|
    |Y_R_4_U     |fft_stages10_Y_R_0    |        1|  0|   0|    86|   32|     1|         2752|
    |Y_R_5_U     |fft_stages10_Y_R_0    |        1|  0|   0|    86|   32|     1|         2752|
    |Y_R_6_U     |fft_stages10_Y_R_0    |        1|  0|   0|    86|   32|     1|         2752|
    |Y_R_7_U     |fft_stages10_Y_R_0    |        1|  0|   0|    86|   32|     1|         2752|
    |Y_R_8_U     |fft_stages10_Y_R_0    |        1|  0|   0|    86|   32|     1|         2752|
    |Y_R_9_U     |fft_stages10_Y_R_0    |        1|  0|   0|    86|   32|     1|         2752|
    |Y_R_10_U    |fft_stages10_Y_R_0    |        1|  0|   0|    86|   32|     1|         2752|
    |Y_I_0_U     |fft_stages10_Y_R_0    |        1|  0|   0|    86|   32|     1|         2752|
    |Y_I_1_U     |fft_stages10_Y_R_0    |        1|  0|   0|    86|   32|     1|         2752|
    |Y_I_2_U     |fft_stages10_Y_R_0    |        1|  0|   0|    86|   32|     1|         2752|
    |Y_I_3_U     |fft_stages10_Y_R_0    |        1|  0|   0|    86|   32|     1|         2752|
    |Y_I_4_U     |fft_stages10_Y_R_0    |        1|  0|   0|    86|   32|     1|         2752|
    |Y_I_5_U     |fft_stages10_Y_R_0    |        1|  0|   0|    86|   32|     1|         2752|
    |Y_I_6_U     |fft_stages10_Y_R_0    |        1|  0|   0|    86|   32|     1|         2752|
    |Y_I_7_U     |fft_stages10_Y_R_0    |        1|  0|   0|    86|   32|     1|         2752|
    |Y_I_8_U     |fft_stages10_Y_R_0    |        1|  0|   0|    86|   32|     1|         2752|
    |Y_I_9_U     |fft_stages10_Y_R_0    |        1|  0|   0|    86|   32|     1|         2752|
    |Y_I_10_U    |fft_stages10_Y_R_0    |        1|  0|   0|    86|   32|     1|         2752|
    +------------+----------------------+---------+---+----+------+-----+------+-------------+
    |Total       |                      |       24|  0|   0|  2916|  768|    24|        93312|
    +------------+----------------------+---------+---+----+------+-----+------+-------------+

    * FIFO: 
    N/A

    * Expression: 
    +---------------------------+----------+-------+----+----+------------+------------+
    |       Variable Name       | Operation| DSP48E| FF | LUT| Bitwidth P0| Bitwidth P1|
    +---------------------------+----------+-------+----+----+------------+------------+
    |i1_off13_fu_1663_p2        |     +    |      0|  35|  15|           9|          10|
    |i1_off14_fu_1674_p2        |     +    |      0|  35|  15|          10|          10|
    |i1_off15_fu_1685_p2        |     +    |      0|  35|  15|          10|          10|
    |i1_off16_fu_1696_p2        |     +    |      0|  35|  15|           9|          10|
    |i1_off17_fu_1707_p2        |     +    |      0|  35|  15|           9|          10|
    |i1_off18_fu_1718_p2        |     +    |      0|  35|  15|           9|          10|
    |i1_off_fu_1652_p2          |     +    |      0|  35|  15|           8|          10|
    |i_lower_off1_fu_1791_p2    |     +    |      0|  35|  15|          10|           9|
    |i_lower_off2_fu_1802_p2    |     +    |      0|  35|  15|          10|           9|
    |i_lower_off3_fu_1813_p2    |     +    |      0|  35|  15|          10|           9|
    |i_lower_off4_fu_1824_p2    |     +    |      0|  35|  15|          10|           8|
    |i_lower_off7_fu_1758_p2    |     +    |      0|  35|  15|          10|           9|
    |i_lower_off8_fu_1769_p2    |     +    |      0|  35|  15|          10|          10|
    |i_lower_off9_fu_1780_p2    |     +    |      0|  35|  15|          10|          10|
    |i_lower_off_fu_1747_p2     |     +    |      0|  35|  15|          10|           8|
    |j_1_fu_1560_p2             |     +    |      0|  35|  15|          10|           1|
    |exitcond_fu_1554_p2        |   icmp   |      0|   0|   6|          10|          11|
    |tmp_32_fu_1647_p2          |   icmp   |      0|   0|   5|          10|           7|
    |tmp_33_fu_1657_p2          |   icmp   |      0|   0|   5|          10|           7|
    |tmp_34_fu_1668_p2          |   icmp   |      0|   0|   5|          10|           7|
    |tmp_35_fu_1679_p2          |   icmp   |      0|   0|   5|          10|           7|
    |tmp_36_fu_1690_p2          |   icmp   |      0|   0|   5|          10|           7|
    |tmp_37_fu_1701_p2          |   icmp   |      0|   0|   5|          10|           7|
    |tmp_38_fu_1712_p2          |   icmp   |      0|   0|   5|          10|           7|
    |tmp_39_fu_1723_p2          |   icmp   |      0|   0|   5|          10|           7|
    |tmp_40_fu_1752_p2          |   icmp   |      0|   0|   5|          10|           7|
    |tmp_41_fu_1763_p2          |   icmp   |      0|   0|   5|          10|           7|
    |tmp_42_fu_1774_p2          |   icmp   |      0|   0|   5|          10|           7|
    |tmp_43_fu_1785_p2          |   icmp   |      0|   0|   5|          10|           7|
    |tmp_44_fu_1796_p2          |   icmp   |      0|   0|   5|          10|           7|
    |tmp_45_fu_1807_p2          |   icmp   |      0|   0|   5|          10|           7|
    |tmp_46_fu_1818_p2          |   icmp   |      0|   0|   5|          10|           7|
    |tmp_47_fu_1829_p2          |   icmp   |      0|   0|   5|          10|           7|
    |ap_block_state1            |    or    |      0|   0|   2|           1|           1|
    |i_lower_fu_1590_p2         |    or    |      0|   0|  10|          10|           8|
    |X_I_load_1_phi_fu_2120_p3  |  select  |      0|   0|  32|           1|          32|
    |X_I_load_phi_fu_2008_p3    |  select  |      0|   0|  32|           1|          32|
    |X_R_load_1_phi_fu_2064_p3  |  select  |      0|   0|  32|           1|          32|
    |X_R_load_phi_fu_1952_p3    |  select  |      0|   0|  32|           1|          32|
    |sel_tmp11_fu_1938_p3       |  select  |      0|   0|  32|           1|          32|
    |sel_tmp13_fu_1945_p3       |  select  |      0|   0|  32|           1|          32|
    |sel_tmp18_fu_1959_p3       |  select  |      0|   0|  32|           1|          32|
    |sel_tmp1_fu_1903_p3        |  select  |      0|   0|  32|           1|          32|
    |sel_tmp20_fu_1966_p3       |  select  |      0|   0|  32|           1|          32|
    |sel_tmp22_fu_1973_p3       |  select  |      0|   0|  32|           1|          32|
    |sel_tmp24_fu_1980_p3       |  select  |      0|   0|  32|           1|          32|
    |sel_tmp26_fu_1987_p3       |  select  |      0|   0|  32|           1|          32|
    |sel_tmp28_fu_1994_p3       |  select  |      0|   0|  32|           1|          32|
    |sel_tmp30_fu_2001_p3       |  select  |      0|   0|  32|           1|          32|
    |sel_tmp35_fu_2015_p3       |  select  |      0|   0|  32|           1|          32|
    |sel_tmp37_fu_2022_p3       |  select  |      0|   0|  32|           1|          32|
    |sel_tmp38_fu_2036_p3       |  select  |      0|   0|  32|           1|          32|
    |sel_tmp39_fu_2043_p3       |  select  |      0|   0|  32|           1|          32|
    |sel_tmp3_fu_1910_p3        |  select  |      0|   0|  32|           1|          32|
    |sel_tmp40_fu_2050_p3       |  select  |      0|   0|  32|           1|          32|
    |sel_tmp41_fu_2057_p3       |  select  |      0|   0|  32|           1|          32|
    |sel_tmp42_fu_2071_p3       |  select  |      0|   0|  32|           1|          32|
    |sel_tmp43_fu_2078_p3       |  select  |      0|   0|  32|           1|          32|
    |sel_tmp44_fu_2085_p3       |  select  |      0|   0|  32|           1|          32|
    |sel_tmp45_fu_2092_p3       |  select  |      0|   0|  32|           1|          32|
    |sel_tmp46_fu_2099_p3       |  select  |      0|   0|  32|           1|          32|
    |sel_tmp47_fu_2106_p3       |  select  |      0|   0|  32|           1|          32|
    |sel_tmp48_fu_2113_p3       |  select  |      0|   0|  32|           1|          32|
    |sel_tmp5_fu_1917_p3        |  select  |      0|   0|  32|           1|          32|
    |sel_tmp7_fu_1924_p3        |  select  |      0|   0|  32|           1|          32|
    |sel_tmp9_fu_1931_p3        |  select  |      0|   0|  32|           1|          32|
    |sel_tmp_fu_2029_p3         |  select  |      0|   0|  32|           1|          32|
    |ap_enable_pp0              |    xor   |      0|   0|   2|           1|           2|
    |ap_enable_reg_pp0_iter1    |    xor   |      0|   0|   2|           1|           2|
    +---------------------------+----------+-------+----+----+------------+------------+
    |Total                      |          |      0| 560|1366|         369|        1303|
    +---------------------------+----------+-------+----+----+------------+------------+

    * Multiplexer: 
    +------------------------------------------------------+----+-----------+-----+-----------+
    |                         Name                         | LUT| Input Size| Bits| Total Bits|
    +------------------------------------------------------+----+-----------+-----+-----------+
    |OUT_I28_address0                                      |  13|          3|    7|         21|
    |OUT_I28_d0                                            |  13|          3|   32|         96|
    |OUT_I29_address0                                      |  13|          3|    7|         21|
    |OUT_I29_d0                                            |  13|          3|   32|         96|
    |OUT_I30_address0                                      |  13|          3|    7|         21|
    |OUT_I30_d0                                            |  13|          3|   32|         96|
    |OUT_I31_address0                                      |  13|          3|    7|         21|
    |OUT_I31_d0                                            |  13|          3|   32|         96|
    |OUT_I32_address0                                      |  13|          3|    7|         21|
    |OUT_I32_d0                                            |  13|          3|   32|         96|
    |OUT_I33_address0                                      |  13|          3|    7|         21|
    |OUT_I33_d0                                            |  13|          3|   32|         96|
    |OUT_I34_address0                                      |  13|          3|    7|         21|
    |OUT_I34_d0                                            |  13|          3|   32|         96|
    |OUT_I35_address0                                      |  13|          3|    7|         21|
    |OUT_I35_d0                                            |  13|          3|   32|         96|
    |OUT_R19_address0                                      |  13|          3|    7|         21|
    |OUT_R20_address0                                      |  13|          3|    7|         21|
    |OUT_R21_address0                                      |  13|          3|    7|         21|
    |OUT_R22_address0                                      |  13|          3|    7|         21|
    |OUT_R23_address0                                      |  13|          3|    7|         21|
    |OUT_R24_address0                                      |  13|          3|    7|         21|
    |OUT_R25_address0                                      |  13|          3|    7|         21|
    |OUT_R26_address0                                      |  13|          3|    7|         21|
    |Y_I_0_address0                                        |  13|          3|    7|         21|
    |Y_I_10_address0                                       |  17|          4|    7|         28|
    |Y_I_10_d0                                             |  13|          3|   32|         96|
    |Y_I_1_address0                                        |  17|          4|    7|         28|
    |Y_I_1_d0                                              |  13|          3|   32|         96|
    |Y_I_2_address0                                        |  17|          4|    7|         28|
    |Y_I_2_d0                                              |  13|          3|   32|         96|
    |Y_I_3_address0                                        |  17|          4|    7|         28|
    |Y_I_3_d0                                              |  13|          3|   32|         96|
    |Y_I_4_address0                                        |  17|          4|    7|         28|
    |Y_I_4_d0                                              |  13|          3|   32|         96|
    |Y_I_5_address0                                        |  17|          4|    7|         28|
    |Y_I_5_d0                                              |  13|          3|   32|         96|
    |Y_I_6_address0                                        |  17|          4|    7|         28|
    |Y_I_6_d0                                              |  13|          3|   32|         96|
    |Y_I_7_address0                                        |  17|          4|    7|         28|
    |Y_I_7_d0                                              |  13|          3|   32|         96|
    |Y_I_8_address0                                        |  17|          4|    7|         28|
    |Y_I_8_d0                                              |  13|          3|   32|         96|
    |Y_I_9_address0                                        |  17|          4|    7|         28|
    |Y_I_9_d0                                              |  13|          3|   32|         96|
    |Y_R_0_address0                                        |  13|          3|    7|         21|
    |Y_R_10_address0                                       |  17|          4|    7|         28|
    |Y_R_10_d0                                             |  13|          3|   32|         96|
    |Y_R_1_address0                                        |  17|          4|    7|         28|
    |Y_R_1_d0                                              |  13|          3|   32|         96|
    |Y_R_2_address0                                        |  17|          4|    7|         28|
    |Y_R_2_d0                                              |  13|          3|   32|         96|
    |Y_R_3_address0                                        |  17|          4|    7|         28|
    |Y_R_3_d0                                              |  13|          3|   32|         96|
    |Y_R_4_address0                                        |  17|          4|    7|         28|
    |Y_R_4_d0                                              |  13|          3|   32|         96|
    |Y_R_5_address0                                        |  17|          4|    7|         28|
    |Y_R_5_d0                                              |  13|          3|   32|         96|
    |Y_R_6_address0                                        |  17|          4|    7|         28|
    |Y_R_6_d0                                              |  13|          3|   32|         96|
    |Y_R_7_address0                                        |  17|          4|    7|         28|
    |Y_R_7_d0                                              |  13|          3|   32|         96|
    |Y_R_8_address0                                        |  17|          4|    7|         28|
    |Y_R_8_d0                                              |  13|          3|   32|         96|
    |Y_R_9_address0                                        |  17|          4|    7|         28|
    |Y_R_9_d0                                              |  13|          3|   32|         96|
    |ap_NS_fsm                                             |  41|          6|    1|          6|
    |ap_done                                               |   9|          2|    1|          2|
    |ap_enable_reg_pp0_iter1                               |   9|          2|    1|          2|
    |ap_enable_reg_pp0_iter8                               |   9|          2|    1|          2|
    |ap_phi_precharge_reg_pp0_iter6_Y_I_load_phi_reg_1479  |  65|         12|   32|        384|
    |ap_phi_precharge_reg_pp0_iter6_Y_R_load_phi_reg_1451  |  65|         12|   32|        384|
    |grp_fu_1507_opcode                                    |  13|          3|    2|          6|
    |grp_fu_1507_p0                                        |  17|          4|   32|        128|
    |grp_fu_1507_p1                                        |  17|          4|   32|        128|
    |grp_fu_1511_opcode                                    |  13|          3|    2|          6|
    |grp_fu_1511_p0                                        |  13|          3|   32|         96|
    |grp_fu_1511_p1                                        |  13|          3|   32|         96|
    |grp_fu_1546_p0                                        |  13|          3|   32|         96|
    |grp_fu_1550_p0                                        |  13|          3|   32|         96|
    |j_phi_fu_1444_p4                                      |   9|          2|   10|         20|
    |j_reg_1440                                            |   9|          2|   10|         20|
    +------------------------------------------------------+----+-----------+-----+-----------+
    |Total                                                 |1266|        284| 1446|       5098|
    +------------------------------------------------------+----+-----------+-----+-----------+

    * Register: 
    +------------------------------------------------------+----+----+-----+-----------+
    |                         Name                         | FF | LUT| Bits| Const Bits|
    +------------------------------------------------------+----+----+-----+-----------+
    |OUT_I28_addr_1_reg_2992                               |   7|   0|    7|          0|
    |OUT_I28_addr_reg_2942                                 |   7|   0|    7|          0|
    |OUT_I29_addr_2_reg_2997                               |   7|   0|    7|          0|
    |OUT_I29_addr_reg_2947                                 |   7|   0|    7|          0|
    |OUT_I30_addr_2_reg_3002                               |   7|   0|    7|          0|
    |OUT_I30_addr_reg_2952                                 |   7|   0|    7|          0|
    |OUT_I31_addr_2_reg_3007                               |   7|   0|    7|          0|
    |OUT_I31_addr_reg_2957                                 |   7|   0|    7|          0|
    |OUT_I32_addr_2_reg_3012                               |   7|   0|    7|          0|
    |OUT_I32_addr_reg_2962                                 |   7|   0|    7|          0|
    |OUT_I33_addr_2_reg_3017                               |   7|   0|    7|          0|
    |OUT_I33_addr_reg_2967                                 |   7|   0|    7|          0|
    |OUT_I34_addr_2_reg_3022                               |   7|   0|    7|          0|
    |OUT_I34_addr_reg_2972                                 |   7|   0|    7|          0|
    |OUT_I35_addr_1_reg_3027                               |   7|   0|    7|          0|
    |OUT_I35_addr_reg_2977                                 |   7|   0|    7|          0|
    |OUT_I36_addr_reg_2982                                 |   7|   0|    7|          0|
    |OUT_I_addr_reg_2987                                   |   7|   0|    7|          0|
    |X_I_load_1_phi_reg_2675                               |  32|   0|   32|          0|
    |X_I_load_phi_reg_2639                                 |  32|   0|   32|          0|
    |X_R_load_1_phi_reg_2654                               |  32|   0|   32|          0|
    |X_R_load_phi_reg_2619                                 |  32|   0|   32|          0|
    |Y_I_0_addr_reg_2746                                   |   7|   0|    7|          0|
    |Y_I_10_addr_reg_2796                                  |   7|   0|    7|          0|
    |Y_I_1_addr_reg_2751                                   |   7|   0|    7|          0|
    |Y_I_2_addr_reg_2756                                   |   7|   0|    7|          0|
    |Y_I_3_addr_reg_2761                                   |   7|   0|    7|          0|
    |Y_I_4_addr_reg_2766                                   |   7|   0|    7|          0|
    |Y_I_5_addr_reg_2771                                   |   7|   0|    7|          0|
    |Y_I_6_addr_reg_2776                                   |   7|   0|    7|          0|
    |Y_I_7_addr_reg_2781                                   |   7|   0|    7|          0|
    |Y_I_8_addr_reg_2786                                   |   7|   0|    7|          0|
    |Y_I_9_addr_reg_2791                                   |   7|   0|    7|          0|
    |Y_I_load_phi_reg_1479                                 |  32|   0|   32|          0|
    |Y_R_0_addr_reg_2691                                   |   7|   0|    7|          0|
    |Y_R_10_addr_reg_2741                                  |   7|   0|    7|          0|
    |Y_R_1_addr_reg_2696                                   |   7|   0|    7|          0|
    |Y_R_2_addr_reg_2701                                   |   7|   0|    7|          0|
    |Y_R_3_addr_reg_2706                                   |   7|   0|    7|          0|
    |Y_R_4_addr_reg_2711                                   |   7|   0|    7|          0|
    |Y_R_5_addr_reg_2716                                   |   7|   0|    7|          0|
    |Y_R_6_addr_reg_2721                                   |   7|   0|    7|          0|
    |Y_R_7_addr_reg_2726                                   |   7|   0|    7|          0|
    |Y_R_8_addr_reg_2731                                   |   7|   0|    7|          0|
    |Y_R_9_addr_reg_2736                                   |   7|   0|    7|          0|
    |Y_R_load_phi_reg_1451                                 |  32|   0|   32|          0|
    |ap_CS_fsm                                             |   5|   0|    5|          0|
    |ap_done_reg                                           |   1|   0|    1|          0|
    |ap_enable_reg_pp0_iter0                               |   1|   0|    1|          0|
    |ap_enable_reg_pp0_iter1                               |   1|   0|    1|          0|
    |ap_enable_reg_pp0_iter2                               |   1|   0|    1|          0|
    |ap_enable_reg_pp0_iter3                               |   1|   0|    1|          0|
    |ap_enable_reg_pp0_iter4                               |   1|   0|    1|          0|
    |ap_enable_reg_pp0_iter5                               |   1|   0|    1|          0|
    |ap_enable_reg_pp0_iter6                               |   1|   0|    1|          0|
    |ap_enable_reg_pp0_iter7                               |   1|   0|    1|          0|
    |ap_enable_reg_pp0_iter8                               |   1|   0|    1|          0|
    |ap_phi_precharge_reg_pp0_iter6_Y_I_load_phi_reg_1479  |  32|   0|   32|          0|
    |ap_phi_precharge_reg_pp0_iter6_Y_R_load_phi_reg_1451  |  32|   0|   32|          0|
    |arrayNo4_reg_2367                                     |  10|   0|   10|          0|
    |arrayNo5_reg_2371                                     |  10|   0|   10|          0|
    |arrayNo6_reg_2315                                     |  10|   0|   10|          0|
    |arrayNo_reg_2258                                      |  10|   0|   10|          0|
    |c_reg_2609                                            |  32|   0|   32|          0|
    |exitcond_reg_2201                                     |   1|   0|    1|          0|
    |i1_reg_2215                                           |   9|   0|   10|          1|
    |i_lower_reg_2229                                      |   9|   0|   10|          1|
    |j1_reg_2210                                           |   7|   0|    7|          0|
    |j_1_reg_2205                                          |  10|   0|   10|          0|
    |j_reg_1440                                            |  10|   0|   10|          0|
    |newIndex2_reg_2634                                    |  10|   0|   10|          0|
    |newIndex5_reg_2497                                    |  10|   0|   64|         54|
    |newIndex9_reg_2385                                    |  10|   0|   64|         54|
    |newIndex_reg_2670                                     |  10|   0|   10|          0|
    |s_reg_2614                                            |  32|   0|   32|          0|
    |temp_I_reg_2936                                       |  32|   0|   32|          0|
    |temp_R_reg_2931                                       |  32|   0|   32|          0|
    |tmp_32_reg_2267                                       |   1|   0|    1|          0|
    |tmp_33_reg_2273                                       |   1|   0|    1|          0|
    |tmp_34_reg_2279                                       |   1|   0|    1|          0|
    |tmp_35_reg_2285                                       |   1|   0|    1|          0|
    |tmp_36_reg_2291                                       |   1|   0|    1|          0|
    |tmp_37_reg_2297                                       |   1|   0|    1|          0|
    |tmp_38_reg_2303                                       |   1|   0|    1|          0|
    |tmp_39_reg_2309                                       |   1|   0|    1|          0|
    |tmp_40_reg_2319                                       |   1|   0|    1|          0|
    |tmp_41_reg_2325                                       |   1|   0|    1|          0|
    |tmp_42_reg_2331                                       |   1|   0|    1|          0|
    |tmp_43_reg_2337                                       |   1|   0|    1|          0|
    |tmp_44_reg_2343                                       |   1|   0|    1|          0|
    |tmp_45_reg_2349                                       |   1|   0|    1|          0|
    |tmp_46_reg_2355                                       |   1|   0|    1|          0|
    |tmp_47_reg_2361                                       |   1|   0|    1|          0|
    |tmp_49_reg_2262                                       |   5|   0|    5|          0|
    |tmp_50_reg_2248                                       |   5|   0|    5|          0|
    |tmp_7_reg_2801                                        |  32|   0|   32|          0|
    |tmp_8_reg_2806                                        |  32|   0|   32|          0|
    |tmp_9_reg_2811                                        |  32|   0|   32|          0|
    |tmp_s_reg_2816                                        |  32|   0|   32|          0|
    |zext1_cast_reg_2243                                   |   9|   0|   22|         13|
    |zext7_cast_reg_2253                                   |   9|   0|   22|         13|
    |Y_I_load_phi_reg_1479                                 |  64|  32|   32|          0|
    |arrayNo4_reg_2367                                     |  64|  32|   10|          0|
    |arrayNo5_reg_2371                                     |  64|  32|   10|          0|
    |arrayNo6_reg_2315                                     |  64|  32|   10|          0|
    |arrayNo_reg_2258                                      |  64|  32|   10|          0|
    |exitcond_reg_2201                                     |  64|  32|    1|          0|
    |j1_reg_2210                                           |  64|  32|    7|          0|
    |newIndex5_reg_2497                                    |  64|  32|   64|         54|
    |newIndex9_reg_2385                                    |  64|  32|   64|         54|
    |tmp_32_reg_2267                                       |  64|  32|    1|          0|
    |tmp_33_reg_2273                                       |  64|  32|    1|          0|
    |tmp_34_reg_2279                                       |  64|  32|    1|          0|
    |tmp_35_reg_2285                                       |  64|  32|    1|          0|
    |tmp_36_reg_2291                                       |  64|  32|    1|          0|
    |tmp_37_reg_2297                                       |  64|  32|    1|          0|
    |tmp_38_reg_2303                                       |  64|  32|    1|          0|
    |tmp_39_reg_2309                                       |  64|  32|    1|          0|
    |tmp_40_reg_2319                                       |  64|  32|    1|          0|
    |tmp_41_reg_2325                                       |  64|  32|    1|          0|
    |tmp_42_reg_2331                                       |  64|  32|    1|          0|
    |tmp_43_reg_2337                                       |  64|  32|    1|          0|
    |tmp_44_reg_2343                                       |  64|  32|    1|          0|
    |tmp_45_reg_2349                                       |  64|  32|    1|          0|
    |tmp_46_reg_2355                                       |  64|  32|    1|          0|
    |tmp_47_reg_2361                                       |  64|  32|    1|          0|
    +------------------------------------------------------+----+----+-----+-----------+
    |Total                                                 |2577| 800| 1337|        244|
    +------------------------------------------------------+----+----+-----+-----------+



================================================================
== Interface
================================================================
* Summary: 
+------------------+-----+-----+------------+--------------+--------------+
|     RTL Ports    | Dir | Bits|  Protocol  | Source Object|    C Type    |
+------------------+-----+-----+------------+--------------+--------------+
|ap_clk            |  in |    1| ap_ctrl_hs | fft_stages16 | return value |
|ap_rst            |  in |    1| ap_ctrl_hs | fft_stages16 | return value |
|ap_start          |  in |    1| ap_ctrl_hs | fft_stages16 | return value |
|ap_done           | out |    1| ap_ctrl_hs | fft_stages16 | return value |
|ap_continue       |  in |    1| ap_ctrl_hs | fft_stages16 | return value |
|ap_idle           | out |    1| ap_ctrl_hs | fft_stages16 | return value |
|ap_ready          | out |    1| ap_ctrl_hs | fft_stages16 | return value |
|X_R_address0      | out |    7|  ap_memory |      X_R     |     array    |
|X_R_ce0           | out |    1|  ap_memory |      X_R     |     array    |
|X_R_q0            |  in |   32|  ap_memory |      X_R     |     array    |
|X_R1_address0     | out |    7|  ap_memory |     X_R1     |     array    |
|X_R1_ce0          | out |    1|  ap_memory |     X_R1     |     array    |
|X_R1_q0           |  in |   32|  ap_memory |     X_R1     |     array    |
|X_R1_address1     | out |    7|  ap_memory |     X_R1     |     array    |
|X_R1_ce1          | out |    1|  ap_memory |     X_R1     |     array    |
|X_R1_q1           |  in |   32|  ap_memory |     X_R1     |     array    |
|X_R2_address0     | out |    7|  ap_memory |     X_R2     |     array    |
|X_R2_ce0          | out |    1|  ap_memory |     X_R2     |     array    |
|X_R2_q0           |  in |   32|  ap_memory |     X_R2     |     array    |
|X_R2_address1     | out |    7|  ap_memory |     X_R2     |     array    |
|X_R2_ce1          | out |    1|  ap_memory |     X_R2     |     array    |
|X_R2_q1           |  in |   32|  ap_memory |     X_R2     |     array    |
|X_R3_address0     | out |    7|  ap_memory |     X_R3     |     array    |
|X_R3_ce0          | out |    1|  ap_memory |     X_R3     |     array    |
|X_R3_q0           |  in |   32|  ap_memory |     X_R3     |     array    |
|X_R3_address1     | out |    7|  ap_memory |     X_R3     |     array    |
|X_R3_ce1          | out |    1|  ap_memory |     X_R3     |     array    |
|X_R3_q1           |  in |   32|  ap_memory |     X_R3     |     array    |
|X_R4_address0     | out |    7|  ap_memory |     X_R4     |     array    |
|X_R4_ce0          | out |    1|  ap_memory |     X_R4     |     array    |
|X_R4_q0           |  in |   32|  ap_memory |     X_R4     |     array    |
|X_R4_address1     | out |    7|  ap_memory |     X_R4     |     array    |
|X_R4_ce1          | out |    1|  ap_memory |     X_R4     |     array    |
|X_R4_q1           |  in |   32|  ap_memory |     X_R4     |     array    |
|X_R5_address0     | out |    7|  ap_memory |     X_R5     |     array    |
|X_R5_ce0          | out |    1|  ap_memory |     X_R5     |     array    |
|X_R5_q0           |  in |   32|  ap_memory |     X_R5     |     array    |
|X_R5_address1     | out |    7|  ap_memory |     X_R5     |     array    |
|X_R5_ce1          | out |    1|  ap_memory |     X_R5     |     array    |
|X_R5_q1           |  in |   32|  ap_memory |     X_R5     |     array    |
|X_R6_address0     | out |    7|  ap_memory |     X_R6     |     array    |
|X_R6_ce0          | out |    1|  ap_memory |     X_R6     |     array    |
|X_R6_q0           |  in |   32|  ap_memory |     X_R6     |     array    |
|X_R6_address1     | out |    7|  ap_memory |     X_R6     |     array    |
|X_R6_ce1          | out |    1|  ap_memory |     X_R6     |     array    |
|X_R6_q1           |  in |   32|  ap_memory |     X_R6     |     array    |
|X_R7_address0     | out |    7|  ap_memory |     X_R7     |     array    |
|X_R7_ce0          | out |    1|  ap_memory |     X_R7     |     array    |
|X_R7_q0           |  in |   32|  ap_memory |     X_R7     |     array    |
|X_R7_address1     | out |    7|  ap_memory |     X_R7     |     array    |
|X_R7_ce1          | out |    1|  ap_memory |     X_R7     |     array    |
|X_R7_q1           |  in |   32|  ap_memory |     X_R7     |     array    |
|X_R8_address0     | out |    7|  ap_memory |     X_R8     |     array    |
|X_R8_ce0          | out |    1|  ap_memory |     X_R8     |     array    |
|X_R8_q0           |  in |   32|  ap_memory |     X_R8     |     array    |
|X_R8_address1     | out |    7|  ap_memory |     X_R8     |     array    |
|X_R8_ce1          | out |    1|  ap_memory |     X_R8     |     array    |
|X_R8_q1           |  in |   32|  ap_memory |     X_R8     |     array    |
|X_R9_address0     | out |    7|  ap_memory |     X_R9     |     array    |
|X_R9_ce0          | out |    1|  ap_memory |     X_R9     |     array    |
|X_R9_q0           |  in |   32|  ap_memory |     X_R9     |     array    |
|X_I_address0      | out |    7|  ap_memory |      X_I     |     array    |
|X_I_ce0           | out |    1|  ap_memory |      X_I     |     array    |
|X_I_q0            |  in |   32|  ap_memory |      X_I     |     array    |
|X_I10_address0    | out |    7|  ap_memory |     X_I10    |     array    |
|X_I10_ce0         | out |    1|  ap_memory |     X_I10    |     array    |
|X_I10_q0          |  in |   32|  ap_memory |     X_I10    |     array    |
|X_I10_address1    | out |    7|  ap_memory |     X_I10    |     array    |
|X_I10_ce1         | out |    1|  ap_memory |     X_I10    |     array    |
|X_I10_q1          |  in |   32|  ap_memory |     X_I10    |     array    |
|X_I11_address0    | out |    7|  ap_memory |     X_I11    |     array    |
|X_I11_ce0         | out |    1|  ap_memory |     X_I11    |     array    |
|X_I11_q0          |  in |   32|  ap_memory |     X_I11    |     array    |
|X_I11_address1    | out |    7|  ap_memory |     X_I11    |     array    |
|X_I11_ce1         | out |    1|  ap_memory |     X_I11    |     array    |
|X_I11_q1          |  in |   32|  ap_memory |     X_I11    |     array    |
|X_I12_address0    | out |    7|  ap_memory |     X_I12    |     array    |
|X_I12_ce0         | out |    1|  ap_memory |     X_I12    |     array    |
|X_I12_q0          |  in |   32|  ap_memory |     X_I12    |     array    |
|X_I12_address1    | out |    7|  ap_memory |     X_I12    |     array    |
|X_I12_ce1         | out |    1|  ap_memory |     X_I12    |     array    |
|X_I12_q1          |  in |   32|  ap_memory |     X_I12    |     array    |
|X_I13_address0    | out |    7|  ap_memory |     X_I13    |     array    |
|X_I13_ce0         | out |    1|  ap_memory |     X_I13    |     array    |
|X_I13_q0          |  in |   32|  ap_memory |     X_I13    |     array    |
|X_I13_address1    | out |    7|  ap_memory |     X_I13    |     array    |
|X_I13_ce1         | out |    1|  ap_memory |     X_I13    |     array    |
|X_I13_q1          |  in |   32|  ap_memory |     X_I13    |     array    |
|X_I14_address0    | out |    7|  ap_memory |     X_I14    |     array    |
|X_I14_ce0         | out |    1|  ap_memory |     X_I14    |     array    |
|X_I14_q0          |  in |   32|  ap_memory |     X_I14    |     array    |
|X_I14_address1    | out |    7|  ap_memory |     X_I14    |     array    |
|X_I14_ce1         | out |    1|  ap_memory |     X_I14    |     array    |
|X_I14_q1          |  in |   32|  ap_memory |     X_I14    |     array    |
|X_I15_address0    | out |    7|  ap_memory |     X_I15    |     array    |
|X_I15_ce0         | out |    1|  ap_memory |     X_I15    |     array    |
|X_I15_q0          |  in |   32|  ap_memory |     X_I15    |     array    |
|X_I15_address1    | out |    7|  ap_memory |     X_I15    |     array    |
|X_I15_ce1         | out |    1|  ap_memory |     X_I15    |     array    |
|X_I15_q1          |  in |   32|  ap_memory |     X_I15    |     array    |
|X_I16_address0    | out |    7|  ap_memory |     X_I16    |     array    |
|X_I16_ce0         | out |    1|  ap_memory |     X_I16    |     array    |
|X_I16_q0          |  in |   32|  ap_memory |     X_I16    |     array    |
|X_I16_address1    | out |    7|  ap_memory |     X_I16    |     array    |
|X_I16_ce1         | out |    1|  ap_memory |     X_I16    |     array    |
|X_I16_q1          |  in |   32|  ap_memory |     X_I16    |     array    |
|X_I17_address0    | out |    7|  ap_memory |     X_I17    |     array    |
|X_I17_ce0         | out |    1|  ap_memory |     X_I17    |     array    |
|X_I17_q0          |  in |   32|  ap_memory |     X_I17    |     array    |
|X_I17_address1    | out |    7|  ap_memory |     X_I17    |     array    |
|X_I17_ce1         | out |    1|  ap_memory |     X_I17    |     array    |
|X_I17_q1          |  in |   32|  ap_memory |     X_I17    |     array    |
|X_I18_address0    | out |    7|  ap_memory |     X_I18    |     array    |
|X_I18_ce0         | out |    1|  ap_memory |     X_I18    |     array    |
|X_I18_q0          |  in |   32|  ap_memory |     X_I18    |     array    |
|OUT_R_address0    | out |    7|  ap_memory |     OUT_R    |     array    |
|OUT_R_ce0         | out |    1|  ap_memory |     OUT_R    |     array    |
|OUT_R_we0         | out |    1|  ap_memory |     OUT_R    |     array    |
|OUT_R_d0          | out |   32|  ap_memory |     OUT_R    |     array    |
|OUT_R19_address0  | out |    7|  ap_memory |    OUT_R19   |     array    |
|OUT_R19_ce0       | out |    1|  ap_memory |    OUT_R19   |     array    |
|OUT_R19_we0       | out |    1|  ap_memory |    OUT_R19   |     array    |
|OUT_R19_d0        | out |   32|  ap_memory |    OUT_R19   |     array    |
|OUT_R20_address0  | out |    7|  ap_memory |    OUT_R20   |     array    |
|OUT_R20_ce0       | out |    1|  ap_memory |    OUT_R20   |     array    |
|OUT_R20_we0       | out |    1|  ap_memory |    OUT_R20   |     array    |
|OUT_R20_d0        | out |   32|  ap_memory |    OUT_R20   |     array    |
|OUT_R21_address0  | out |    7|  ap_memory |    OUT_R21   |     array    |
|OUT_R21_ce0       | out |    1|  ap_memory |    OUT_R21   |     array    |
|OUT_R21_we0       | out |    1|  ap_memory |    OUT_R21   |     array    |
|OUT_R21_d0        | out |   32|  ap_memory |    OUT_R21   |     array    |
|OUT_R22_address0  | out |    7|  ap_memory |    OUT_R22   |     array    |
|OUT_R22_ce0       | out |    1|  ap_memory |    OUT_R22   |     array    |
|OUT_R22_we0       | out |    1|  ap_memory |    OUT_R22   |     array    |
|OUT_R22_d0        | out |   32|  ap_memory |    OUT_R22   |     array    |
|OUT_R23_address0  | out |    7|  ap_memory |    OUT_R23   |     array    |
|OUT_R23_ce0       | out |    1|  ap_memory |    OUT_R23   |     array    |
|OUT_R23_we0       | out |    1|  ap_memory |    OUT_R23   |     array    |
|OUT_R23_d0        | out |   32|  ap_memory |    OUT_R23   |     array    |
|OUT_R24_address0  | out |    7|  ap_memory |    OUT_R24   |     array    |
|OUT_R24_ce0       | out |    1|  ap_memory |    OUT_R24   |     array    |
|OUT_R24_we0       | out |    1|  ap_memory |    OUT_R24   |     array    |
|OUT_R24_d0        | out |   32|  ap_memory |    OUT_R24   |     array    |
|OUT_R25_address0  | out |    7|  ap_memory |    OUT_R25   |     array    |
|OUT_R25_ce0       | out |    1|  ap_memory |    OUT_R25   |     array    |
|OUT_R25_we0       | out |    1|  ap_memory |    OUT_R25   |     array    |
|OUT_R25_d0        | out |   32|  ap_memory |    OUT_R25   |     array    |
|OUT_R26_address0  | out |    7|  ap_memory |    OUT_R26   |     array    |
|OUT_R26_ce0       | out |    1|  ap_memory |    OUT_R26   |     array    |
|OUT_R26_we0       | out |    1|  ap_memory |    OUT_R26   |     array    |
|OUT_R26_d0        | out |   32|  ap_memory |    OUT_R26   |     array    |
|OUT_R27_address0  | out |    7|  ap_memory |    OUT_R27   |     array    |
|OUT_R27_ce0       | out |    1|  ap_memory |    OUT_R27   |     array    |
|OUT_R27_we0       | out |    1|  ap_memory |    OUT_R27   |     array    |
|OUT_R27_d0        | out |   32|  ap_memory |    OUT_R27   |     array    |
|OUT_I_address0    | out |    7|  ap_memory |     OUT_I    |     array    |
|OUT_I_ce0         | out |    1|  ap_memory |     OUT_I    |     array    |
|OUT_I_we0         | out |    1|  ap_memory |     OUT_I    |     array    |
|OUT_I_d0          | out |   32|  ap_memory |     OUT_I    |     array    |
|OUT_I28_address0  | out |    7|  ap_memory |    OUT_I28   |     array    |
|OUT_I28_ce0       | out |    1|  ap_memory |    OUT_I28   |     array    |
|OUT_I28_we0       | out |    1|  ap_memory |    OUT_I28   |     array    |
|OUT_I28_d0        | out |   32|  ap_memory |    OUT_I28   |     array    |
|OUT_I29_address0  | out |    7|  ap_memory |    OUT_I29   |     array    |
|OUT_I29_ce0       | out |    1|  ap_memory |    OUT_I29   |     array    |
|OUT_I29_we0       | out |    1|  ap_memory |    OUT_I29   |     array    |
|OUT_I29_d0        | out |   32|  ap_memory |    OUT_I29   |     array    |
|OUT_I30_address0  | out |    7|  ap_memory |    OUT_I30   |     array    |
|OUT_I30_ce0       | out |    1|  ap_memory |    OUT_I30   |     array    |
|OUT_I30_we0       | out |    1|  ap_memory |    OUT_I30   |     array    |
|OUT_I30_d0        | out |   32|  ap_memory |    OUT_I30   |     array    |
|OUT_I31_address0  | out |    7|  ap_memory |    OUT_I31   |     array    |
|OUT_I31_ce0       | out |    1|  ap_memory |    OUT_I31   |     array    |
|OUT_I31_we0       | out |    1|  ap_memory |    OUT_I31   |     array    |
|OUT_I31_d0        | out |   32|  ap_memory |    OUT_I31   |     array    |
|OUT_I32_address0  | out |    7|  ap_memory |    OUT_I32   |     array    |
|OUT_I32_ce0       | out |    1|  ap_memory |    OUT_I32   |     array    |
|OUT_I32_we0       | out |    1|  ap_memory |    OUT_I32   |     array    |
|OUT_I32_d0        | out |   32|  ap_memory |    OUT_I32   |     array    |
|OUT_I33_address0  | out |    7|  ap_memory |    OUT_I33   |     array    |
|OUT_I33_ce0       | out |    1|  ap_memory |    OUT_I33   |     array    |
|OUT_I33_we0       | out |    1|  ap_memory |    OUT_I33   |     array    |
|OUT_I33_d0        | out |   32|  ap_memory |    OUT_I33   |     array    |
|OUT_I34_address0  | out |    7|  ap_memory |    OUT_I34   |     array    |
|OUT_I34_ce0       | out |    1|  ap_memory |    OUT_I34   |     array    |
|OUT_I34_we0       | out |    1|  ap_memory |    OUT_I34   |     array    |
|OUT_I34_d0        | out |   32|  ap_memory |    OUT_I34   |     array    |
|OUT_I35_address0  | out |    7|  ap_memory |    OUT_I35   |     array    |
|OUT_I35_ce0       | out |    1|  ap_memory |    OUT_I35   |     array    |
|OUT_I35_we0       | out |    1|  ap_memory |    OUT_I35   |     array    |
|OUT_I35_d0        | out |   32|  ap_memory |    OUT_I35   |     array    |
|OUT_I36_address0  | out |    7|  ap_memory |    OUT_I36   |     array    |
|OUT_I36_ce0       | out |    1|  ap_memory |    OUT_I36   |     array    |
|OUT_I36_we0       | out |    1|  ap_memory |    OUT_I36   |     array    |
|OUT_I36_d0        | out |   32|  ap_memory |    OUT_I36   |     array    |
+------------------+-----+-----+------------+--------------+--------------+

