

================================================================
== Vivado HLS Report for 'fft_stages17'
================================================================
* Date:           Thu Nov 16 22:41:27 2017

* Version:        2017.2 (Build 1909853 on Thu Jun 15 18:55:24 MDT 2017)
* Project:        fft
* Solution:       solution1
* Product family: kintex7
* Target device:  xc7k70tfbg484-2


================================================================
== Performance Estimates
================================================================
+ Timing (ns): 
    * Summary: 
    +--------+-------+----------+------------+
    |  Clock | Target| Estimated| Uncertainty|
    +--------+-------+----------+------------+
    |ap_clk  |  10.00|      8.70|        1.25|
    +--------+-------+----------+------------+

+ Latency (clock cycles): 
    * Summary: 
    +------+------+------+------+---------+
    |   Latency   |   Interval  | Pipeline|
    |  min |  max |  min |  max |   Type  |
    +------+------+------+------+---------+
    |  1561|  1561|  1561|  1561|   none  |
    +------+------+------+------+---------+

    + Detail: 
        * Instance: 
        N/A

        * Loop: 
        +-------------+------+------+----------+-----------+-----------+------+----------+
        |             |   Latency   | Iteration|  Initiation Interval  | Trip |          |
        |  Loop Name  |  min |  max |  Latency |  achieved |   target  | Count| Pipelined|
        +-------------+------+------+----------+-----------+-----------+------+----------+
        |- butterfly  |  1559|  1559|        27|          3|          1|   512|    yes   |
        +-------------+------+------+----------+-----------+-----------+------+----------+



================================================================
== Utilization Estimates
================================================================
* Summary: 
+-----------------+---------+-------+-------+-------+
|       Name      | BRAM_18K| DSP48E|   FF  |  LUT  |
+-----------------+---------+-------+-------+-------+
|DSP              |        -|      4|      -|      -|
|Expression       |        -|      -|    735|   1855|
|FIFO             |        -|      -|      -|      -|
|Instance         |        -|     10|   1838|   1474|
|Memory           |       20|      -|      0|      0|
|Multiplexer      |        -|      -|      -|    908|
|Register         |        -|      -|   1967|    544|
+-----------------+---------+-------+-------+-------+
|Total            |       20|     14|   4540|   4781|
+-----------------+---------+-------+-------+-------+
|Available        |      270|    240|  84400|  42200|
+-----------------+---------+-------+-------+-------+
|Utilization (%)  |        7|      5|      5|     11|
+-----------------+---------+-------+-------+-------+

+ Detail: 
    * Instance: 
    +-----------------------------+----------------------+---------+-------+-----+-----+
    |           Instance          |        Module        | BRAM_18K| DSP48E|  FF | LUT |
    +-----------------------------+----------------------+---------+-------+-----+-----+
    |fft_faddfsub_32nsdEe_x_U459  |fft_faddfsub_32nsdEe  |        0|      2|  227|  214|
    |fft_faddfsub_32nsdEe_x_U460  |fft_faddfsub_32nsdEe  |        0|      2|  227|  214|
    |fft_fmul_32ns_32ng8j_x_U461  |fft_fmul_32ns_32ng8j  |        0|      3|  128|  135|
    |fft_fmul_32ns_32ng8j_x_U462  |fft_fmul_32ns_32ng8j  |        0|      3|  128|  135|
    |fft_urem_10ns_8nsbkb_x_U463  |fft_urem_10ns_8nsbkb  |        0|      0|  282|  194|
    |fft_urem_10ns_8nsbkb_x_U464  |fft_urem_10ns_8nsbkb  |        0|      0|  282|  194|
    |fft_urem_10ns_8nsbkb_x_U465  |fft_urem_10ns_8nsbkb  |        0|      0|  282|  194|
    |fft_urem_10ns_8nsbkb_x_U466  |fft_urem_10ns_8nsbkb  |        0|      0|  282|  194|
    +-----------------------------+----------------------+---------+-------+-----+-----+
    |Total                        |                      |        0|     10| 1838| 1474|
    +-----------------------------+----------------------+---------+-------+-----+-----+

    * DSP48: 
    +-----------------------------+----------------------+-----------+
    |           Instance          |        Module        | Expression|
    +-----------------------------+----------------------+-----------+
    |fft_mul_mul_10ns_cud_x_U468  |fft_mul_mul_10ns_cud  |  i0 * i1  |
    |fft_mul_mul_10ns_cud_x_U470  |fft_mul_mul_10ns_cud  |  i0 * i1  |
    |fft_mul_mul_12ns_ibs_x_U467  |fft_mul_mul_12ns_ibs  |  i0 * i1  |
    |fft_mul_mul_12ns_ibs_x_U469  |fft_mul_mul_12ns_ibs  |  i0 * i1  |
    +-----------------------------+----------------------+-----------+

    * Memory: 
    +----------+----------------------+---------+---+----+------+-----+------+-------------+
    |  Memory  |        Module        | BRAM_18K| FF| LUT| Words| Bits| Banks| W*Bits*Banks|
    +----------+----------------------+---------+---+----+------+-----+------+-------------+
    |W_imag_U  |fft_stages10_W_imlbW  |        1|  0|   0|   512|   32|     1|        16384|
    |W_real_U  |fft_stages10_W_rekbM  |        1|  0|   0|   512|   32|     1|        16384|
    |Y_R_0_U   |fft_stages10_Y_R_0    |        1|  0|   0|    86|   32|     1|         2752|
    |Y_R_1_U   |fft_stages10_Y_R_0    |        1|  0|   0|    86|   32|     1|         2752|
    |Y_R_2_U   |fft_stages10_Y_R_0    |        1|  0|   0|    86|   32|     1|         2752|
    |Y_R_3_U   |fft_stages10_Y_R_0    |        1|  0|   0|    86|   32|     1|         2752|
    |Y_R_4_U   |fft_stages10_Y_R_0    |        1|  0|   0|    86|   32|     1|         2752|
    |Y_R_5_U   |fft_stages10_Y_R_0    |        1|  0|   0|    86|   32|     1|         2752|
    |Y_R_6_U   |fft_stages10_Y_R_0    |        1|  0|   0|    86|   32|     1|         2752|
    |Y_R_7_U   |fft_stages10_Y_R_0    |        1|  0|   0|    86|   32|     1|         2752|
    |Y_R_8_U   |fft_stages10_Y_R_0    |        1|  0|   0|    86|   32|     1|         2752|
    |Y_I_0_U   |fft_stages10_Y_R_0    |        1|  0|   0|    86|   32|     1|         2752|
    |Y_I_1_U   |fft_stages10_Y_R_0    |        1|  0|   0|    86|   32|     1|         2752|
    |Y_I_2_U   |fft_stages10_Y_R_0    |        1|  0|   0|    86|   32|     1|         2752|
    |Y_I_3_U   |fft_stages10_Y_R_0    |        1|  0|   0|    86|   32|     1|         2752|
    |Y_I_4_U   |fft_stages10_Y_R_0    |        1|  0|   0|    86|   32|     1|         2752|
    |Y_I_5_U   |fft_stages10_Y_R_0    |        1|  0|   0|    86|   32|     1|         2752|
    |Y_I_6_U   |fft_stages10_Y_R_0    |        1|  0|   0|    86|   32|     1|         2752|
    |Y_I_7_U   |fft_stages10_Y_R_0    |        1|  0|   0|    86|   32|     1|         2752|
    |Y_I_8_U   |fft_stages10_Y_R_0    |        1|  0|   0|    86|   32|     1|         2752|
    +----------+----------------------+---------+---+----+------+-----+------+-------------+
    |Total     |                      |       20|  0|   0|  2572|  640|    20|        82304|
    +----------+----------------------+---------+---+----+------+-----+------+-------------+

    * FIFO: 
    N/A

    * Expression: 
    +---------------------------+----------+-------+----+----+------------+------------+
    |       Variable Name       | Operation| DSP48E| FF | LUT| Bitwidth P0| Bitwidth P1|
    +---------------------------+----------+-------+----+----+------------+------------+
    |i1_off10_fu_1905_p2        |     +    |      0|  35|  15|          10|          10|
    |i1_off11_fu_1916_p2        |     +    |      0|  35|  15|          10|           9|
    |i1_off12_fu_1927_p2        |     +    |      0|  35|  15|          10|           9|
    |i1_off1_fu_1607_p2         |     +    |      0|  35|  15|           9|          10|
    |i1_off2_fu_1626_p2         |     +    |      0|  35|  15|          10|          10|
    |i1_off3_fu_1645_p2         |     +    |      0|  35|  15|          10|          10|
    |i1_off4_fu_1664_p2         |     +    |      0|  35|  15|           9|          10|
    |i1_off5_fu_1683_p2         |     +    |      0|  35|  15|           9|          10|
    |i1_off6_fu_1861_p2         |     +    |      0|  35|  15|          10|           8|
    |i1_off7_fu_1872_p2         |     +    |      0|  35|  15|          10|           9|
    |i1_off8_fu_1883_p2         |     +    |      0|  35|  15|          10|          10|
    |i1_off9_fu_1894_p2         |     +    |      0|  35|  15|          10|          10|
    |i1_off_fu_1588_p2          |     +    |      0|  35|  15|           8|          10|
    |i_lower_off1_fu_1445_p2    |     +    |      0|  35|  15|          10|          10|
    |i_lower_off2_fu_1456_p2    |     +    |      0|  35|  15|          10|          10|
    |i_lower_off3_fu_1467_p2    |     +    |      0|  35|  15|          10|           9|
    |i_lower_off4_fu_1478_p2    |     +    |      0|  35|  15|          10|           9|
    |i_lower_off5_fu_1489_p2    |     +    |      0|  35|  15|          10|           9|
    |i_lower_off6_fu_1500_p2    |     +    |      0|  35|  15|          10|           8|
    |i_lower_off_fu_1434_p2     |     +    |      0|  35|  15|          10|           9|
    |j_1_fu_1329_p2             |     +    |      0|  35|  15|          10|           1|
    |exitcond_fu_1323_p2        |   icmp   |      0|   0|   6|          10|          11|
    |tmp_11_fu_1593_p2          |   icmp   |      0|   0|   5|          10|           7|
    |tmp_12_fu_1612_p2          |   icmp   |      0|   0|   5|          10|           7|
    |tmp_13_fu_1631_p2          |   icmp   |      0|   0|   5|          10|           7|
    |tmp_14_fu_1650_p2          |   icmp   |      0|   0|   5|          10|           7|
    |tmp_15_fu_1669_p2          |   icmp   |      0|   0|   5|          10|           7|
    |tmp_16_fu_1688_p2          |   icmp   |      0|   0|   5|          10|           7|
    |tmp_17_fu_1439_p2          |   icmp   |      0|   0|   5|          10|           7|
    |tmp_18_fu_1450_p2          |   icmp   |      0|   0|   5|          10|           7|
    |tmp_19_fu_1461_p2          |   icmp   |      0|   0|   5|          10|           7|
    |tmp_20_fu_1472_p2          |   icmp   |      0|   0|   5|          10|           7|
    |tmp_21_fu_1483_p2          |   icmp   |      0|   0|   5|          10|           7|
    |tmp_22_fu_1494_p2          |   icmp   |      0|   0|   5|          10|           7|
    |tmp_23_fu_1505_p2          |   icmp   |      0|   0|   5|          10|           7|
    |tmp_24_fu_1856_p2          |   icmp   |      0|   0|   5|          10|           7|
    |tmp_25_fu_1866_p2          |   icmp   |      0|   0|   5|          10|           7|
    |tmp_26_fu_1877_p2          |   icmp   |      0|   0|   5|          10|           7|
    |tmp_27_fu_1888_p2          |   icmp   |      0|   0|   5|          10|           7|
    |tmp_28_fu_1899_p2          |   icmp   |      0|   0|   5|          10|           7|
    |tmp_29_fu_1910_p2          |   icmp   |      0|   0|   5|          10|           7|
    |tmp_30_fu_1921_p2          |   icmp   |      0|   0|   5|          10|           7|
    |tmp_31_fu_1932_p2          |   icmp   |      0|   0|   5|          10|           7|
    |tmp_4_fu_1575_p2           |   icmp   |      0|   0|   5|          10|           7|
    |ap_block_state1            |    or    |      0|   0|   2|           1|           1|
    |i_lower_fu_1359_p2         |    or    |      0|   0|  10|          10|           9|
    |X_I_load_1_phi_fu_1849_p3  |  select  |      0|   0|  32|           1|          32|
    |X_I_load_phi_fu_1750_p3    |  select  |      0|   0|  32|           1|          32|
    |X_R_load_1_phi_fu_1800_p3  |  select  |      0|   0|  32|           1|          32|
    |X_R_load_phi_fu_1694_p3    |  select  |      0|   0|  32|           1|          32|
    |Y_I_load_phi_fu_2081_p3    |  select  |      0|   0|  32|           1|          32|
    |Y_R_load_phi_fu_2025_p3    |  select  |      0|   0|  32|           1|          32|
    |sel_tmp10_fu_1734_p3       |  select  |      0|   0|  32|           1|          32|
    |sel_tmp11_fu_1742_p3       |  select  |      0|   0|  32|           1|          32|
    |sel_tmp12_fu_1758_p3       |  select  |      0|   0|  32|           1|          32|
    |sel_tmp13_fu_1765_p3       |  select  |      0|   0|  32|           1|          32|
    |sel_tmp14_fu_1772_p3       |  select  |      0|   0|  32|           1|          32|
    |sel_tmp15_fu_1779_p3       |  select  |      0|   0|  32|           1|          32|
    |sel_tmp16_fu_1786_p3       |  select  |      0|   0|  32|           1|          32|
    |sel_tmp17_fu_1793_p3       |  select  |      0|   0|  32|           1|          32|
    |sel_tmp18_fu_1807_p3       |  select  |      0|   0|  32|           1|          32|
    |sel_tmp19_fu_1814_p3       |  select  |      0|   0|  32|           1|          32|
    |sel_tmp1_fu_1580_p3        |  select  |      0|   0|  32|           1|          32|
    |sel_tmp20_fu_1821_p3       |  select  |      0|   0|  32|           1|          32|
    |sel_tmp21_fu_1828_p3       |  select  |      0|   0|  32|           1|          32|
    |sel_tmp22_fu_1835_p3       |  select  |      0|   0|  32|           1|          32|
    |sel_tmp23_fu_1842_p3       |  select  |      0|   0|  32|           1|          32|
    |sel_tmp24_fu_1976_p3       |  select  |      0|   0|  32|           1|          32|
    |sel_tmp25_fu_1983_p3       |  select  |      0|   0|  32|           1|          32|
    |sel_tmp26_fu_1990_p3       |  select  |      0|   0|  32|           1|          32|
    |sel_tmp27_fu_1997_p3       |  select  |      0|   0|  32|           1|          32|
    |sel_tmp28_fu_2004_p3       |  select  |      0|   0|  32|           1|          32|
    |sel_tmp29_fu_2011_p3       |  select  |      0|   0|  32|           1|          32|
    |sel_tmp2_fu_1702_p3        |  select  |      0|   0|  32|           1|          32|
    |sel_tmp30_fu_2018_p3       |  select  |      0|   0|  32|           1|          32|
    |sel_tmp31_fu_2032_p3       |  select  |      0|   0|  32|           1|          32|
    |sel_tmp32_fu_2039_p3       |  select  |      0|   0|  32|           1|          32|
    |sel_tmp33_fu_2046_p3       |  select  |      0|   0|  32|           1|          32|
    |sel_tmp34_fu_2053_p3       |  select  |      0|   0|  32|           1|          32|
    |sel_tmp35_fu_2060_p3       |  select  |      0|   0|  32|           1|          32|
    |sel_tmp36_fu_2067_p3       |  select  |      0|   0|  32|           1|          32|
    |sel_tmp37_fu_2074_p3       |  select  |      0|   0|  32|           1|          32|
    |sel_tmp3_fu_1599_p3        |  select  |      0|   0|  32|           1|          32|
    |sel_tmp4_fu_1710_p3        |  select  |      0|   0|  32|           1|          32|
    |sel_tmp5_fu_1618_p3        |  select  |      0|   0|  32|           1|          32|
    |sel_tmp6_fu_1718_p3        |  select  |      0|   0|  32|           1|          32|
    |sel_tmp7_fu_1637_p3        |  select  |      0|   0|  32|           1|          32|
    |sel_tmp8_fu_1726_p3        |  select  |      0|   0|  32|           1|          32|
    |sel_tmp9_fu_1656_p3        |  select  |      0|   0|  32|           1|          32|
    |sel_tmp_fu_1675_p3         |  select  |      0|   0|  32|           1|          32|
    |ap_enable_pp0              |    xor   |      0|   0|   2|           1|           2|
    |ap_enable_reg_pp0_iter1    |    xor   |      0|   0|   2|           1|           2|
    +---------------------------+----------+-------+----+----+------------+------------+
    |Total                      |          |      0| 735|1855|         492|        1777|
    +---------------------------+----------+-------+----+----+------------+------------+

    * Multiplexer: 
    +-------------------------+----+-----------+-----+-----------+
    |           Name          | LUT| Input Size| Bits| Total Bits|
    +-------------------------+----+-----------+-----+-----------+
    |OUT_I29_address0         |  13|          3|    7|         21|
    |OUT_I29_d0               |  13|          3|   32|         96|
    |OUT_I30_address0         |  13|          3|    7|         21|
    |OUT_I30_d0               |  13|          3|   32|         96|
    |OUT_I31_address0         |  13|          3|    7|         21|
    |OUT_I31_d0               |  13|          3|   32|         96|
    |OUT_I32_address0         |  13|          3|    7|         21|
    |OUT_I32_d0               |  13|          3|   32|         96|
    |OUT_I33_address0         |  13|          3|    7|         21|
    |OUT_I33_d0               |  13|          3|   32|         96|
    |OUT_I34_address0         |  13|          3|    7|         21|
    |OUT_I34_d0               |  13|          3|   32|         96|
    |OUT_R20_address0         |  13|          3|    7|         21|
    |OUT_R21_address0         |  13|          3|    7|         21|
    |OUT_R22_address0         |  13|          3|    7|         21|
    |OUT_R23_address0         |  13|          3|    7|         21|
    |OUT_R24_address0         |  13|          3|    7|         21|
    |OUT_R25_address0         |  13|          3|    7|         21|
    |Y_I_0_address0           |  13|          3|    7|         21|
    |Y_I_1_address0           |  13|          3|    7|         21|
    |Y_I_2_address0           |  17|          4|    7|         28|
    |Y_I_2_d0                 |  13|          3|   32|         96|
    |Y_I_3_address0           |  17|          4|    7|         28|
    |Y_I_3_d0                 |  13|          3|   32|         96|
    |Y_I_4_address0           |  17|          4|    7|         28|
    |Y_I_4_d0                 |  13|          3|   32|         96|
    |Y_I_5_address0           |  17|          4|    7|         28|
    |Y_I_5_d0                 |  13|          3|   32|         96|
    |Y_I_6_address0           |  17|          4|    7|         28|
    |Y_I_6_d0                 |  13|          3|   32|         96|
    |Y_I_7_address0           |  17|          4|    7|         28|
    |Y_I_7_d0                 |  13|          3|   32|         96|
    |Y_I_8_address0           |  17|          4|    7|         28|
    |Y_I_8_d0                 |  13|          3|   32|         96|
    |Y_R_0_address0           |  13|          3|    7|         21|
    |Y_R_1_address0           |  13|          3|    7|         21|
    |Y_R_2_address0           |  17|          4|    7|         28|
    |Y_R_2_d0                 |  13|          3|   32|         96|
    |Y_R_3_address0           |  17|          4|    7|         28|
    |Y_R_3_d0                 |  13|          3|   32|         96|
    |Y_R_4_address0           |  17|          4|    7|         28|
    |Y_R_4_d0                 |  13|          3|   32|         96|
    |Y_R_5_address0           |  17|          4|    7|         28|
    |Y_R_5_d0                 |  13|          3|   32|         96|
    |Y_R_6_address0           |  17|          4|    7|         28|
    |Y_R_6_d0                 |  13|          3|   32|         96|
    |Y_R_7_address0           |  17|          4|    7|         28|
    |Y_R_7_d0                 |  13|          3|   32|         96|
    |Y_R_8_address0           |  17|          4|    7|         28|
    |Y_R_8_d0                 |  13|          3|   32|         96|
    |ap_NS_fsm                |  41|          6|    1|          6|
    |ap_done                  |   9|          2|    1|          2|
    |ap_enable_reg_pp0_iter1  |   9|          2|    1|          2|
    |ap_enable_reg_pp0_iter8  |   9|          2|    1|          2|
    |grp_fu_1281_opcode       |  13|          3|    2|          6|
    |grp_fu_1281_p0           |  17|          4|   32|        128|
    |grp_fu_1281_p1           |  17|          4|   32|        128|
    |grp_fu_1285_opcode       |  13|          3|    2|          6|
    |grp_fu_1285_p0           |  17|          4|   32|        128|
    |grp_fu_1285_p1           |  13|          3|   32|         96|
    |grp_fu_1315_p0           |  13|          3|   32|         96|
    |grp_fu_1319_p0           |  13|          3|   32|         96|
    |j_phi_fu_1274_p4         |   9|          2|   10|         20|
    |j_reg_1270               |   9|          2|   10|         20|
    +-------------------------+----+-----------+-----+-----------+
    |Total                    | 908|        207| 1070|       3384|
    +-------------------------+----+-----------+-----+-----------+

    * Register: 
    +----------------------------------+----+----+-----+-----------+
    |               Name               | FF | LUT| Bits| Const Bits|
    +----------------------------------+----+----+-----+-----------+
    |OUT_I28_addr_reg_2747             |   7|   0|    7|          0|
    |OUT_I29_addr_1_reg_2752           |   7|   0|    7|          0|
    |OUT_I29_addr_reg_2702             |   7|   0|    7|          0|
    |OUT_I30_addr_1_reg_2757           |   7|   0|    7|          0|
    |OUT_I30_addr_reg_2707             |   7|   0|    7|          0|
    |OUT_I31_addr_1_reg_2762           |   7|   0|    7|          0|
    |OUT_I31_addr_reg_2712             |   7|   0|    7|          0|
    |OUT_I32_addr_1_reg_2767           |   7|   0|    7|          0|
    |OUT_I32_addr_reg_2717             |   7|   0|    7|          0|
    |OUT_I33_addr_1_reg_2772           |   7|   0|    7|          0|
    |OUT_I33_addr_reg_2722             |   7|   0|    7|          0|
    |OUT_I34_addr_1_reg_2777           |   7|   0|    7|          0|
    |OUT_I34_addr_reg_2727             |   7|   0|    7|          0|
    |OUT_I35_addr_reg_2732             |   7|   0|    7|          0|
    |OUT_I36_addr_reg_2737             |   7|   0|    7|          0|
    |OUT_I_addr_reg_2742               |   7|   0|    7|          0|
    |X_I_load_1_phi_reg_2509           |  32|   0|   32|          0|
    |X_I_load_phi_reg_2478             |  32|   0|   32|          0|
    |X_R_load_1_phi_reg_2491           |  32|   0|   32|          0|
    |X_R_load_phi_reg_2460             |  32|   0|   32|          0|
    |Y_I_0_addr_reg_2615               |   7|   0|    7|          0|
    |Y_I_1_addr_reg_2620               |   7|   0|    7|          0|
    |Y_I_2_addr_reg_2625               |   7|   0|    7|          0|
    |Y_I_3_addr_reg_2630               |   7|   0|    7|          0|
    |Y_I_4_addr_reg_2635               |   7|   0|    7|          0|
    |Y_I_5_addr_reg_2640               |   7|   0|    7|          0|
    |Y_I_6_addr_reg_2645               |   7|   0|    7|          0|
    |Y_I_7_addr_reg_2650               |   7|   0|    7|          0|
    |Y_I_8_addr_reg_2655               |   7|   0|    7|          0|
    |Y_I_load_phi_reg_2685             |  32|   0|   32|          0|
    |Y_R_0_addr_reg_2570               |   7|   0|    7|          0|
    |Y_R_1_addr_reg_2575               |   7|   0|    7|          0|
    |Y_R_2_addr_reg_2580               |   7|   0|    7|          0|
    |Y_R_3_addr_reg_2585               |   7|   0|    7|          0|
    |Y_R_4_addr_reg_2590               |   7|   0|    7|          0|
    |Y_R_5_addr_reg_2595               |   7|   0|    7|          0|
    |Y_R_6_addr_reg_2600               |   7|   0|    7|          0|
    |Y_R_7_addr_reg_2605               |   7|   0|    7|          0|
    |Y_R_8_addr_reg_2610               |   7|   0|    7|          0|
    |Y_R_load_phi_reg_2680             |  32|   0|   32|          0|
    |ap_CS_fsm                         |   5|   0|    5|          0|
    |ap_done_reg                       |   1|   0|    1|          0|
    |ap_enable_reg_pp0_iter0           |   1|   0|    1|          0|
    |ap_enable_reg_pp0_iter1           |   1|   0|    1|          0|
    |ap_enable_reg_pp0_iter2           |   1|   0|    1|          0|
    |ap_enable_reg_pp0_iter3           |   1|   0|    1|          0|
    |ap_enable_reg_pp0_iter4           |   1|   0|    1|          0|
    |ap_enable_reg_pp0_iter5           |   1|   0|    1|          0|
    |ap_enable_reg_pp0_iter6           |   1|   0|    1|          0|
    |ap_enable_reg_pp0_iter7           |   1|   0|    1|          0|
    |ap_enable_reg_pp0_iter8           |   1|   0|    1|          0|
    |ap_reg_pp0_iter5_tmp_24_reg_2522  |   1|   0|    1|          0|
    |ap_reg_pp0_iter5_tmp_25_reg_2528  |   1|   0|    1|          0|
    |ap_reg_pp0_iter5_tmp_26_reg_2534  |   1|   0|    1|          0|
    |ap_reg_pp0_iter5_tmp_27_reg_2540  |   1|   0|    1|          0|
    |ap_reg_pp0_iter5_tmp_28_reg_2546  |   1|   0|    1|          0|
    |ap_reg_pp0_iter5_tmp_29_reg_2552  |   1|   0|    1|          0|
    |ap_reg_pp0_iter5_tmp_30_reg_2558  |   1|   0|    1|          0|
    |ap_reg_pp0_iter5_tmp_31_reg_2564  |   1|   0|    1|          0|
    |arrayNo1_reg_2236                 |  10|   0|   10|          0|
    |arrayNo2_reg_2167                 |  10|   0|   10|          0|
    |arrayNo3_reg_2232                 |  10|   0|   10|          0|
    |arrayNo_reg_2176                  |  10|   0|   10|          0|
    |c_reg_2450                        |  32|   0|   32|          0|
    |exitcond_reg_2114                 |   1|   0|    1|          0|
    |i1_reg_2128                       |   9|   0|   10|          1|
    |i_lower_reg_2149                  |   9|   0|   10|          1|
    |j1_reg_2123                       |   8|   0|    8|          0|
    |j_1_reg_2118                      |  10|   0|   10|          0|
    |j_reg_1270                        |  10|   0|   10|          0|
    |newIndex3_reg_2250                |  10|   0|   64|         54|
    |newIndex4_reg_2473                |  10|   0|   10|          0|
    |newIndex7_reg_2350                |  10|   0|   64|         54|
    |newIndex_reg_2504                 |  10|   0|   10|          0|
    |s_reg_2455                        |  32|   0|   32|          0|
    |temp_I_reg_2696                   |  32|   0|   32|          0|
    |temp_R_reg_2691                   |  32|   0|   32|          0|
    |tmp_17_reg_2190                   |   1|   0|    1|          0|
    |tmp_18_reg_2196                   |   1|   0|    1|          0|
    |tmp_19_reg_2202                   |   1|   0|    1|          0|
    |tmp_20_reg_2208                   |   1|   0|    1|          0|
    |tmp_21_reg_2214                   |   1|   0|    1|          0|
    |tmp_22_reg_2220                   |   1|   0|    1|          0|
    |tmp_23_reg_2226                   |   1|   0|    1|          0|
    |tmp_24_reg_2522                   |   1|   0|    1|          0|
    |tmp_25_reg_2528                   |   1|   0|    1|          0|
    |tmp_26_reg_2534                   |   1|   0|    1|          0|
    |tmp_27_reg_2540                   |   1|   0|    1|          0|
    |tmp_28_reg_2546                   |   1|   0|    1|          0|
    |tmp_29_reg_2552                   |   1|   0|    1|          0|
    |tmp_30_reg_2558                   |   1|   0|    1|          0|
    |tmp_31_reg_2564                   |   1|   0|    1|          0|
    |tmp_33_reg_2180                   |   5|   0|    5|          0|
    |tmp_35_reg_2185                   |   5|   0|    5|          0|
    |tmp_7_reg_2660                    |  32|   0|   32|          0|
    |tmp_8_reg_2665                    |  32|   0|   32|          0|
    |tmp_9_reg_2670                    |  32|   0|   32|          0|
    |tmp_s_reg_2675                    |  32|   0|   32|          0|
    |zext1_cast_reg_2162               |   9|   0|   22|         13|
    |zext7_cast_reg_2171               |   9|   0|   22|         13|
    |Y_I_load_phi_reg_2685             |  64|  32|   32|          0|
    |Y_R_load_phi_reg_2680             |  64|  32|   32|          0|
    |arrayNo1_reg_2236                 |  64|  32|   10|          0|
    |arrayNo2_reg_2167                 |  64|  32|   10|          0|
    |arrayNo3_reg_2232                 |  64|  32|   10|          0|
    |arrayNo_reg_2176                  |  64|  32|   10|          0|
    |i1_reg_2128                       |  64|  32|   10|          1|
    |j1_reg_2123                       |  64|  32|    8|          0|
    |newIndex3_reg_2250                |  64|  32|   64|         54|
    |newIndex7_reg_2350                |  64|  32|   64|         54|
    |tmp_17_reg_2190                   |  64|  32|    1|          0|
    |tmp_18_reg_2196                   |  64|  32|    1|          0|
    |tmp_19_reg_2202                   |  64|  32|    1|          0|
    |tmp_20_reg_2208                   |  64|  32|    1|          0|
    |tmp_21_reg_2214                   |  64|  32|    1|          0|
    |tmp_22_reg_2220                   |  64|  32|    1|          0|
    |tmp_23_reg_2226                   |  64|  32|    1|          0|
    +----------------------------------+----+----+-----+-----------+
    |Total                             |1967| 544| 1272|        245|
    +----------------------------------+----+----+-----+-----------+



================================================================
== Interface
================================================================
* Summary: 
+------------------+-----+-----+------------+--------------+--------------+
|     RTL Ports    | Dir | Bits|  Protocol  | Source Object|    C Type    |
+------------------+-----+-----+------------+--------------+--------------+
|ap_clk            |  in |    1| ap_ctrl_hs | fft_stages17 | return value |
|ap_rst            |  in |    1| ap_ctrl_hs | fft_stages17 | return value |
|ap_start          |  in |    1| ap_ctrl_hs | fft_stages17 | return value |
|ap_done           | out |    1| ap_ctrl_hs | fft_stages17 | return value |
|ap_continue       |  in |    1| ap_ctrl_hs | fft_stages17 | return value |
|ap_idle           | out |    1| ap_ctrl_hs | fft_stages17 | return value |
|ap_ready          | out |    1| ap_ctrl_hs | fft_stages17 | return value |
|X_R_address0      | out |    7|  ap_memory |      X_R     |     array    |
|X_R_ce0           | out |    1|  ap_memory |      X_R     |     array    |
|X_R_q0            |  in |   32|  ap_memory |      X_R     |     array    |
|X_R1_address0     | out |    7|  ap_memory |     X_R1     |     array    |
|X_R1_ce0          | out |    1|  ap_memory |     X_R1     |     array    |
|X_R1_q0           |  in |   32|  ap_memory |     X_R1     |     array    |
|X_R2_address0     | out |    7|  ap_memory |     X_R2     |     array    |
|X_R2_ce0          | out |    1|  ap_memory |     X_R2     |     array    |
|X_R2_q0           |  in |   32|  ap_memory |     X_R2     |     array    |
|X_R2_address1     | out |    7|  ap_memory |     X_R2     |     array    |
|X_R2_ce1          | out |    1|  ap_memory |     X_R2     |     array    |
|X_R2_q1           |  in |   32|  ap_memory |     X_R2     |     array    |
|X_R3_address0     | out |    7|  ap_memory |     X_R3     |     array    |
|X_R3_ce0          | out |    1|  ap_memory |     X_R3     |     array    |
|X_R3_q0           |  in |   32|  ap_memory |     X_R3     |     array    |
|X_R3_address1     | out |    7|  ap_memory |     X_R3     |     array    |
|X_R3_ce1          | out |    1|  ap_memory |     X_R3     |     array    |
|X_R3_q1           |  in |   32|  ap_memory |     X_R3     |     array    |
|X_R4_address0     | out |    7|  ap_memory |     X_R4     |     array    |
|X_R4_ce0          | out |    1|  ap_memory |     X_R4     |     array    |
|X_R4_q0           |  in |   32|  ap_memory |     X_R4     |     array    |
|X_R4_address1     | out |    7|  ap_memory |     X_R4     |     array    |
|X_R4_ce1          | out |    1|  ap_memory |     X_R4     |     array    |
|X_R4_q1           |  in |   32|  ap_memory |     X_R4     |     array    |
|X_R5_address0     | out |    7|  ap_memory |     X_R5     |     array    |
|X_R5_ce0          | out |    1|  ap_memory |     X_R5     |     array    |
|X_R5_q0           |  in |   32|  ap_memory |     X_R5     |     array    |
|X_R5_address1     | out |    7|  ap_memory |     X_R5     |     array    |
|X_R5_ce1          | out |    1|  ap_memory |     X_R5     |     array    |
|X_R5_q1           |  in |   32|  ap_memory |     X_R5     |     array    |
|X_R6_address0     | out |    7|  ap_memory |     X_R6     |     array    |
|X_R6_ce0          | out |    1|  ap_memory |     X_R6     |     array    |
|X_R6_q0           |  in |   32|  ap_memory |     X_R6     |     array    |
|X_R6_address1     | out |    7|  ap_memory |     X_R6     |     array    |
|X_R6_ce1          | out |    1|  ap_memory |     X_R6     |     array    |
|X_R6_q1           |  in |   32|  ap_memory |     X_R6     |     array    |
|X_R7_address0     | out |    7|  ap_memory |     X_R7     |     array    |
|X_R7_ce0          | out |    1|  ap_memory |     X_R7     |     array    |
|X_R7_q0           |  in |   32|  ap_memory |     X_R7     |     array    |
|X_R7_address1     | out |    7|  ap_memory |     X_R7     |     array    |
|X_R7_ce1          | out |    1|  ap_memory |     X_R7     |     array    |
|X_R7_q1           |  in |   32|  ap_memory |     X_R7     |     array    |
|X_R8_address0     | out |    7|  ap_memory |     X_R8     |     array    |
|X_R8_ce0          | out |    1|  ap_memory |     X_R8     |     array    |
|X_R8_q0           |  in |   32|  ap_memory |     X_R8     |     array    |
|X_R9_address0     | out |    7|  ap_memory |     X_R9     |     array    |
|X_R9_ce0          | out |    1|  ap_memory |     X_R9     |     array    |
|X_R9_q0           |  in |   32|  ap_memory |     X_R9     |     array    |
|X_I_address0      | out |    7|  ap_memory |      X_I     |     array    |
|X_I_ce0           | out |    1|  ap_memory |      X_I     |     array    |
|X_I_q0            |  in |   32|  ap_memory |      X_I     |     array    |
|X_I10_address0    | out |    7|  ap_memory |     X_I10    |     array    |
|X_I10_ce0         | out |    1|  ap_memory |     X_I10    |     array    |
|X_I10_q0          |  in |   32|  ap_memory |     X_I10    |     array    |
|X_I11_address0    | out |    7|  ap_memory |     X_I11    |     array    |
|X_I11_ce0         | out |    1|  ap_memory |     X_I11    |     array    |
|X_I11_q0          |  in |   32|  ap_memory |     X_I11    |     array    |
|X_I11_address1    | out |    7|  ap_memory |     X_I11    |     array    |
|X_I11_ce1         | out |    1|  ap_memory |     X_I11    |     array    |
|X_I11_q1          |  in |   32|  ap_memory |     X_I11    |     array    |
|X_I12_address0    | out |    7|  ap_memory |     X_I12    |     array    |
|X_I12_ce0         | out |    1|  ap_memory |     X_I12    |     array    |
|X_I12_q0          |  in |   32|  ap_memory |     X_I12    |     array    |
|X_I12_address1    | out |    7|  ap_memory |     X_I12    |     array    |
|X_I12_ce1         | out |    1|  ap_memory |     X_I12    |     array    |
|X_I12_q1          |  in |   32|  ap_memory |     X_I12    |     array    |
|X_I13_address0    | out |    7|  ap_memory |     X_I13    |     array    |
|X_I13_ce0         | out |    1|  ap_memory |     X_I13    |     array    |
|X_I13_q0          |  in |   32|  ap_memory |     X_I13    |     array    |
|X_I13_address1    | out |    7|  ap_memory |     X_I13    |     array    |
|X_I13_ce1         | out |    1|  ap_memory |     X_I13    |     array    |
|X_I13_q1          |  in |   32|  ap_memory |     X_I13    |     array    |
|X_I14_address0    | out |    7|  ap_memory |     X_I14    |     array    |
|X_I14_ce0         | out |    1|  ap_memory |     X_I14    |     array    |
|X_I14_q0          |  in |   32|  ap_memory |     X_I14    |     array    |
|X_I14_address1    | out |    7|  ap_memory |     X_I14    |     array    |
|X_I14_ce1         | out |    1|  ap_memory |     X_I14    |     array    |
|X_I14_q1          |  in |   32|  ap_memory |     X_I14    |     array    |
|X_I15_address0    | out |    7|  ap_memory |     X_I15    |     array    |
|X_I15_ce0         | out |    1|  ap_memory |     X_I15    |     array    |
|X_I15_q0          |  in |   32|  ap_memory |     X_I15    |     array    |
|X_I15_address1    | out |    7|  ap_memory |     X_I15    |     array    |
|X_I15_ce1         | out |    1|  ap_memory |     X_I15    |     array    |
|X_I15_q1          |  in |   32|  ap_memory |     X_I15    |     array    |
|X_I16_address0    | out |    7|  ap_memory |     X_I16    |     array    |
|X_I16_ce0         | out |    1|  ap_memory |     X_I16    |     array    |
|X_I16_q0          |  in |   32|  ap_memory |     X_I16    |     array    |
|X_I16_address1    | out |    7|  ap_memory |     X_I16    |     array    |
|X_I16_ce1         | out |    1|  ap_memory |     X_I16    |     array    |
|X_I16_q1          |  in |   32|  ap_memory |     X_I16    |     array    |
|X_I17_address0    | out |    7|  ap_memory |     X_I17    |     array    |
|X_I17_ce0         | out |    1|  ap_memory |     X_I17    |     array    |
|X_I17_q0          |  in |   32|  ap_memory |     X_I17    |     array    |
|X_I18_address0    | out |    7|  ap_memory |     X_I18    |     array    |
|X_I18_ce0         | out |    1|  ap_memory |     X_I18    |     array    |
|X_I18_q0          |  in |   32|  ap_memory |     X_I18    |     array    |
|OUT_R_address0    | out |    7|  ap_memory |     OUT_R    |     array    |
|OUT_R_ce0         | out |    1|  ap_memory |     OUT_R    |     array    |
|OUT_R_we0         | out |    1|  ap_memory |     OUT_R    |     array    |
|OUT_R_d0          | out |   32|  ap_memory |     OUT_R    |     array    |
|OUT_R19_address0  | out |    7|  ap_memory |    OUT_R19   |     array    |
|OUT_R19_ce0       | out |    1|  ap_memory |    OUT_R19   |     array    |
|OUT_R19_we0       | out |    1|  ap_memory |    OUT_R19   |     array    |
|OUT_R19_d0        | out |   32|  ap_memory |    OUT_R19   |     array    |
|OUT_R20_address0  | out |    7|  ap_memory |    OUT_R20   |     array    |
|OUT_R20_ce0       | out |    1|  ap_memory |    OUT_R20   |     array    |
|OUT_R20_we0       | out |    1|  ap_memory |    OUT_R20   |     array    |
|OUT_R20_d0        | out |   32|  ap_memory |    OUT_R20   |     array    |
|OUT_R21_address0  | out |    7|  ap_memory |    OUT_R21   |     array    |
|OUT_R21_ce0       | out |    1|  ap_memory |    OUT_R21   |     array    |
|OUT_R21_we0       | out |    1|  ap_memory |    OUT_R21   |     array    |
|OUT_R21_d0        | out |   32|  ap_memory |    OUT_R21   |     array    |
|OUT_R22_address0  | out |    7|  ap_memory |    OUT_R22   |     array    |
|OUT_R22_ce0       | out |    1|  ap_memory |    OUT_R22   |     array    |
|OUT_R22_we0       | out |    1|  ap_memory |    OUT_R22   |     array    |
|OUT_R22_d0        | out |   32|  ap_memory |    OUT_R22   |     array    |
|OUT_R23_address0  | out |    7|  ap_memory |    OUT_R23   |     array    |
|OUT_R23_ce0       | out |    1|  ap_memory |    OUT_R23   |     array    |
|OUT_R23_we0       | out |    1|  ap_memory |    OUT_R23   |     array    |
|OUT_R23_d0        | out |   32|  ap_memory |    OUT_R23   |     array    |
|OUT_R24_address0  | out |    7|  ap_memory |    OUT_R24   |     array    |
|OUT_R24_ce0       | out |    1|  ap_memory |    OUT_R24   |     array    |
|OUT_R24_we0       | out |    1|  ap_memory |    OUT_R24   |     array    |
|OUT_R24_d0        | out |   32|  ap_memory |    OUT_R24   |     array    |
|OUT_R25_address0  | out |    7|  ap_memory |    OUT_R25   |     array    |
|OUT_R25_ce0       | out |    1|  ap_memory |    OUT_R25   |     array    |
|OUT_R25_we0       | out |    1|  ap_memory |    OUT_R25   |     array    |
|OUT_R25_d0        | out |   32|  ap_memory |    OUT_R25   |     array    |
|OUT_R26_address0  | out |    7|  ap_memory |    OUT_R26   |     array    |
|OUT_R26_ce0       | out |    1|  ap_memory |    OUT_R26   |     array    |
|OUT_R26_we0       | out |    1|  ap_memory |    OUT_R26   |     array    |
|OUT_R26_d0        | out |   32|  ap_memory |    OUT_R26   |     array    |
|OUT_R27_address0  | out |    7|  ap_memory |    OUT_R27   |     array    |
|OUT_R27_ce0       | out |    1|  ap_memory |    OUT_R27   |     array    |
|OUT_R27_we0       | out |    1|  ap_memory |    OUT_R27   |     array    |
|OUT_R27_d0        | out |   32|  ap_memory |    OUT_R27   |     array    |
|OUT_I_address0    | out |    7|  ap_memory |     OUT_I    |     array    |
|OUT_I_ce0         | out |    1|  ap_memory |     OUT_I    |     array    |
|OUT_I_we0         | out |    1|  ap_memory |     OUT_I    |     array    |
|OUT_I_d0          | out |   32|  ap_memory |     OUT_I    |     array    |
|OUT_I28_address0  | out |    7|  ap_memory |    OUT_I28   |     array    |
|OUT_I28_ce0       | out |    1|  ap_memory |    OUT_I28   |     array    |
|OUT_I28_we0       | out |    1|  ap_memory |    OUT_I28   |     array    |
|OUT_I28_d0        | out |   32|  ap_memory |    OUT_I28   |     array    |
|OUT_I29_address0  | out |    7|  ap_memory |    OUT_I29   |     array    |
|OUT_I29_ce0       | out |    1|  ap_memory |    OUT_I29   |     array    |
|OUT_I29_we0       | out |    1|  ap_memory |    OUT_I29   |     array    |
|OUT_I29_d0        | out |   32|  ap_memory |    OUT_I29   |     array    |
|OUT_I30_address0  | out |    7|  ap_memory |    OUT_I30   |     array    |
|OUT_I30_ce0       | out |    1|  ap_memory |    OUT_I30   |     array    |
|OUT_I30_we0       | out |    1|  ap_memory |    OUT_I30   |     array    |
|OUT_I30_d0        | out |   32|  ap_memory |    OUT_I30   |     array    |
|OUT_I31_address0  | out |    7|  ap_memory |    OUT_I31   |     array    |
|OUT_I31_ce0       | out |    1|  ap_memory |    OUT_I31   |     array    |
|OUT_I31_we0       | out |    1|  ap_memory |    OUT_I31   |     array    |
|OUT_I31_d0        | out |   32|  ap_memory |    OUT_I31   |     array    |
|OUT_I32_address0  | out |    7|  ap_memory |    OUT_I32   |     array    |
|OUT_I32_ce0       | out |    1|  ap_memory |    OUT_I32   |     array    |
|OUT_I32_we0       | out |    1|  ap_memory |    OUT_I32   |     array    |
|OUT_I32_d0        | out |   32|  ap_memory |    OUT_I32   |     array    |
|OUT_I33_address0  | out |    7|  ap_memory |    OUT_I33   |     array    |
|OUT_I33_ce0       | out |    1|  ap_memory |    OUT_I33   |     array    |
|OUT_I33_we0       | out |    1|  ap_memory |    OUT_I33   |     array    |
|OUT_I33_d0        | out |   32|  ap_memory |    OUT_I33   |     array    |
|OUT_I34_address0  | out |    7|  ap_memory |    OUT_I34   |     array    |
|OUT_I34_ce0       | out |    1|  ap_memory |    OUT_I34   |     array    |
|OUT_I34_we0       | out |    1|  ap_memory |    OUT_I34   |     array    |
|OUT_I34_d0        | out |   32|  ap_memory |    OUT_I34   |     array    |
|OUT_I35_address0  | out |    7|  ap_memory |    OUT_I35   |     array    |
|OUT_I35_ce0       | out |    1|  ap_memory |    OUT_I35   |     array    |
|OUT_I35_we0       | out |    1|  ap_memory |    OUT_I35   |     array    |
|OUT_I35_d0        | out |   32|  ap_memory |    OUT_I35   |     array    |
|OUT_I36_address0  | out |    7|  ap_memory |    OUT_I36   |     array    |
|OUT_I36_ce0       | out |    1|  ap_memory |    OUT_I36   |     array    |
|OUT_I36_we0       | out |    1|  ap_memory |    OUT_I36   |     array    |
|OUT_I36_d0        | out |   32|  ap_memory |    OUT_I36   |     array    |
+------------------+-----+-----+------------+--------------+--------------+

