

================================================================
== Vivado HLS Report for 'fir'
================================================================
* Date:           Thu Oct 12 11:00:38 2017

* Version:        2017.2 (Build 1909853 on Thu Jun 15 18:55:24 MDT 2017)
* Project:        project_fir128
* Solution:       solution_pipeline_var_bit_wo_partition
* Product family: kintex7
* Target device:  xc7k160tfbg484-2


================================================================
== Performance Estimates
================================================================
+ Timing (ns): 
    * Summary: 
    +--------+-------+----------+------------+
    |  Clock | Target| Estimated| Uncertainty|
    +--------+-------+----------+------------+
    |ap_clk  |  10.00|      8.70|        1.25|
    +--------+-------+----------+------------+

+ Latency (clock cycles): 
    * Summary: 
    +-----+-----+-----+-----+----------+
    |  Latency  |  Interval | Pipeline |
    | min | max | min | max |   Type   |
    +-----+-----+-----+-----+----------+
    |  127|  127|  128|  128| function |
    +-----+-----+-----+-----+----------+

    + Detail: 
        * Instance: 
        N/A

        * Loop: 
        N/A



================================================================
== Utilization Estimates
================================================================
* Summary: 
+-----------------+---------+-------+--------+--------+
|       Name      | BRAM_18K| DSP48E|   FF   |   LUT  |
+-----------------+---------+-------+--------+--------+
|DSP              |        -|     20|       -|       -|
|Expression       |        -|      -|    3208|    3502|
|FIFO             |        -|      -|       -|       -|
|Instance         |        -|      -|       -|       -|
|Memory           |        1|      -|       0|       0|
|Multiplexer      |        -|      -|       -|    2005|
|Register         |        -|      -|    1528|       -|
+-----------------+---------+-------+--------+--------+
|Total            |        1|     20|    4736|    5507|
+-----------------+---------+-------+--------+--------+
|Available        |      650|    600|  202800|  101400|
+-----------------+---------+-------+--------+--------+
|Utilization (%)  |    ~0   |      3|       2|       5|
+-----------------+---------+-------+--------+--------+

+ Detail: 
    * Instance: 
    N/A

    * DSP48: 
    +--------------------------+----------------------+---------------------+
    |         Instance         |        Module        |      Expression     |
    +--------------------------+----------------------+---------------------+
    |fir_ama_addmuladdfYi_U5   |fir_ama_addmuladdfYi  | i0 + (i1 + i2) * i3 |
    |fir_ama_addmuladdfYi_U12  |fir_ama_addmuladdfYi  | i0 + (i1 + i2) * i3 |
    |fir_ama_addmuladdfYi_U19  |fir_ama_addmuladdfYi  | i0 + (i1 + i2) * i3 |
    |fir_ama_addmuladdibs_U20  |fir_ama_addmuladdibs  | i0 + (i1 + i2) * i3 |
    |fir_mac_muladd_8sbkb_U1   |fir_mac_muladd_8sbkb  |     i0 + i1 * i2    |
    |fir_mac_muladd_8sbkb_U6   |fir_mac_muladd_8sbkb  |     i0 + i1 * i2    |
    |fir_mac_muladd_8sbkb_U8   |fir_mac_muladd_8sbkb  |     i0 + i1 * i2    |
    |fir_mac_muladd_8sbkb_U13  |fir_mac_muladd_8sbkb  |     i0 + i1 * i2    |
    |fir_mac_muladd_8sbkb_U15  |fir_mac_muladd_8sbkb  |     i0 + i1 * i2    |
    |fir_mac_muladd_8scud_U2   |fir_mac_muladd_8scud  |     i0 * i1 + i2    |
    |fir_mac_muladd_8sdEe_U3   |fir_mac_muladd_8sdEe  |     i0 * i1 + i2    |
    |fir_mac_muladd_8sdEe_U10  |fir_mac_muladd_8sdEe  |     i0 * i1 + i2    |
    |fir_mac_muladd_8sdEe_U17  |fir_mac_muladd_8sdEe  |     i0 * i1 + i2    |
    |fir_mac_muladd_8seOg_U4   |fir_mac_muladd_8seOg  |     i0 * i1 + i2    |
    |fir_mac_muladd_8seOg_U11  |fir_mac_muladd_8seOg  |     i0 * i1 + i2    |
    |fir_mac_muladd_8seOg_U18  |fir_mac_muladd_8seOg  |     i0 * i1 + i2    |
    |fir_mac_muladd_8sg8j_U7   |fir_mac_muladd_8sg8j  |     i0 * i1 + i2    |
    |fir_mac_muladd_8sg8j_U14  |fir_mac_muladd_8sg8j  |     i0 * i1 + i2    |
    |fir_mac_muladd_8shbi_U9   |fir_mac_muladd_8shbi  |     i0 * i1 + i2    |
    |fir_mac_muladd_8shbi_U16  |fir_mac_muladd_8shbi  |     i0 * i1 + i2    |
    +--------------------------+----------------------+---------------------+

    * Memory: 
    +--------------+----------------+---------+---+----+------+-----+------+-------------+
    |    Memory    |     Module     | BRAM_18K| FF| LUT| Words| Bits| Banks| W*Bits*Banks|
    +--------------+----------------+---------+---+----+------+-----+------+-------------+
    |delay_line_U  |fir_delay_line  |        1|  0|   0|   128|    8|     1|         1024|
    +--------------+----------------+---------+---+----+------+-----+------+-------------+
    |Total         |                |        1|  0|   0|   128|    8|     1|         1024|
    +--------------+----------------+---------+---+----+------+-----+------+-------------+

    * FIFO: 
    N/A

    * Expression: 
    +---------------------+----------+-------+----+----+------------+------------+
    |    Variable Name    | Operation| DSP48E| FF | LUT| Bitwidth P0| Bitwidth P1|
    +---------------------+----------+-------+----+----+------------+------------+
    |acc_1_10_fu_3879_p2  |     +    |      0|   0|  16|          16|          16|
    |acc_1_2_fu_1796_p2   |     +    |      0|   0|  16|          16|          16|
    |acc_1_4_fu_2246_p2   |     +    |      0|   0|  16|          16|          16|
    |acc_1_5_fu_875_p2    |     +    |      0|   0|  16|          16|          16|
    |acc_1_8_fu_2717_p2   |     +    |      0|   0|  16|          16|          16|
    |acc_1_s_fu_1325_p2   |     +    |      0|   0|  16|          16|          16|
    |tmp100_fu_3677_p2    |     +    |      0|  44|  18|          13|          13|
    |tmp101_fu_3687_p2    |     +    |      0|  44|  18|          13|          13|
    |tmp102_fu_3697_p2    |     +    |      0|  47|  19|          14|          14|
    |tmp103_fu_3707_p2    |     +    |      0|   0|  16|          16|          16|
    |tmp104_fu_3712_p2    |     +    |      0|   0|  16|          13|          13|
    |tmp105_fu_3718_p2    |     +    |      0|   0|  16|          13|          13|
    |tmp106_fu_3728_p2    |     +    |      0|  44|  18|          13|          13|
    |tmp107_fu_3738_p2    |     +    |      0|  44|  18|          13|          13|
    |tmp108_fu_3748_p2    |     +    |      0|  47|  19|          14|          14|
    |tmp109_fu_3758_p2    |     +    |      0|  50|  20|          15|          15|
    |tmp10_fu_658_p2      |     +    |      0|  32|  14|           9|           9|
    |tmp110_fu_3768_p2    |     +    |      0|   0|  16|          16|          16|
    |tmp111_fu_3774_p2    |     +    |      0|   0|  16|          13|          13|
    |tmp112_fu_3780_p2    |     +    |      0|   0|  16|          13|          13|
    |tmp113_fu_3790_p2    |     +    |      0|  44|  18|          13|          13|
    |tmp114_fu_3800_p2    |     +    |      0|  44|  18|          13|          13|
    |tmp115_fu_3810_p2    |     +    |      0|  47|  19|          14|          14|
    |tmp116_fu_3820_p2    |     +    |      0|  50|  20|          15|          15|
    |tmp117_fu_3830_p2    |     +    |      0|  44|  18|          13|          13|
    |tmp118_fu_3840_p2    |     +    |      0|  44|  18|          13|          13|
    |tmp119_fu_3850_p2    |     +    |      0|  47|  19|          14|          14|
    |tmp11_fu_668_p2      |     +    |      0|  35|  15|          10|          10|
    |tmp120_fu_2831_p2    |     +    |      0|  44|  18|          13|          13|
    |tmp123_fu_3863_p2    |     +    |      0|  50|  20|          15|          15|
    |tmp124_fu_3873_p2    |     +    |      0|   0|  16|          16|          16|
    |tmp125_fu_3992_p2    |     +    |      0|  41|  17|          12|          12|
    |tmp126_fu_4002_p2    |     +    |      0|   0|  16|          16|          16|
    |tmp127_fu_4008_p2    |     +    |      0|   0|  16|          16|          16|
    |tmp128_fu_4014_p2    |     +    |      0|  41|  17|          12|          12|
    |tmp12_fu_678_p2      |     +    |      0|  32|  14|           9|           9|
    |tmp13_fu_688_p2      |     +    |      0|  35|  15|          10|          10|
    |tmp14_fu_698_p2      |     +    |      0|  38|  16|          11|          11|
    |tmp15_fu_708_p2      |     +    |      0|  32|  14|           9|           9|
    |tmp16_fu_718_p2      |     +    |      0|  35|  15|          10|          10|
    |tmp17_fu_728_p2      |     +    |      0|  32|  14|           9|           9|
    |tmp18_fu_738_p2      |     +    |      0|  35|  15|          10|          10|
    |tmp19_fu_748_p2      |     +    |      0|  38|  16|          11|          11|
    |tmp1_fu_568_p2       |     +    |      0|  32|  14|           9|           9|
    |tmp20_fu_758_p2      |     +    |      0|  41|  17|          12|          12|
    |tmp22_fu_811_p2      |     +    |      0|  53|  21|          16|          16|
    |tmp24_fu_856_p2      |     +    |      0|   0|  16|          11|          11|
    |tmp25_fu_866_p2      |     +    |      0|  44|  18|          13|          13|
    |tmp28_fu_1275_p2     |     +    |      0|   0|  16|          13|          13|
    |tmp29_fu_1281_p2     |     +    |      0|   0|  16|          13|          13|
    |tmp2_fu_578_p2       |     +    |      0|  35|  15|          10|          10|
    |tmp30_fu_1291_p2     |     +    |      0|  53|  21|          16|          16|
    |tmp31_fu_1296_p2     |     +    |      0|   0|  16|          13|          13|
    |tmp32_fu_1302_p2     |     +    |      0|   0|  16|          13|          13|
    |tmp33_fu_989_p2      |     +    |      0|  44|  18|          13|          13|
    |tmp36_fu_1315_p2     |     +    |      0|  50|  20|          15|          15|
    |tmp37_fu_1479_p2     |     +    |      0|   0|  16|          16|          16|
    |tmp38_fu_1484_p2     |     +    |      0|   0|  16|          16|          16|
    |tmp39_fu_1490_p2     |     +    |      0|   0|  16|          12|          12|
    |tmp3_fu_588_p2       |     +    |      0|  38|  16|          11|          11|
    |tmp40_fu_1496_p2     |     +    |      0|   0|  16|          12|          12|
    |tmp41_fu_1506_p2     |     +    |      0|   0|  16|          16|          16|
    |tmp44_fu_1515_p2     |     +    |      0|  41|  17|          12|          12|
    |tmp45_fu_1525_p2     |     +    |      0|  41|  17|          12|          12|
    |tmp46_fu_1535_p2     |     +    |      0|  44|  18|          13|          13|
    |tmp47_fu_1545_p2     |     +    |      0|  47|  19|          14|          14|
    |tmp48_fu_1555_p2     |     +    |      0|   0|  16|          16|          16|
    |tmp49_fu_1693_p2     |     +    |      0|   0|  16|          12|          12|
    |tmp4_fu_598_p2       |     +    |      0|  32|  14|           9|           9|
    |tmp50_fu_1699_p2     |     +    |      0|   0|  16|          12|          12|
    |tmp51_fu_1709_p2     |     +    |      0|  41|  17|          12|          12|
    |tmp52_fu_1719_p2     |     +    |      0|  41|  17|          12|          12|
    |tmp53_fu_1729_p2     |     +    |      0|   0|  16|          13|          13|
    |tmp54_fu_1735_p2     |     +    |      0|   0|  16|          13|          13|
    |tmp56_fu_1748_p2     |     +    |      0|  44|  18|          13|          13|
    |tmp58_fu_1758_p2     |     +    |      0|   0|  16|          11|          11|
    |tmp59_fu_1768_p2     |     +    |      0|  44|  18|          13|          13|
    |tmp5_fu_608_p2       |     +    |      0|  35|  15|          10|          10|
    |tmp60_fu_1777_p2     |     +    |      0|  47|  19|          14|          14|
    |tmp61_fu_1787_p2     |     +    |      0|  50|  20|          15|          15|
    |tmp64_fu_2196_p2     |     +    |      0|   0|  16|          13|          13|
    |tmp65_fu_2202_p2     |     +    |      0|   0|  16|          13|          13|
    |tmp66_fu_2212_p2     |     +    |      0|  53|  21|          16|          16|
    |tmp67_fu_2217_p2     |     +    |      0|   0|  16|          13|          13|
    |tmp68_fu_2223_p2     |     +    |      0|   0|  16|          13|          13|
    |tmp69_fu_1910_p2     |     +    |      0|  44|  18|          13|          13|
    |tmp6_fu_618_p2       |     +    |      0|  32|  14|           9|           9|
    |tmp72_fu_2236_p2     |     +    |      0|  50|  20|          15|          15|
    |tmp73_fu_2400_p2     |     +    |      0|   0|  16|          16|          16|
    |tmp74_fu_2405_p2     |     +    |      0|   0|  16|          16|          16|
    |tmp75_fu_2411_p2     |     +    |      0|   0|  16|          12|          12|
    |tmp76_fu_2417_p2     |     +    |      0|   0|  16|          12|          12|
    |tmp77_fu_2427_p2     |     +    |      0|   0|  16|          16|          16|
    |tmp7_fu_628_p2       |     +    |      0|  35|  15|          10|          10|
    |tmp80_fu_2436_p2     |     +    |      0|  41|  17|          12|          12|
    |tmp81_fu_2446_p2     |     +    |      0|  41|  17|          12|          12|
    |tmp82_fu_2456_p2     |     +    |      0|  44|  18|          13|          13|
    |tmp83_fu_2466_p2     |     +    |      0|  47|  19|          14|          14|
    |tmp84_fu_2476_p2     |     +    |      0|   0|  16|          16|          16|
    |tmp85_fu_2614_p2     |     +    |      0|   0|  16|          12|          12|
    |tmp86_fu_2620_p2     |     +    |      0|   0|  16|          12|          12|
    |tmp87_fu_2630_p2     |     +    |      0|  41|  17|          12|          12|
    |tmp88_fu_2640_p2     |     +    |      0|  41|  17|          12|          12|
    |tmp89_fu_2650_p2     |     +    |      0|   0|  16|          13|          13|
    |tmp8_fu_638_p2       |     +    |      0|  38|  16|          11|          11|
    |tmp90_fu_2656_p2     |     +    |      0|   0|  16|          13|          13|
    |tmp92_fu_2669_p2     |     +    |      0|  44|  18|          13|          13|
    |tmp94_fu_2679_p2     |     +    |      0|   0|  16|          11|          11|
    |tmp95_fu_2689_p2     |     +    |      0|  44|  18|          13|          13|
    |tmp96_fu_2698_p2     |     +    |      0|  47|  19|          14|          14|
    |tmp97_fu_2708_p2     |     +    |      0|  50|  20|          15|          15|
    |tmp9_fu_648_p2       |     +    |      0|  41|  17|          12|          12|
    |tmp_9_s_fu_768_p2    |     +    |      0|  44|  18|          13|          13|
    |tmp_fu_558_p2        |     +    |      0|  32|  14|           9|           9|
    |y                    |     +    |      0|   0|  16|          16|          16|
    |acc_1_11_fu_3896_p2  |     -    |      0|   0|  16|          16|          16|
    |acc_1_1_fu_1343_p2   |     -    |      0|   0|  16|          16|          16|
    |acc_1_7_fu_2264_p2   |     -    |      0|   0|  16|          16|          16|
    |grp_fu_4051_p2       |     -    |      0|   0|  16|          16|          16|
    |grp_fu_4107_p2       |     -    |      0|   0|  16|          16|          16|
    |grp_fu_4163_p2       |     -    |      0|   0|  16|          16|          16|
    |p_neg10_fu_2055_p2   |     -    |      0|   0|  16|           1|          12|
    |p_neg11_fu_2093_p2   |     -    |      0|   0|  16|           1|          12|
    |p_neg12_fu_2131_p2   |     -    |      0|   0|  16|           1|          12|
    |p_neg13_fu_2169_p2   |     -    |      0|   0|  16|           1|          12|
    |p_neg14_fu_1838_p2   |     -    |      0|   0|  16|           1|          12|
    |p_neg15_fu_1876_p2   |     -    |      0|   0|  16|           1|          12|
    |p_neg16_fu_2852_p2   |     -    |      0|   0|  16|           1|          12|
    |p_neg17_fu_2890_p2   |     -    |      0|   0|  16|           1|          12|
    |p_neg18_fu_2928_p2   |     -    |      0|   0|  16|           1|          12|
    |p_neg19_fu_2966_p2   |     -    |      0|   0|  16|           1|          12|
    |p_neg1_fu_2017_p2    |     -    |      0|   0|  16|           1|          12|
    |p_neg20_fu_3004_p2   |     -    |      0|   0|  16|           1|          12|
    |p_neg21_fu_3042_p2   |     -    |      0|   0|  16|           1|          12|
    |p_neg22_fu_3080_p2   |     -    |      0|   0|  16|           1|          12|
    |p_neg23_fu_3118_p2   |     -    |      0|   0|  16|           1|          12|
    |p_neg24_fu_3156_p2   |     -    |      0|   0|  16|           1|          12|
    |p_neg25_fu_3194_p2   |     -    |      0|   0|  16|           1|          12|
    |p_neg26_fu_3232_p2   |     -    |      0|   0|  16|           1|          12|
    |p_neg27_fu_3270_p2   |     -    |      0|   0|  16|           1|          12|
    |p_neg28_fu_3308_p2   |     -    |      0|   0|  16|           1|          12|
    |p_neg29_fu_3346_p2   |     -    |      0|   0|  16|           1|          12|
    |p_neg2_fu_1058_p2    |     -    |      0|   0|  16|           1|          12|
    |p_neg30_fu_3384_p2   |     -    |      0|   0|  16|           1|          12|
    |p_neg31_fu_3422_p2   |     -    |      0|   0|  16|           1|          12|
    |p_neg32_fu_3460_p2   |     -    |      0|   0|  16|           1|          12|
    |p_neg33_fu_3498_p2   |     -    |      0|   0|  16|           1|          12|
    |p_neg34_fu_3536_p2   |     -    |      0|   0|  16|           1|          12|
    |p_neg35_fu_3574_p2   |     -    |      0|   0|  16|           1|          12|
    |p_neg36_fu_3612_p2   |     -    |      0|   0|  16|           1|          12|
    |p_neg37_fu_3650_p2   |     -    |      0|   0|  16|           1|          12|
    |p_neg38_fu_2759_p2   |     -    |      0|   0|  16|           1|          12|
    |p_neg39_fu_2797_p2   |     -    |      0|   0|  16|           1|          12|
    |p_neg3_fu_1096_p2    |     -    |      0|   0|  16|           1|          12|
    |p_neg4_fu_1134_p2    |     -    |      0|   0|  16|           1|          12|
    |p_neg5_fu_1172_p2    |     -    |      0|   0|  16|           1|          12|
    |p_neg6_fu_1210_p2    |     -    |      0|   0|  16|           1|          12|
    |p_neg7_fu_1248_p2    |     -    |      0|   0|  16|           1|          12|
    |p_neg8_fu_917_p2     |     -    |      0|   0|  16|           1|          12|
    |p_neg9_fu_955_p2     |     -    |      0|   0|  16|           1|          12|
    |p_neg_fu_1979_p2     |     -    |      0|   0|  16|           1|          12|
    |tmp_9_10_fu_1151_p2  |     -    |      0|   0|  16|          12|          12|
    |tmp_9_11_fu_1189_p2  |     -    |      0|   0|  16|          12|          12|
    |tmp_9_12_fu_1227_p2  |     -    |      0|   0|  16|          12|          12|
    |tmp_9_13_fu_1265_p2  |     -    |      0|   0|  16|          12|          12|
    |tmp_9_14_fu_934_p2   |     -    |      0|   0|  16|          12|          12|
    |tmp_9_15_fu_972_p2   |     -    |      0|   0|  16|          12|          12|
    |tmp_9_17_fu_1366_p2  |     -    |      0|  38|  16|          11|          11|
    |tmp_9_18_fu_1390_p2  |     -    |      0|  38|  16|          11|          11|
    |tmp_9_25_fu_1665_p2  |     -    |      0|   0|  16|          11|          11|
    |tmp_9_26_fu_1687_p2  |     -    |      0|  38|  16|          11|          11|
    |tmp_9_29_fu_1996_p2  |     -    |      0|   0|  16|          12|          12|
    |tmp_9_30_fu_2034_p2  |     -    |      0|   0|  16|          12|          12|
    |tmp_9_31_fu_2072_p2  |     -    |      0|   0|  16|          12|          12|
    |tmp_9_32_fu_2110_p2  |     -    |      0|   0|  16|          12|          12|
    |tmp_9_33_fu_2148_p2  |     -    |      0|   0|  16|          12|          12|
    |tmp_9_34_fu_2186_p2  |     -    |      0|   0|  16|          12|          12|
    |tmp_9_35_fu_1855_p2  |     -    |      0|   0|  16|          12|          12|
    |tmp_9_36_fu_1893_p2  |     -    |      0|   0|  16|          12|          12|
    |tmp_9_38_fu_2287_p2  |     -    |      0|  38|  16|          11|          11|
    |tmp_9_39_fu_2311_p2  |     -    |      0|  38|  16|          11|          11|
    |tmp_9_46_fu_2586_p2  |     -    |      0|   0|  16|          11|          11|
    |tmp_9_47_fu_2608_p2  |     -    |      0|  38|  16|          11|          11|
    |tmp_9_4_fu_830_p2    |     -    |      0|   0|  16|          11|          11|
    |tmp_9_50_fu_2869_p2  |     -    |      0|   0|  16|          12|          12|
    |tmp_9_51_fu_2907_p2  |     -    |      0|   0|  16|          12|          12|
    |tmp_9_52_fu_2945_p2  |     -    |      0|   0|  16|          12|          12|
    |tmp_9_53_fu_2983_p2  |     -    |      0|   0|  16|          12|          12|
    |tmp_9_54_fu_3021_p2  |     -    |      0|   0|  16|          12|          12|
    |tmp_9_55_fu_3059_p2  |     -    |      0|   0|  16|          12|          12|
    |tmp_9_56_fu_3097_p2  |     -    |      0|   0|  16|          12|          12|
    |tmp_9_57_fu_3135_p2  |     -    |      0|   0|  16|          12|          12|
    |tmp_9_58_fu_3173_p2  |     -    |      0|   0|  16|          12|          12|
    |tmp_9_59_fu_3211_p2  |     -    |      0|   0|  16|          12|          12|
    |tmp_9_5_fu_850_p2    |     -    |      0|  38|  16|          11|          11|
    |tmp_9_60_fu_3249_p2  |     -    |      0|   0|  16|          12|          12|
    |tmp_9_61_fu_3287_p2  |     -    |      0|   0|  16|          12|          12|
    |tmp_9_62_fu_3325_p2  |     -    |      0|   0|  16|          12|          12|
    |tmp_9_63_fu_3363_p2  |     -    |      0|   0|  16|          12|          12|
    |tmp_9_64_fu_3401_p2  |     -    |      0|   0|  16|          12|          12|
    |tmp_9_65_fu_3439_p2  |     -    |      0|   0|  16|          12|          12|
    |tmp_9_66_fu_3477_p2  |     -    |      0|   0|  16|          12|          12|
    |tmp_9_67_fu_3515_p2  |     -    |      0|   0|  16|          12|          12|
    |tmp_9_68_fu_3553_p2  |     -    |      0|   0|  16|          12|          12|
    |tmp_9_69_fu_3591_p2  |     -    |      0|   0|  16|          12|          12|
    |tmp_9_70_fu_3629_p2  |     -    |      0|   0|  16|          12|          12|
    |tmp_9_71_fu_3667_p2  |     -    |      0|   0|  16|          12|          12|
    |tmp_9_72_fu_2776_p2  |     -    |      0|   0|  16|          12|          12|
    |tmp_9_73_fu_2814_p2  |     -    |      0|   0|  16|          12|          12|
    |tmp_9_75_fu_3915_p2  |     -    |      0|  38|  16|          11|          11|
    |tmp_9_76_fu_3939_p2  |     -    |      0|  38|  16|          11|          11|
    |tmp_9_8_fu_1075_p2   |     -    |      0|   0|  16|          12|          12|
    |tmp_9_9_fu_1113_p2   |     -    |      0|   0|  16|          12|          12|
    +---------------------+----------+-------+----+----+------------+------------+
    |Total                |          |      0|3208|3502|        2247|        2687|
    +---------------------+----------+-------+----+----+------------+------------+

    * Multiplexer: 
    +---------------------+-----+-----------+-----+-----------+
    |         Name        | LUT | Input Size| Bits| Total Bits|
    +---------------------+-----+-----------+-----+-----------+
    |ap_NS_fsm            |  727|        129|    1|        129|
    |delay_line_address0  |  355|         75|    7|        525|
    |delay_line_address1  |  349|         74|    7|        518|
    |delay_line_d0        |  301|         66|    8|        528|
    |delay_line_d1        |  273|         64|    8|        512|
    +---------------------+-----+-----------+-----+-----------+
    |Total                | 2005|        408|   31|       2212|
    +---------------------+-----+-----------+-----+-----------+

    * Register: 
    +------------------------------+-----+----+-----+-----------+
    |             Name             |  FF | LUT| Bits| Const Bits|
    +------------------------------+-----+----+-----+-----------+
    |acc_1_10_reg_5076             |   16|   0|   16|          0|
    |acc_1_1_reg_4526              |   16|   0|   16|          0|
    |acc_1_7_reg_4771              |   16|   0|   16|          0|
    |ap_CS_fsm                     |  128|   0|  128|          0|
    |delay_line_load_100_reg_4921  |    8|   0|    8|          0|
    |delay_line_load_101_reg_4928  |    8|   0|    8|          0|
    |delay_line_load_102_reg_4935  |    8|   0|    8|          0|
    |delay_line_load_103_reg_4942  |    8|   0|    8|          0|
    |delay_line_load_104_reg_4949  |    8|   0|    8|          0|
    |delay_line_load_105_reg_4956  |    8|   0|    8|          0|
    |delay_line_load_106_reg_4963  |    8|   0|    8|          0|
    |delay_line_load_107_reg_4970  |    8|   0|    8|          0|
    |delay_line_load_108_reg_4977  |    8|   0|    8|          0|
    |delay_line_load_109_reg_4984  |    8|   0|    8|          0|
    |delay_line_load_10_reg_4247   |    8|   0|    8|          0|
    |delay_line_load_110_reg_4991  |    8|   0|    8|          0|
    |delay_line_load_111_reg_4998  |    8|   0|    8|          0|
    |delay_line_load_112_reg_5005  |    8|   0|    8|          0|
    |delay_line_load_113_reg_5012  |    8|   0|    8|          0|
    |delay_line_load_114_reg_5019  |    8|   0|    8|          0|
    |delay_line_load_115_reg_5026  |    8|   0|    8|          0|
    |delay_line_load_116_reg_5033  |    8|   0|    8|          0|
    |delay_line_load_117_reg_5040  |    8|   0|    8|          0|
    |delay_line_load_118_reg_5047  |    8|   0|    8|          0|
    |delay_line_load_119_reg_5054  |    8|   0|    8|          0|
    |delay_line_load_11_reg_4253   |    8|   0|    8|          0|
    |delay_line_load_120_reg_5060  |    8|   0|    8|          0|
    |delay_line_load_121_reg_5070  |    8|   0|    8|          0|
    |delay_line_load_122_reg_5081  |    8|   0|    8|          0|
    |delay_line_load_123_reg_5088  |    8|   0|    8|          0|
    |delay_line_load_125_reg_5095  |    8|   0|    8|          0|
    |delay_line_load_12_reg_4259   |    8|   0|    8|          0|
    |delay_line_load_13_reg_4265   |    8|   0|    8|          0|
    |delay_line_load_14_reg_4271   |    8|   0|    8|          0|
    |delay_line_load_15_reg_4277   |    8|   0|    8|          0|
    |delay_line_load_16_reg_4283   |    8|   0|    8|          0|
    |delay_line_load_17_reg_4289   |    8|   0|    8|          0|
    |delay_line_load_18_reg_4295   |    8|   0|    8|          0|
    |delay_line_load_19_reg_4301   |    8|   0|    8|          0|
    |delay_line_load_20_reg_4307   |    8|   0|    8|          0|
    |delay_line_load_21_reg_4313   |    8|   0|    8|          0|
    |delay_line_load_22_reg_4319   |    8|   0|    8|          0|
    |delay_line_load_23_reg_4325   |    8|   0|    8|          0|
    |delay_line_load_24_reg_4337   |    8|   0|    8|          0|
    |delay_line_load_25_reg_4342   |    8|   0|    8|          0|
    |delay_line_load_26_reg_4352   |    8|   0|    8|          0|
    |delay_line_load_27_reg_4359   |    8|   0|    8|          0|
    |delay_line_load_28_reg_4371   |    8|   0|    8|          0|
    |delay_line_load_29_reg_4386   |    8|   0|    8|          0|
    |delay_line_load_2_reg_4199    |    8|   0|    8|          0|
    |delay_line_load_30_reg_4376   |    8|   0|    8|          0|
    |delay_line_load_31_reg_4391   |    8|   0|    8|          0|
    |delay_line_load_32_reg_4403   |    8|   0|    8|          0|
    |delay_line_load_33_reg_4410   |    8|   0|    8|          0|
    |delay_line_load_34_reg_4417   |    8|   0|    8|          0|
    |delay_line_load_35_reg_4424   |    8|   0|    8|          0|
    |delay_line_load_36_reg_4431   |    8|   0|    8|          0|
    |delay_line_load_37_reg_4438   |    8|   0|    8|          0|
    |delay_line_load_38_reg_4445   |    8|   0|    8|          0|
    |delay_line_load_39_reg_4452   |    8|   0|    8|          0|
    |delay_line_load_3_reg_4205    |    8|   0|    8|          0|
    |delay_line_load_40_reg_4458   |    8|   0|    8|          0|
    |delay_line_load_41_reg_4521   |    8|   0|    8|          0|
    |delay_line_load_42_reg_4531   |    8|   0|    8|          0|
    |delay_line_load_43_reg_4543   |    8|   0|    8|          0|
    |delay_line_load_44_reg_4550   |    8|   0|    8|          0|
    |delay_line_load_45_reg_4468   |    8|   0|    8|          0|
    |delay_line_load_46_reg_4474   |    8|   0|    8|          0|
    |delay_line_load_47_reg_4479   |    8|   0|    8|          0|
    |delay_line_load_48_reg_4556   |    8|   0|    8|          0|
    |delay_line_load_49_reg_4563   |    8|   0|    8|          0|
    |delay_line_load_4_reg_4211    |    8|   0|    8|          0|
    |delay_line_load_50_reg_4570   |    8|   0|    8|          0|
    |delay_line_load_51_reg_4577   |    8|   0|    8|          0|
    |delay_line_load_52_reg_4584   |    8|   0|    8|          0|
    |delay_line_load_53_reg_4490   |    8|   0|    8|          0|
    |delay_line_load_54_reg_4591   |    8|   0|    8|          0|
    |delay_line_load_55_reg_4496   |    8|   0|    8|          0|
    |delay_line_load_56_reg_4506   |    8|   0|    8|          0|
    |delay_line_load_57_reg_4511   |    8|   0|    8|          0|
    |delay_line_load_58_reg_4601   |    8|   0|    8|          0|
    |delay_line_load_59_reg_4606   |    8|   0|    8|          0|
    |delay_line_load_5_reg_4217    |    8|   0|    8|          0|
    |delay_line_load_60_reg_4616   |    8|   0|    8|          0|
    |delay_line_load_61_reg_4631   |    8|   0|    8|          0|
    |delay_line_load_62_reg_4621   |    8|   0|    8|          0|
    |delay_line_load_63_reg_4636   |    8|   0|    8|          0|
    |delay_line_load_64_reg_4648   |    8|   0|    8|          0|
    |delay_line_load_65_reg_4655   |    8|   0|    8|          0|
    |delay_line_load_66_reg_4662   |    8|   0|    8|          0|
    |delay_line_load_67_reg_4669   |    8|   0|    8|          0|
    |delay_line_load_68_reg_4676   |    8|   0|    8|          0|
    |delay_line_load_69_reg_4683   |    8|   0|    8|          0|
    |delay_line_load_6_reg_4223    |    8|   0|    8|          0|
    |delay_line_load_70_reg_4690   |    8|   0|    8|          0|
    |delay_line_load_71_reg_4697   |    8|   0|    8|          0|
    |delay_line_load_72_reg_4703   |    8|   0|    8|          0|
    |delay_line_load_73_reg_4766   |    8|   0|    8|          0|
    |delay_line_load_74_reg_4776   |    8|   0|    8|          0|
    |delay_line_load_75_reg_4788   |    8|   0|    8|          0|
    |delay_line_load_76_reg_4795   |    8|   0|    8|          0|
    |delay_line_load_77_reg_4713   |    8|   0|    8|          0|
    |delay_line_load_78_reg_4719   |    8|   0|    8|          0|
    |delay_line_load_79_reg_4724   |    8|   0|    8|          0|
    |delay_line_load_7_reg_4229    |    8|   0|    8|          0|
    |delay_line_load_80_reg_4801   |    8|   0|    8|          0|
    |delay_line_load_81_reg_4808   |    8|   0|    8|          0|
    |delay_line_load_82_reg_4815   |    8|   0|    8|          0|
    |delay_line_load_83_reg_4822   |    8|   0|    8|          0|
    |delay_line_load_84_reg_4829   |    8|   0|    8|          0|
    |delay_line_load_85_reg_4735   |    8|   0|    8|          0|
    |delay_line_load_86_reg_4836   |    8|   0|    8|          0|
    |delay_line_load_87_reg_4741   |    8|   0|    8|          0|
    |delay_line_load_88_reg_4751   |    8|   0|    8|          0|
    |delay_line_load_89_reg_4756   |    8|   0|    8|          0|
    |delay_line_load_8_reg_4235    |    8|   0|    8|          0|
    |delay_line_load_90_reg_4846   |    8|   0|    8|          0|
    |delay_line_load_91_reg_4851   |    8|   0|    8|          0|
    |delay_line_load_92_reg_4861   |    8|   0|    8|          0|
    |delay_line_load_93_reg_4876   |    8|   0|    8|          0|
    |delay_line_load_94_reg_4866   |    8|   0|    8|          0|
    |delay_line_load_95_reg_4881   |    8|   0|    8|          0|
    |delay_line_load_96_reg_4893   |    8|   0|    8|          0|
    |delay_line_load_97_reg_4900   |    8|   0|    8|          0|
    |delay_line_load_98_reg_4907   |    8|   0|    8|          0|
    |delay_line_load_99_reg_4914   |    8|   0|    8|          0|
    |delay_line_load_9_reg_4241    |    8|   0|    8|          0|
    |reg_475                       |    8|   0|    8|          0|
    |reg_481                       |    8|   0|    8|          0|
    |tmp122_reg_5065               |   14|   0|   14|          0|
    |tmp22_reg_4366                |   16|   0|   16|          0|
    |tmp23_reg_4347                |   13|   0|   13|          0|
    |tmp26_reg_4381                |   16|   0|   16|          0|
    |tmp27_reg_4398                |   16|   0|   16|          0|
    |tmp35_reg_4463                |   14|   0|   14|          0|
    |tmp42_reg_4485                |   13|   0|   13|          0|
    |tmp43_reg_4538                |   13|   0|   13|          0|
    |tmp48_reg_4596                |   16|   0|   16|          0|
    |tmp55_reg_4501                |   12|   0|   12|          0|
    |tmp57_reg_4516                |   13|   0|   13|          0|
    |tmp61_reg_4611                |   15|   0|   15|          0|
    |tmp62_reg_4626                |   16|   0|   16|          0|
    |tmp63_reg_4643                |   16|   0|   16|          0|
    |tmp71_reg_4708                |   14|   0|   14|          0|
    |tmp78_reg_4730                |   13|   0|   13|          0|
    |tmp79_reg_4783                |   13|   0|   13|          0|
    |tmp84_reg_4841                |   16|   0|   16|          0|
    |tmp91_reg_4746                |   12|   0|   12|          0|
    |tmp93_reg_4761                |   13|   0|   13|          0|
    |tmp97_reg_4856                |   15|   0|   15|          0|
    |tmp98_reg_4871                |   16|   0|   16|          0|
    |tmp99_reg_4888                |   16|   0|   16|          0|
    |tmp_9_s_reg_4331              |   13|   0|   13|          0|
    |x_read_reg_5101               |    8|   0|    8|          0|
    +------------------------------+-----+----+-----+-----------+
    |Total                         | 1528|   0| 1528|          0|
    +------------------------------+-----+----+-----+-----------+



================================================================
== Interface
================================================================
* Summary: 
+----------+-----+-----+------------+--------------+--------------+
| RTL Ports| Dir | Bits|  Protocol  | Source Object|    C Type    |
+----------+-----+-----+------------+--------------+--------------+
|ap_clk    |  in |    1| ap_ctrl_hs |      fir     | return value |
|ap_rst    |  in |    1| ap_ctrl_hs |      fir     | return value |
|ap_start  |  in |    1| ap_ctrl_hs |      fir     | return value |
|ap_done   | out |    1| ap_ctrl_hs |      fir     | return value |
|ap_idle   | out |    1| ap_ctrl_hs |      fir     | return value |
|ap_ready  | out |    1| ap_ctrl_hs |      fir     | return value |
|y         | out |   16|   ap_vld   |       y      |    pointer   |
|y_ap_vld  | out |    1|   ap_vld   |       y      |    pointer   |
|x         |  in |    8|   ap_none  |       x      |    scalar    |
+----------+-----+-----+------------+--------------+--------------+

