

================================================================
== Vivado HLS Report for 'list_scd'
================================================================
* Date:           Thu Dec 14 13:05:35 2017

* Version:        2017.3 (Build 2018833 on Wed Oct 04 20:30:40 MDT 2017)
* Project:        decoder_optimized
* Solution:       solution1
* Product family: zynq
* Target device:  xc7z020clg484-1


================================================================
== Performance Estimates
================================================================
+ Timing (ns): 
    * Summary: 
    +--------+-------+----------+------------+
    |  Clock | Target| Estimated| Uncertainty|
    +--------+-------+----------+------------+
    |ap_clk  |  10.00|      8.71|        1.25|
    +--------+-------+----------+------------+

+ Latency (clock cycles): 
    * Summary: 
    +---------+----------+---------+----------+---------+
    |       Latency      |      Interval      | Pipeline|
    |   min   |    max   |   min   |    max   |   Type  |
    +---------+----------+---------+----------+---------+
    |  2080794|  15409690|  2080795|  15409691|   none  |
    +---------+----------+---------+----------+---------+

    + Detail: 
        * Instance: 
        +--------------------------------+---------------------+------+-------+------+-------+----------+
        |                                |                     |    Latency   |   Interval   | Pipeline |
        |            Instance            |        Module       |  min |  max  |  min |  max  |   Type   |
        +--------------------------------+---------------------+------+-------+------+-------+----------+
        |grp_processing_elements_fu_835  |processing_elements  |   142|    142|     1|      1| function |
        |grp_feedback_logic_fu_850       |feedback_logic       |  7773|  40733|  7773|  40733|   none   |
        |grp_sortAndForward_fu_859       |sortAndForward       |  4272|   4272|  4272|   4272|   none   |
        +--------------------------------+---------------------+------+-------+------+-------+----------+

        * Loop: 
        +----------------------------+---------+----------+--------------+-----------+-----------+---------+----------+
        |                            |       Latency      |   Iteration  |  Initiation Interval  |   Trip  |          |
        |          Loop Name         |   min   |    max   |    Latency   |  achieved |   target  |  Count  | Pipelined|
        +----------------------------+---------+----------+--------------+-----------+-----------+---------+----------+
        |- read_in_0                 |      512|       512|             2|          -|          -|      256|    no    |
        |- initialize_dec_mem0       |      516|       516|           258|          -|          -|        2|    no    |
        | + initialize_dec_mem1      |      256|       256|             1|          -|          -|      256|    no    |
        |- initialize_f_g_select     |        8|         8|             1|          -|          -|        8|    no    |
        |- initialize_enable         |        8|         8|             1|          -|          -|        8|    no    |
        |- main_loop                 |  2078976|  15407872| 8121 ~ 60187 |          -|          -|      256|    no    |
        | + pelayer_loop             |      143|      1144|           143|          -|          -|  1 ~ 8  |    no    |
        | + read_f_g_select          |        8|         8|             1|          -|          -|        8|    no    |
        | + assign_pe_en             |       24|        80|    3 ~ 10    |          -|          -|        8|    no    |
        |  ++ enable_update          |        1|         8|             1|          -|          -|  1 ~ 8  |    no    |
        | + ptr_upp1                 |       32|        32|            16|          -|          -|        2|    no    |
        |  ++ ptr_upp2               |       14|        14|             2|          -|          -|        7|    no    |
        | + sorter_initialize        |        2|         2|             1|          -|          -|        2|    no    |
        | + save_sort_out_decisions  |        2|         2|             1|          -|          -|        2|    no    |
        | + branch_copy_pointers     |       14|        14|             2|          -|          -|        7|    no    |
        | + copy_decision_mem        |        0|       510|             2|          -|          -| 0 ~ 255 |    no    |
        | + frozen_list_loop         |        2|         2|             1|          -|          -|        2|    no    |
        | + dec_mux_update           |       16|        16|             2|          -|          -|        8|    no    |
        | + list_loop                |      112|     13882|   56 ~ 6941  |          -|          -|        2|    no    |
        |  ++ mux0_loop              |       54|      6939|    6 ~ 771   |          -|          -|        9|    no    |
        |   +++ mux1_loop            |        3|       768|             3|          -|          -| 1 ~ 256 |    no    |
        |- write_out_no_crc          |      768|       768|             3|          -|          -|      256|    no    |
        +----------------------------+---------+----------+--------------+-----------+-----------+---------+----------+



================================================================
== Utilization Estimates
================================================================
* Summary: 
+-----------------+---------+-------+---------+--------+
|       Name      | BRAM_18K| DSP48E|    FF   |   LUT  |
+-----------------+---------+-------+---------+--------+
|DSP              |        -|      -|        -|       -|
|Expression       |        -|      -|        0|   20630|
|FIFO             |        -|      -|        -|       -|
|Instance         |        2|      -|  2358746|  899107|
|Memory           |        1|      -|       26|      49|
|Multiplexer      |        -|      -|        -|    1443|
|Register         |        -|      -|    15071|       -|
+-----------------+---------+-------+---------+--------+
|Total            |        3|      0|  2373843|  921229|
+-----------------+---------+-------+---------+--------+
|Available        |      280|    220|   106400|   53200|
+-----------------+---------+-------+---------+--------+
|Utilization (%)  |        1|      0|     2231|    1731|
+-----------------+---------+-------+---------+--------+

+ Detail: 
    * Instance: 
    +--------------------------------+---------------------+---------+-------+---------+--------+
    |            Instance            |        Module       | BRAM_18K| DSP48E|    FF   |   LUT  |
    +--------------------------------+---------------------+---------+-------+---------+--------+
    |grp_feedback_logic_fu_850       |feedback_logic       |        2|      0|     1844|   15941|
    |grp_processing_elements_fu_835  |processing_elements  |        0|      0|  2356300|  880732|
    |grp_sortAndForward_fu_859       |sortAndForward       |        0|      0|      602|    2434|
    +--------------------------------+---------------------+---------+-------+---------+--------+
    |Total                           |                     |        2|      0|  2358746|  899107|
    +--------------------------------+---------------------+---------+-------+---------+--------+

    * DSP48: 
    N/A

    * Memory: 
    +------------------------+----------------------+---------+----+----+------+-----+------+-------------+
    |         Memory         |        Module        | BRAM_18K| FF | LUT| Words| Bits| Banks| W*Bits*Banks|
    +------------------------+----------------------+---------+----+----+------+-----+------+-------------+
    |muxed_dec_mem_V_U       |feedback_logic_sahbi  |        0|   2|  16|  1022|    1|     1|         1022|
    |dec_mux_addr_init_V_U   |list_scd_dec_mux_kbM  |        0|  16|   1|     8|    8|     1|           64|
    |dec_order_U             |list_scd_dec_order    |        1|   0|   0|   256|    8|     1|         2048|
    |fi_bram_U               |list_scd_fi_bram      |        0|   1|   4|   256|    1|     1|          256|
    |layer_init_U            |list_scd_layer_init   |        0|   3|  12|   256|    3|     1|          768|
    |dec_mem_V_U             |sortAndForward_tebkb  |        0|   2|   8|   512|    1|     1|          512|
    |systematic_encoded_d_U  |sortAndForward_tebkb  |        0|   2|   8|   512|    1|     1|          512|
    +------------------------+----------------------+---------+----+----+------+-----+------+-------------+
    |Total                   |                      |        1|  26|  49|  2822|   23|     7|         5182|
    +------------------------+----------------------+---------+----+----+------+-----+------+-------------+

    * FIFO: 
    N/A

    * Expression: 
    +---------------------------------+----------+-------+---+------+------------+------------+
    |          Variable Name          | Operation| DSP48E| FF|  LUT | Bitwidth P0| Bitwidth P1|
    +---------------------------------+----------+-------+---+------+------------+------------+
    |crc_dummy_V_fu_2552_p2           |     +    |      0|  0|    15|           8|           1|
    |i_10_fu_1561_p2                  |     +    |      0|  0|    12|           3|           1|
    |i_11_fu_2321_p2                  |     +    |      0|  0|    13|           4|           1|
    |i_12_fu_2457_p2                  |     +    |      0|  0|    16|           9|           1|
    |i_13_fu_1145_p2                  |     +    |      0|  0|    16|           9|           1|
    |i_14_fu_1285_p2                  |     +    |      0|  0|    15|           5|           1|
    |i_15_fu_1339_p2                  |     +    |      0|  0|    13|           4|           1|
    |i_16_fu_1417_p2                  |     +    |      0|  0|    13|           4|           1|
    |i_17_fu_1835_p2                  |     +    |      0|  0|    12|           3|           1|
    |i_19_fu_2068_p2                  |     +    |      0|  0|    15|           8|           1|
    |i_1_fu_1171_p2                   |     +    |      0|  0|    13|           4|           1|
    |i_fu_1197_p2                     |     +    |      0|  0|    13|           4|           1|
    |k_4_fu_2532_p2                   |     +    |      0|  0|    16|           9|           1|
    |k_6_cast_fu_1324_p2              |     +    |      0|  0|    15|           8|           1|
    |k_6_fu_1251_p2                   |     +    |      0|  0|    16|           1|           9|
    |k_fu_937_p2                      |     +    |      0|  0|    16|           9|           1|
    |list_10_fu_2380_p2               |     +    |      0|  0|    10|           2|           1|
    |list_1_fu_1121_p2                |     +    |      0|  0|    10|           2|           1|
    |list_4_fu_2287_p2                |     +    |      0|  0|    10|           2|           1|
    |list_7_fu_1537_p2                |     +    |      0|  0|    10|           2|           1|
    |list_8_fu_2115_p2                |     +    |      0|  0|    10|           2|           1|
    |list_9_fu_2237_p2                |     +    |      0|  0|    10|           2|           1|
    |next_mul_fu_2125_p2              |     +    |      0|  0|    15|           5|           4|
    |r_V_fu_2488_p2                   |     +    |      0|  0|    16|           9|           9|
    |tmp_102_fu_2368_p2               |     +    |      0|  0|    15|           8|           8|
    |tmp_105_fu_1155_p2               |     +    |      0|  0|    18|          11|          11|
    |tmp_108_fu_2469_p2               |     +    |      0|  0|     9|           9|           9|
    |tmp_113_fu_2305_p2               |     +    |      0|  0|    18|          11|          11|
    |tmp_116_fu_1816_p2               |     +    |      0|  0|    18|          11|          11|
    |tmp_119_fu_2255_p2               |     +    |      0|  0|    18|          11|          11|
    |tmp_127_fu_2478_p2               |     +    |      0|  0|    18|          11|          11|
    |tmp_128_fu_2511_p2               |     +    |      0|  0|    18|          11|          11|
    |tmp_129_fu_2497_p2               |     +    |      0|  0|    18|          11|          11|
    |tmp_23198_cast_fu_2341_p2        |     +    |      0|  0|    15|           2|           8|
    |tmp_76_fu_1261_p2                |     +    |      0|  0|    13|           4|           1|
    |tmp_8026_fu_975_p2               |     +    |      0|  0|    18|          11|           3|
    |tmp_fu_2463_p2                   |     +    |      0|  0|     9|           9|           2|
    |tmp_s_fu_969_p2                  |     +    |      0|  0|    18|          11|          11|
    |w_3_fu_2426_p2                   |     +    |      0|  0|    13|           4|           1|
    |w_fu_1435_p2                     |     +    |      0|  0|    13|           4|           1|
    |grp_fu_898_p2                    |     -    |      0|  0|    13|           3|           4|
    |grp_fu_910_p2                    |     -    |      0|  0|    13|           3|           4|
    |tmp_126_fu_2410_p2               |     -    |      0|  0|    18|          11|          11|
    |tmp_8039_fu_1474_p2              |     -    |      0|  0|    15|           7|           6|
    |tmp_8074_fu_981_p2               |     -    |      0|  0|    18|          11|          11|
    |tmp_8086_fu_987_p2               |     -    |      0|  0|    18|          11|          11|
    |tmp_8109_fu_1600_p2              |     -    |      0|  0|    13|           4|           4|
    |tmp_8111_fu_1606_p2              |     -    |      0|  0|    13|           4|           4|
    |tmp_8115_fu_1636_p2              |     -    |      0|  0|    13|           3|           4|
    |tmp_8129_fu_1702_p2              |     -    |      0|  0|    13|           3|           4|
    |tmp_8153_fu_1868_p2              |     -    |      0|  0|    13|           4|           4|
    |tmp_8155_fu_1874_p2              |     -    |      0|  0|    13|           4|           4|
    |tmp_8159_fu_1904_p2              |     -    |      0|  0|    13|           3|           4|
    |tmp_8174_fu_1975_p2              |     -    |      0|  0|    13|           3|           4|
    |p_demorgan1_fu_1085_p2           |    and   |      0|  0|   519|        1280|        1280|
    |p_demorgan2_fu_1756_p2           |    and   |      0|  0|    21|          14|          14|
    |p_demorgan3_fu_2029_p2           |    and   |      0|  0|    21|          14|          14|
    |p_demorgan_fu_1024_p2            |    and   |      0|  0|   519|        1280|        1280|
    |tmp_8082_fu_1036_p2              |    and   |      0|  0|   519|        1280|        1280|
    |tmp_8083_fu_1042_p2              |    and   |      0|  0|   519|        1280|        1280|
    |tmp_8094_fu_1097_p2              |    and   |      0|  0|   519|        1280|        1280|
    |tmp_8095_fu_1103_p2              |    and   |      0|  0|   519|        1280|        1280|
    |tmp_8120_fu_1662_p2              |    and   |      0|  0|    21|          14|          14|
    |tmp_8139_fu_1768_p2              |    and   |      0|  0|    21|          14|          14|
    |tmp_8140_fu_1774_p2              |    and   |      0|  0|    21|          14|          14|
    |tmp_8164_fu_1930_p2              |    and   |      0|  0|    21|          14|          14|
    |tmp_8184_fu_2041_p2              |    and   |      0|  0|    21|          14|          14|
    |tmp_8185_fu_2047_p2              |    and   |      0|  0|    21|          14|          14|
    |tmp_82_fu_1369_p2                |    and   |      0|  0|    15|           8|           8|
    |tmp_88_fu_1465_p2                |    and   |      0|  0|    15|           8|           8|
    |tmp_98_fu_2347_p2                |    and   |      0|  0|    15|           8|           8|
    |exitcond10_fu_1531_p2            |   icmp   |      0|  0|     9|           2|           3|
    |exitcond11_fu_1555_p2            |   icmp   |      0|  0|     9|           3|           2|
    |exitcond12_fu_2281_p2            |   icmp   |      0|  0|     9|           2|           3|
    |exitcond13_fu_2109_p2            |   icmp   |      0|  0|     9|           2|           3|
    |exitcond14_fu_1829_p2            |   icmp   |      0|  0|     9|           3|           2|
    |exitcond15_fu_2231_p2            |   icmp   |      0|  0|     9|           2|           3|
    |exitcond16_fu_2063_p2            |   icmp   |      0|  0|    13|          10|          10|
    |exitcond17_fu_2315_p2            |   icmp   |      0|  0|    11|           4|           5|
    |exitcond18_fu_2374_p2            |   icmp   |      0|  0|     9|           2|           3|
    |exitcond19_fu_2420_p2            |   icmp   |      0|  0|     9|           4|           4|
    |exitcond1_fu_1115_p2             |   icmp   |      0|  0|     9|           2|           3|
    |exitcond20_fu_2452_p2            |   icmp   |      0|  0|    13|           9|           9|
    |exitcond2_fu_1165_p2             |   icmp   |      0|  0|    11|           4|           5|
    |exitcond3_fu_1191_p2             |   icmp   |      0|  0|    11|           4|           5|
    |exitcond4_fu_1139_p2             |   icmp   |      0|  0|    13|           9|          10|
    |exitcond5_fu_1245_p2             |   icmp   |      0|  0|    13|           9|          10|
    |exitcond6_fu_1280_p2             |   icmp   |      0|  0|    11|           6|           6|
    |exitcond7_fu_1333_p2             |   icmp   |      0|  0|    11|           4|           5|
    |exitcond8_fu_1411_p2             |   icmp   |      0|  0|    11|           4|           5|
    |exitcond9_fu_931_p2              |   icmp   |      0|  0|    13|           9|          10|
    |exitcond_fu_2526_p2              |   icmp   |      0|  0|    13|           9|          10|
    |grp_fu_894_p2                    |   icmp   |      0|  0|     9|           4|           4|
    |grp_fu_906_p2                    |   icmp   |      0|  0|     9|           4|           4|
    |tmp_104_fu_2432_p2               |   icmp   |      0|  0|    11|           4|           5|
    |tmp_193_fu_1799_p2               |   icmp   |      0|  0|     8|           2|           1|
    |tmp_87_fu_1793_p2                |   icmp   |      0|  0|     9|           2|           3|
    |tmp_90_fu_1494_p2                |   icmp   |      0|  0|    13|           9|           9|
    |tmp_92_fu_1567_p2                |   icmp   |      0|  0|     9|           3|           3|
    |tmp_94_fu_2103_p2                |   icmp   |      0|  0|    13|           9|           1|
    |tmp_99_fu_2352_p2                |   icmp   |      0|  0|    11|           8|           1|
    |ult1_fu_1504_p2                  |   icmp   |      0|  0|     9|           4|           4|
    |ult_fu_1384_p2                   |   icmp   |      0|  0|    11|           8|           8|
    |tmp_8032_fu_1359_p2              |   lshr   |      0|  0|   101|           2|          32|
    |tmp_8038_fu_1455_p2              |   lshr   |      0|  0|   101|           2|          32|
    |tmp_8080_fu_1018_p2              |   lshr   |      0|  0|  2171|           2|        1280|
    |tmp_8092_fu_1079_p2              |   lshr   |      0|  0|  2171|           2|        1280|
    |tmp_8118_fu_1650_p2              |   lshr   |      0|  0|    31|          14|          14|
    |tmp_8119_fu_1656_p2              |   lshr   |      0|  0|    31|           2|          14|
    |tmp_8137_fu_1750_p2              |   lshr   |      0|  0|    31|           2|          14|
    |tmp_8144_fu_2135_p2              |   lshr   |      0|  0|    61|          22|          22|
    |tmp_8149_fu_2173_p2              |   lshr   |      0|  0|    61|          22|          22|
    |tmp_8162_fu_1918_p2              |   lshr   |      0|  0|    31|          14|          14|
    |tmp_8163_fu_1924_p2              |   lshr   |      0|  0|    31|           2|          14|
    |tmp_8182_fu_2023_p2              |   lshr   |      0|  0|    31|           2|          14|
    |tmp_89_fu_1484_p2                |   lshr   |      0|  0|   101|           2|          32|
    |ll0_chan_V_fu_1048_p2            |    or    |      0|  0|   519|        1280|        1280|
    |ll1_chan_V_fu_1109_p2            |    or    |      0|  0|   519|        1280|        1280|
    |ll_pointer_V_8_fu_1780_p2        |    or    |      0|  0|    21|          14|          14|
    |ll_pointer_V_9_fu_2053_p2        |    or    |      0|  0|    21|          14|          14|
    |tmp_8043_fu_1583_p2              |    or    |      0|  0|    11|           4|           1|
    |tmp_8046_fu_1851_p2              |    or    |      0|  0|    11|           4|           1|
    |ll_pointer_V_3_fu_1786_p3        |  select  |      0|  0|    14|           1|          14|
    |sort_in_ll0_1_V_1_fu_2149_p3     |  select  |      0|  0|    11|           1|          11|
    |sort_in_ll0_1_V_2_fu_2157_p3     |  select  |      0|  0|    11|           1|          11|
    |sort_in_ll1_1_V_1_fu_2183_p3     |  select  |      0|  0|    11|           1|          11|
    |sort_in_ll1_1_V_2_fu_2191_p3     |  select  |      0|  0|    11|           1|          11|
    |sort_o_decisions_V_l_fu_2269_p3  |  select  |      0|  0|     2|           1|           1|
    |tmp_8112_fu_1612_p3              |  select  |      0|  0|     4|           1|           4|
    |tmp_8113_fu_1620_p3              |  select  |      0|  0|    14|           1|          14|
    |tmp_8114_fu_1628_p3              |  select  |      0|  0|     4|           1|           4|
    |tmp_8126_fu_1683_p3              |  select  |      0|  0|     4|           1|           4|
    |tmp_8127_fu_1689_p3              |  select  |      0|  0|     4|           1|           4|
    |tmp_8128_fu_1695_p3              |  select  |      0|  0|     4|           1|           4|
    |tmp_8135_fu_1736_p3              |  select  |      0|  0|    14|           1|          14|
    |tmp_8156_fu_1880_p3              |  select  |      0|  0|     4|           1|           4|
    |tmp_8157_fu_1888_p3              |  select  |      0|  0|    14|           1|          14|
    |tmp_8158_fu_1896_p3              |  select  |      0|  0|     4|           1|           4|
    |tmp_8171_fu_1956_p3              |  select  |      0|  0|     4|           1|           4|
    |tmp_8172_fu_1962_p3              |  select  |      0|  0|     4|           1|           4|
    |tmp_8173_fu_1968_p3              |  select  |      0|  0|     4|           1|           4|
    |tmp_8180_fu_2009_p3              |  select  |      0|  0|    14|           1|          14|
    |i_op_assign_fu_2331_p2           |    shl   |      0|  0|    21|           1|           9|
    |tmp_103_fu_2443_p2               |    shl   |      0|  0|    21|           1|           9|
    |tmp_8078_fu_1006_p2              |    shl   |      0|  0|  2171|        1280|        1280|
    |tmp_8079_fu_1012_p2              |    shl   |      0|  0|  2171|           2|        1280|
    |tmp_8090_fu_1067_p2              |    shl   |      0|  0|  2171|        1280|        1280|
    |tmp_8091_fu_1073_p2              |    shl   |      0|  0|  2171|           2|        1280|
    |tmp_8133_fu_1720_p2              |    shl   |      0|  0|    31|          14|          14|
    |tmp_8136_fu_1744_p2              |    shl   |      0|  0|    31|           2|          14|
    |tmp_8178_fu_1993_p2              |    shl   |      0|  0|    31|          14|          14|
    |tmp_8181_fu_2017_p2              |    shl   |      0|  0|    31|           2|          14|
    |tmp_83_fu_1374_p2                |    shl   |      0|  0|    19|           1|           8|
    |rev1_fu_1510_p2                  |    xor   |      0|  0|     8|           1|           2|
    |rev_fu_1390_p2                   |    xor   |      0|  0|     8|           1|           2|
    |tmp_8031_fu_1345_p2              |    xor   |      0|  0|    11|           4|           2|
    |tmp_8037_fu_1441_p2              |    xor   |      0|  0|    11|           4|           2|
    |tmp_8081_fu_1030_p2              |    xor   |      0|  0|   519|        1280|           2|
    |tmp_8093_fu_1091_p2              |    xor   |      0|  0|   519|        1280|           2|
    |tmp_8138_fu_1762_p2              |    xor   |      0|  0|    21|          14|           2|
    |tmp_8183_fu_2035_p2              |    xor   |      0|  0|    21|          14|           2|
    +---------------------------------+----------+-------+---+------+------------+------------+
    |Total                            |          |      0|  0| 20630|       16210|       18965|
    +---------------------------------+----------+-------+---+------+------------+------------+

    * Multiplexer: 
    +-------------------------------+-----+-----------+-----+-----------+
    |              Name             | LUT | Input Size| Bits| Total Bits|
    +-------------------------------+-----+-----------+-----+-----------+
    |ap_NS_fsm                      |  805|        185|    1|        185|
    |crc_dummy_V_1_fu_248           |    9|          2|    8|         16|
    |dec_mem_V_address0             |   50|         11|    9|         99|
    |dec_mem_V_ce0                  |   15|          3|    1|          3|
    |dec_mem_V_d0                   |   33|          6|    1|          6|
    |dec_mem_V_we0                  |   15|          3|    1|          3|
    |dec_mux_addr_init_V_address0   |   27|          5|    3|         15|
    |dec_mux_addr_init_V_d0         |   15|          3|    8|         24|
    |fi_bram_address0               |   15|          3|    8|         24|
    |grp_fu_894_p0                  |   15|          3|    4|         12|
    |grp_fu_894_p1                  |   15|          3|    4|         12|
    |grp_fu_898_p1                  |   15|          3|    4|         12|
    |grp_fu_906_p0                  |   15|          3|    4|         12|
    |grp_fu_906_p1                  |   15|          3|    4|         12|
    |grp_fu_910_p1                  |   15|          3|    4|         12|
    |i_18_reg_687                   |    9|          2|    8|         16|
    |i_2_reg_770                    |    9|          2|    4|          8|
    |i_3_reg_494                    |    9|          2|    9|         18|
    |i_4_reg_517                    |    9|          2|    4|          8|
    |i_5_reg_528                    |    9|          2|    4|          8|
    |i_6_reg_575                    |    9|          2|    5|         10|
    |i_7_reg_586                    |    9|          2|    4|          8|
    |i_8_reg_597                    |    9|          2|    4|          8|
    |i_9_reg_654                    |    9|          2|    3|          6|
    |i_op_assign_1_reg_803          |    9|          2|    9|         18|
    |i_s_reg_676                    |    9|          2|    3|          6|
    |indvars_iv_reg_551             |    9|          2|    9|         18|
    |k_3_reg_472                    |    9|          2|    9|         18|
    |k_5_reg_824                    |    9|          2|    9|         18|
    |list_2_reg_711                 |    9|          2|    2|          4|
    |list_3_reg_733                 |    9|          2|    2|          4|
    |list_5_reg_744                 |    9|          2|    2|          4|
    |list_6_reg_781                 |    9|          2|    2|          4|
    |list_reg_483                   |    9|          2|    2|          4|
    |ll_pointer_V_1_reg_620         |    9|          2|   14|         28|
    |ll_pointer_V_2_reg_642         |    9|          2|   14|         28|
    |ll_pointer_V_4_reg_699         |    9|          2|   14|         28|
    |ll_pointer_V_5_reg_665         |    9|          2|   14|         28|
    |ll_pointer_V_6_reg_755         |   15|          3|   14|         42|
    |muxed_dec_mem_V_address0       |   15|          3|   10|         30|
    |muxed_dec_mem_V_ce0            |   15|          3|    1|          3|
    |p_s_reg_563                    |    9|          2|    3|          6|
    |pe_enable_V_1_fu_244           |    9|          2|    8|         16|
    |pe_f_g_select_V_1_fu_232       |    9|          2|    8|         16|
    |phi_mul_reg_722                |    9|          2|    5|         10|
    |pr_list_size_V_fu_228          |   15|          3|    2|          6|
    |systematic_encoded_d_address0  |   15|          3|    9|         27|
    |systematic_encoded_d_ce0       |   15|          3|    1|          3|
    |systematic_encoded_d_we0       |    9|          2|    1|          2|
    |val_assign_reg_631             |    9|          2|    2|          4|
    |w_1_reg_609                    |    9|          2|    4|          8|
    |w_2_reg_792                    |    9|          2|    4|          8|
    +-------------------------------+-----+-----------+-----+-----------+
    |Total                          | 1443|        319|  286|        928|
    +-------------------------------+-----+-----------+-----+-----------+

    * Register: 
    +-------------------------------------------+------+----+------+-----------+
    |                    Name                   |  FF  | LUT| Bits | Const Bits|
    +-------------------------------------------+------+----+------+-----------+
    |ap_CS_fsm                                  |   184|   0|   184|          0|
    |ap_reg_grp_feedback_logic_fu_850_ap_start  |     1|   0|     1|          0|
    |ap_reg_grp_sortAndForward_fu_859_ap_start  |     1|   0|     1|          0|
    |crc_dummy_V_1_fu_248                       |     8|   0|     8|          0|
    |dec_mem_V_addr_2_reg_2762                  |     9|   0|     9|          0|
    |dec_mux_addr_init_V_1_reg_3037             |     3|   0|     3|          0|
    |fi_bram_load_reg_3150                      |     1|   0|     1|          0|
    |frozen_addr_rd_dummy_reg_2784              |     1|   0|     1|          0|
    |i_10_reg_2846                              |     3|   0|     3|          0|
    |i_11_reg_3023                              |     4|   0|     4|          0|
    |i_12_reg_3102                              |     9|   0|     9|          0|
    |i_14_reg_2757                              |     5|   0|     5|          0|
    |i_16_reg_2804                              |     4|   0|     4|          0|
    |i_17_reg_2908                              |     3|   0|     3|          0|
    |i_18_reg_687                               |     8|   0|     8|          0|
    |i_19_reg_2942                              |     8|   0|     8|          0|
    |i_2_reg_770                                |     4|   0|     4|          0|
    |i_3_reg_494                                |     9|   0|     9|          0|
    |i_4_reg_517                                |     4|   0|     4|          0|
    |i_5_reg_528                                |     4|   0|     4|          0|
    |i_6_reg_575                                |     5|   0|     5|          0|
    |i_7_reg_586                                |     4|   0|     4|          0|
    |i_8_reg_597                                |     4|   0|     4|          0|
    |i_9_reg_654                                |     3|   0|     3|          0|
    |i_op_assign_1_reg_803                      |     9|   0|     9|          0|
    |i_s_reg_676                                |     3|   0|     3|          0|
    |indvars_iv_cast_reg_2728                   |     9|   0|    10|          1|
    |indvars_iv_reg_551                         |     9|   0|     9|          0|
    |k_3_reg_472                                |     9|   0|     9|          0|
    |k_4_reg_3135                               |     9|   0|     9|          0|
    |k_5_reg_824                                |     9|   0|     9|          0|
    |k_6_cast_reg_2788                          |     8|   0|     8|          0|
    |k_6_reg_2736                               |     9|   0|     9|          0|
    |k_reg_2566                                 |     9|   0|     9|          0|
    |layer_init_dummy_V_reg_2882                |     3|   0|     3|          0|
    |lhs_V_cast_reg_3094                        |     8|   0|     9|          1|
    |list_10_reg_3045                           |     2|   0|     2|          0|
    |list_1_reg_2612                            |     2|   0|     2|          0|
    |list_2_reg_711                             |     2|   0|     2|          0|
    |list_3_reg_733                             |     2|   0|     2|          0|
    |list_5_reg_744                             |     2|   0|     2|          0|
    |list_6_reg_781                             |     2|   0|     2|          0|
    |list_7_reg_2823                            |     2|   0|     2|          0|
    |list_reg_483                               |     2|   0|     2|          0|
    |ll0_V_1_fu_236                             |  5610|   0|  5610|          0|
    |ll0_chan_V_s_reg_460                       |  1280|   0|  1280|          0|
    |ll1_V_1_fu_240                             |  5610|   0|  5610|          0|
    |ll1_chan_V_s_reg_448                       |  1280|   0|  1280|          0|
    |ll_pointer_V_1_reg_620                     |    14|   0|    14|          0|
    |ll_pointer_V_2_reg_642                     |    14|   0|    14|          0|
    |ll_pointer_V_4_reg_699                     |    14|   0|    14|          0|
    |ll_pointer_V_5_reg_665                     |    14|   0|    14|          0|
    |ll_pointer_V_6_reg_755                     |    14|   0|    14|          0|
    |ll_pointer_V_7_reg_2989                    |    14|   0|    14|          0|
    |ll_pointer_V_reg_539                       |    14|   0|    14|          0|
    |muxed_dec_mem_V_addr_reg_3107              |    10|   0|    10|          0|
    |p_s_reg_563                                |     3|   0|     3|          0|
    |pe_dec_in_V_1_fu_208                       |   510|   0|   510|          0|
    |pe_enable_V_1_fu_244                       |     8|   0|     8|          0|
    |pe_enable_V_fu_204                         |     8|   0|     8|          0|
    |pe_f_g_select_V_1_fu_232                   |     8|   0|     8|          0|
    |pe_f_g_select_V_reg_505                    |     8|   0|     8|          0|
    |phi_mul_reg_722                            |     5|   0|     5|          0|
    |pr_list_size_V_fu_228                      |     2|   0|     2|          0|
    |pr_list_size_V_load_reg_2887               |     2|   0|     2|          0|
    |sort_in_ll0_1_V_3_fu_216                   |    11|   0|    11|          0|
    |sort_in_ll0_1_V_3_l_1_reg_2974             |    11|   0|    11|          0|
    |sort_in_ll0_1_V_fu_212                     |    11|   0|    11|          0|
    |sort_in_ll0_1_V_loa_1_reg_2969             |    11|   0|    11|          0|
    |sort_in_ll1_1_V_3_fu_224                   |    11|   0|    11|          0|
    |sort_in_ll1_1_V_3_l_1_reg_2984             |    11|   0|    11|          0|
    |sort_in_ll1_1_V_fu_220                     |    11|   0|    11|          0|
    |sort_in_ll1_1_V_loa_1_reg_2979             |    11|   0|    11|          0|
    |sort_o_decisions_0_s_reg_2994              |     1|   0|     1|          0|
    |sort_o_decisions_1_s_reg_2999              |     1|   0|     1|          0|
    |storemerge_reg_814                         |     1|   0|     1|          0|
    |systematic_encoded_d_1_reg_3140            |     9|   0|     9|          0|
    |tmp_101_cast_reg_2617                      |     2|   0|    11|          9|
    |tmp_103_reg_3088                           |     9|   0|     9|          0|
    |tmp_104_reg_3079                           |     1|   0|     1|          0|
    |tmp_124_cast_reg_3050                      |     2|   0|    11|          9|
    |tmp_126_reg_3056                           |    11|   0|    11|          0|
    |tmp_76_cast_reg_2742                       |     4|   0|     6|          2|
    |tmp_8036_reg_2833                          |     2|   0|     3|          1|
    |tmp_8042_reg_2856                          |     3|   0|     4|          1|
    |tmp_8043_reg_2865                          |     3|   0|     4|          1|
    |tmp_8044_reg_2900                          |     2|   0|     3|          1|
    |tmp_8045_reg_2913                          |     3|   0|     4|          1|
    |tmp_8046_reg_2922                          |     3|   0|     4|          1|
    |tmp_8074_reg_2584                          |    11|   0|    11|          0|
    |tmp_8086_reg_2594                          |    11|   0|    11|          0|
    |tmp_8099_reg_2721                          |     8|   0|     8|          0|
    |tmp_80_cast_reg_2777                       |     9|   0|    11|          2|
    |tmp_8103_reg_2828                          |     1|   0|     1|          0|
    |tmp_8122_reg_2872                          |     2|   0|     2|          0|
    |tmp_8167_reg_2929                          |     2|   0|     2|          0|
    |tmp_8189_reg_3028                          |     8|   0|     8|          0|
    |tmp_87_reg_2893                            |     1|   0|     1|          0|
    |tmp_92_reg_2851                            |     1|   0|     1|          0|
    |tmp_94_reg_2952                            |     1|   0|     1|          0|
    |tmp_99_reg_3033                            |     1|   0|     1|          0|
    |tmp_s_reg_2576                             |    11|   0|    11|          0|
    |val_assign_reg_631                         |     2|   0|     2|          0|
    |w_1_reg_609                                |     4|   0|     4|          0|
    |w_2_cast3_reg_3066                         |     4|   0|     9|          5|
    |w_2_reg_792                                |     4|   0|     4|          0|
    |w_3_reg_3074                               |     4|   0|     4|          0|
    +-------------------------------------------+------+----+------+-----------+
    |Total                                      | 15071|   0| 15106|         35|
    +-------------------------------------------+------+----+------+-----------+



================================================================
== Interface
================================================================
* Summary: 
+--------------------+-----+-----+------------+--------------+--------------+
|      RTL Ports     | Dir | Bits|  Protocol  | Source Object|    C Type    |
+--------------------+-----+-----+------------+--------------+--------------+
|ap_clk              |  in |    1| ap_ctrl_hs |   list_scd   | return value |
|ap_rst              |  in |    1| ap_ctrl_hs |   list_scd   | return value |
|ap_start            |  in |    1| ap_ctrl_hs |   list_scd   | return value |
|ap_done             | out |    1| ap_ctrl_hs |   list_scd   | return value |
|ap_idle             | out |    1| ap_ctrl_hs |   list_scd   | return value |
|ap_ready            | out |    1| ap_ctrl_hs |   list_scd   | return value |
|ll0_in_V_address0   | out |    8|  ap_memory |   ll0_in_V   |     array    |
|ll0_in_V_ce0        | out |    1|  ap_memory |   ll0_in_V   |     array    |
|ll0_in_V_q0         |  in |    5|  ap_memory |   ll0_in_V   |     array    |
|ll1_in_V_address0   | out |    8|  ap_memory |   ll1_in_V   |     array    |
|ll1_in_V_ce0        | out |    1|  ap_memory |   ll1_in_V   |     array    |
|ll1_in_V_q0         |  in |    5|  ap_memory |   ll1_in_V   |     array    |
|dec_out_V_address0  | out |    8|  ap_memory |   dec_out_V  |     array    |
|dec_out_V_ce0       | out |    1|  ap_memory |   dec_out_V  |     array    |
|dec_out_V_we0       | out |    1|  ap_memory |   dec_out_V  |     array    |
|dec_out_V_d0        | out |    1|  ap_memory |   dec_out_V  |     array    |
+--------------------+-----+-----+------------+--------------+--------------+

