

================================================================
== Vivado HLS Report for 'comparator'
================================================================
* Date:           Fri Dec 15 11:13:00 2017

* Version:        2017.3 (Build 2018833 on Wed Oct 04 20:30:40 MDT 2017)
* Project:        decoder_working
* Solution:       comparator_unoptimized
* Product family: zynq
* Target device:  xc7z020clg484-1


================================================================
== Performance Estimates
================================================================
+ Timing (ns): 
    * Summary: 
    +--------+-------+----------+------------+
    |  Clock | Target| Estimated| Uncertainty|
    +--------+-------+----------+------------+
    |ap_clk  |  10.00|      4.64|        1.25|
    +--------+-------+----------+------------+

+ Latency (clock cycles): 
    * Summary: 
    +-----+-----+-----+-----+---------+
    |  Latency  |  Interval | Pipeline|
    | min | max | min | max |   Type  |
    +-----+-----+-----+-----+---------+
    |    7|    7|    8|    8|   none  |
    +-----+-----+-----+-----+---------+

    + Detail: 
        * Instance: 
        N/A

        * Loop: 
        +-----------------+-----+-----+----------+-----------+-----------+------+----------+
        |                 |  Latency  | Iteration|  Initiation Interval  | Trip |          |
        |    Loop Name    | min | max |  Latency |  achieved |   target  | Count| Pipelined|
        +-----------------+-----+-----+----------+-----------+-----------+------+----------+
        |- comparator_lp  |    6|    6|         3|          -|          -|     2|    no    |
        +-----------------+-----+-----+----------+-----------+-----------+------+----------+



================================================================
== Utilization Estimates
================================================================
* Summary: 
+-----------------+---------+-------+--------+-------+
|       Name      | BRAM_18K| DSP48E|   FF   |  LUT  |
+-----------------+---------+-------+--------+-------+
|DSP              |        -|      -|       -|      -|
|Expression       |        -|      -|       0|     32|
|FIFO             |        -|      -|       -|      -|
|Instance         |        -|      -|       -|      -|
|Memory           |        -|      -|       -|      -|
|Multiplexer      |        -|      -|       -|    171|
|Register         |        -|      -|      11|      -|
+-----------------+---------+-------+--------+-------+
|Total            |        0|      0|      11|    203|
+-----------------+---------+-------+--------+-------+
|Available        |      280|    220|  106400|  53200|
+-----------------+---------+-------+--------+-------+
|Utilization (%)  |        0|      0|   ~0   |   ~0  |
+-----------------+---------+-------+--------+-------+

+ Detail: 
    * Instance: 
    N/A

    * DSP48: 
    N/A

    * Memory: 
    N/A

    * FIFO: 
    N/A

    * Expression: 
    +--------------------+----------+-------+---+----+------------+------------+
    |    Variable Name   | Operation| DSP48E| FF| LUT| Bitwidth P0| Bitwidth P1|
    +--------------------+----------+-------+---+----+------------+------------+
    |k_1_fu_199_p2       |     +    |      0|  0|  10|           2|           1|
    |exitcond_fu_193_p2  |   icmp   |      0|  0|   9|           2|           3|
    |tmp_1_fu_211_p2     |   icmp   |      0|  0|  13|          11|          11|
    +--------------------+----------+-------+---+----+------------+------------+
    |Total               |          |      0|  0|  32|          15|          15|
    +--------------------+----------+-------+---+----+------------+------------+

    * Multiplexer: 
    +----------------------+----+-----------+-----+-----------+
    |         Name         | LUT| Input Size| Bits| Total Bits|
    +----------------------+----+-----------+-----+-----------+
    |ap_NS_fsm             |  27|          5|    1|          5|
    |in0_index_V_address0  |  15|          3|    1|          3|
    |in1_index_V_address0  |  15|          3|    1|          3|
    |k_reg_182             |   9|          2|    2|          4|
    |max_data_V_d0         |  15|          3|   11|         33|
    |max_index_V_address0  |  15|          3|    1|          3|
    |max_index_V_d0        |  15|          3|    2|          6|
    |min_data_V_address0   |  15|          3|    1|          3|
    |min_data_V_d0         |  15|          3|   11|         33|
    |min_index_V_address0  |  15|          3|    1|          3|
    |min_index_V_d0        |  15|          3|    2|          6|
    +----------------------+----+-----------+-----+-----------+
    |Total                 | 171|         34|   34|        102|
    +----------------------+----+-----------+-----+-----------+

    * Register: 
    +---------------+---+----+-----+-----------+
    |      Name     | FF| LUT| Bits| Const Bits|
    +---------------+---+----+-----+-----------+
    |ap_CS_fsm      |  4|   0|    4|          0|
    |k_1_reg_220    |  2|   0|    2|          0|
    |k_reg_182      |  2|   0|    2|          0|
    |tmp_1_reg_250  |  1|   0|    1|          0|
    |tmp_reg_225    |  2|   0|   64|         62|
    +---------------+---+----+-----+-----------+
    |Total          | 11|   0|   73|         62|
    +---------------+---+----+-----+-----------+



================================================================
== Interface
================================================================
* Summary: 
+----------------------+-----+-----+------------+--------------+--------------+
|       RTL Ports      | Dir | Bits|  Protocol  | Source Object|    C Type    |
+----------------------+-----+-----+------------+--------------+--------------+
|ap_clk                |  in |    1| ap_ctrl_hs |  comparator  | return value |
|ap_rst                |  in |    1| ap_ctrl_hs |  comparator  | return value |
|ap_start              |  in |    1| ap_ctrl_hs |  comparator  | return value |
|ap_done               | out |    1| ap_ctrl_hs |  comparator  | return value |
|ap_idle               | out |    1| ap_ctrl_hs |  comparator  | return value |
|ap_ready              | out |    1| ap_ctrl_hs |  comparator  | return value |
|in0_data_V_address0   | out |    1|  ap_memory |  in0_data_V  |     array    |
|in0_data_V_ce0        | out |    1|  ap_memory |  in0_data_V  |     array    |
|in0_data_V_q0         |  in |   11|  ap_memory |  in0_data_V  |     array    |
|in0_index_V_address0  | out |    1|  ap_memory |  in0_index_V |     array    |
|in0_index_V_ce0       | out |    1|  ap_memory |  in0_index_V |     array    |
|in0_index_V_q0        |  in |    2|  ap_memory |  in0_index_V |     array    |
|in1_data_V_address0   | out |    1|  ap_memory |  in1_data_V  |     array    |
|in1_data_V_ce0        | out |    1|  ap_memory |  in1_data_V  |     array    |
|in1_data_V_q0         |  in |   11|  ap_memory |  in1_data_V  |     array    |
|in1_index_V_address0  | out |    1|  ap_memory |  in1_index_V |     array    |
|in1_index_V_ce0       | out |    1|  ap_memory |  in1_index_V |     array    |
|in1_index_V_q0        |  in |    2|  ap_memory |  in1_index_V |     array    |
|max_data_V_address0   | out |    1|  ap_memory |  max_data_V  |     array    |
|max_data_V_ce0        | out |    1|  ap_memory |  max_data_V  |     array    |
|max_data_V_we0        | out |    1|  ap_memory |  max_data_V  |     array    |
|max_data_V_d0         | out |   11|  ap_memory |  max_data_V  |     array    |
|max_index_V_address0  | out |    1|  ap_memory |  max_index_V |     array    |
|max_index_V_ce0       | out |    1|  ap_memory |  max_index_V |     array    |
|max_index_V_we0       | out |    1|  ap_memory |  max_index_V |     array    |
|max_index_V_d0        | out |    2|  ap_memory |  max_index_V |     array    |
|min_data_V_address0   | out |    1|  ap_memory |  min_data_V  |     array    |
|min_data_V_ce0        | out |    1|  ap_memory |  min_data_V  |     array    |
|min_data_V_we0        | out |    1|  ap_memory |  min_data_V  |     array    |
|min_data_V_d0         | out |   11|  ap_memory |  min_data_V  |     array    |
|min_index_V_address0  | out |    1|  ap_memory |  min_index_V |     array    |
|min_index_V_ce0       | out |    1|  ap_memory |  min_index_V |     array    |
|min_index_V_we0       | out |    1|  ap_memory |  min_index_V |     array    |
|min_index_V_d0        | out |    2|  ap_memory |  min_index_V |     array    |
+----------------------+-----+-----+------------+--------------+--------------+

