

================================================================
== Vivado HLS Report for 'dft'
================================================================
* Date:           Tue Nov  7 13:11:38 2017

* Version:        2017.3 (Build 2018833 on Wed Oct 04 20:30:40 MDT 2017)
* Project:        dft_256_q4
* Solution:       solution1
* Product family: kintex7
* Target device:  xc7k160tfbg484-2


================================================================
== Performance Estimates
================================================================
+ Timing (ns): 
    * Summary: 
    +--------+-------+----------+------------+
    |  Clock | Target| Estimated| Uncertainty|
    +--------+-------+----------+------------+
    |ap_clk  |  10.00|      8.68|        1.25|
    +--------+-------+----------+------------+

+ Latency (clock cycles): 
    * Summary: 
    +---------+---------+---------+---------+---------+
    |      Latency      |      Interval     | Pipeline|
    |   min   |   max   |   min   |   max   |   Type  |
    +---------+---------+---------+---------+---------+
    |  1180161|  1180161|  1180162|  1180162|   none  |
    +---------+---------+---------+---------+---------+

    + Detail: 
        * Instance: 
        N/A

        * Loop: 
        +-------------+---------+---------+----------+-----------+-----------+------+----------+
        |             |      Latency      | Iteration|  Initiation Interval  | Trip |          |
        |  Loop Name  |   min   |   max   |  Latency |  achieved |   target  | Count| Pipelined|
        +-------------+---------+---------+----------+-----------+-----------+------+----------+
        |- Loop 1     |  1180160|  1180160|      4610|          -|          -|   256|    no    |
        | + Loop 1.1  |     4608|     4608|        18|          -|          -|   256|    no    |
        +-------------+---------+---------+----------+-----------+-----------+------+----------+



================================================================
== Utilization Estimates
================================================================
* Summary: 
+-----------------+---------+-------+--------+--------+
|       Name      | BRAM_18K| DSP48E|   FF   |   LUT  |
+-----------------+---------+-------+--------+--------+
|DSP              |        -|      -|       -|       -|
|Expression       |        -|      -|       0|      74|
|FIFO             |        -|      -|       -|       -|
|Instance         |        -|     50|    2742|    3116|
|Memory           |        2|      -|       0|       0|
|Multiplexer      |        -|      -|       -|     219|
|Register         |        -|      -|     858|       -|
+-----------------+---------+-------+--------+--------+
|Total            |        2|     50|    3600|    3409|
+-----------------+---------+-------+--------+--------+
|Available        |      650|    600|  202800|  101400|
+-----------------+---------+-------+--------+--------+
|Utilization (%)  |    ~0   |      8|       1|       3|
+-----------------+---------+-------+--------+--------+

+ Detail: 
    * Instance: 
    +--------------------------+----------------------+---------+-------+-----+-----+
    |         Instance         |        Module        | BRAM_18K| DSP48E|  FF | LUT |
    +--------------------------+----------------------+---------+-------+-----+-----+
    |dft_dadd_64ns_64ng8j_U8   |dft_dadd_64ns_64ng8j  |        0|      3|  445|  782|
    |dft_dadddsub_64nsfYi_U7   |dft_dadddsub_64nsfYi  |        0|      3|  445|  782|
    |dft_dmul_64ns_64nhbi_U9   |dft_dmul_64ns_64nhbi  |        0|     11|  299|  203|
    |dft_dmul_64ns_64nhbi_U10  |dft_dmul_64ns_64nhbi  |        0|     11|  299|  203|
    |dft_dmul_64ns_64nhbi_U11  |dft_dmul_64ns_64nhbi  |        0|     11|  299|  203|
    |dft_dmul_64ns_64nhbi_U12  |dft_dmul_64ns_64nhbi  |        0|     11|  299|  203|
    |dft_fpext_32ns_64eOg_U3   |dft_fpext_32ns_64eOg  |        0|      0|  100|  138|
    |dft_fpext_32ns_64eOg_U4   |dft_fpext_32ns_64eOg  |        0|      0|  100|  138|
    |dft_fpext_32ns_64eOg_U5   |dft_fpext_32ns_64eOg  |        0|      0|  100|  138|
    |dft_fpext_32ns_64eOg_U6   |dft_fpext_32ns_64eOg  |        0|      0|  100|  138|
    |dft_fptrunc_64ns_dEe_U1   |dft_fptrunc_64ns_dEe  |        0|      0|  128|   94|
    |dft_fptrunc_64ns_dEe_U2   |dft_fptrunc_64ns_dEe  |        0|      0|  128|   94|
    +--------------------------+----------------------+---------+-------+-----+-----+
    |Total                     |                      |        0|     50| 2742| 3116|
    +--------------------------+----------------------+---------+-------+-----+-----+

    * DSP48: 
    N/A

    * Memory: 
    +------------------------+----------------------+---------+---+----+------+-----+------+-------------+
    |         Memory         |        Module        | BRAM_18K| FF| LUT| Words| Bits| Banks| W*Bits*Banks|
    +------------------------+----------------------+---------+---+----+------+-----+------+-------------+
    |cos_coefficients_tab_U  |dft_cos_coefficiebkb  |        1|  0|   0|   512|   32|     1|        16384|
    |sin_coefficients_tab_U  |dft_sin_coefficiecud  |        1|  0|   0|   512|   32|     1|        16384|
    +------------------------+----------------------+---------+---+----+------+-----+------+-------------+
    |Total                   |                      |        2|  0|   0|  1024|   64|     2|        32768|
    +------------------------+----------------------+---------+---+----+------+-----+------+-------------+

    * FIFO: 
    N/A

    * Expression: 
    +---------------------+----------+-------+---+----+------------+------------+
    |    Variable Name    | Operation| DSP48E| FF| LUT| Bitwidth P0| Bitwidth P1|
    +---------------------+----------+-------+---+----+------------+------------+
    |i_1_fu_204_p2        |     +    |      0|  0|  16|           9|           1|
    |j_1_fu_222_p2        |     +    |      0|  0|  16|           9|           1|
    |next_mul_fu_228_p2   |     +    |      0|  0|  16|           9|           9|
    |exitcond1_fu_198_p2  |   icmp   |      0|  0|  13|           9|          10|
    |exitcond_fu_216_p2   |   icmp   |      0|  0|  13|           9|          10|
    +---------------------+----------+-------+---+----+------------+------------+
    |Total                |          |      0|  0|  74|          45|          31|
    +---------------------+----------+-------+---+----+------------+------------+

    * Multiplexer: 
    +-------------------+-----+-----------+-----+-----------+
    |        Name       | LUT | Input Size| Bits| Total Bits|
    +-------------------+-----+-----------+-----+-----------+
    |ap_NS_fsm          |  101|         21|    1|         21|
    |grp_fu_140_p0      |   13|          3|   32|         96|
    |grp_fu_144_p0      |   13|          3|   32|         96|
    |grp_fu_156_opcode  |   13|          3|    2|          6|
    |grp_fu_156_p0      |   13|          3|   64|        192|
    |grp_fu_156_p1      |   13|          3|   64|        192|
    |grp_fu_160_p0      |   13|          3|   64|        192|
    |grp_fu_160_p1      |   13|          3|   64|        192|
    |i_reg_100          |    9|          2|    9|         18|
    |j_reg_112          |    9|          2|    9|         18|
    |phi_mul_reg_123    |    9|          2|    9|         18|
    +-------------------+-----+-----------+-----+-----------+
    |Total              |  219|         48|  350|       1041|
    +-------------------+-----+-----------+-----+-----------+

    * Register: 
    +--------------------------+----+----+-----+-----------+
    |           Name           | FF | LUT| Bits| Const Bits|
    +--------------------------+----+----+-----+-----------+
    |ap_CS_fsm                 |  20|   0|   20|          0|
    |i_1_reg_253               |   9|   0|    9|          0|
    |i_reg_100                 |   9|   0|    9|          0|
    |j_1_reg_271               |   9|   0|    9|          0|
    |j_reg_112                 |   9|   0|    9|          0|
    |next_mul_reg_276          |   9|   0|    9|          0|
    |phi_mul_reg_123           |   9|   0|    9|          0|
    |reg_184                   |  64|   0|   64|          0|
    |reg_191                   |  64|   0|   64|          0|
    |sample_imag_addr_reg_263  |   8|   0|    8|          0|
    |sample_imag_load_reg_348  |  32|   0|   32|          0|
    |sample_real_addr_reg_258  |   8|   0|    8|          0|
    |sample_real_load_reg_338  |  32|   0|   32|          0|
    |tmp_10_reg_323            |  64|   0|   64|          0|
    |tmp_11_reg_328            |  64|   0|   64|          0|
    |tmp_12_reg_343            |  64|   0|   64|          0|
    |tmp_15_reg_358            |  32|   0|   32|          0|
    |tmp_3_reg_353             |  32|   0|   32|          0|
    |tmp_6_reg_301             |  64|   0|   64|          0|
    |tmp_7_reg_313             |  64|   0|   64|          0|
    |tmp_8_reg_307             |  64|   0|   64|          0|
    |tmp_9_reg_318             |  64|   0|   64|          0|
    |tmp_s_reg_333             |  64|   0|   64|          0|
    +--------------------------+----+----+-----+-----------+
    |Total                     | 858|   0|  858|          0|
    +--------------------------+----+----+-----+-----------+



================================================================
== Interface
================================================================
* Summary: 
+----------------------+-----+-----+------------+--------------+--------------+
|       RTL Ports      | Dir | Bits|  Protocol  | Source Object|    C Type    |
+----------------------+-----+-----+------------+--------------+--------------+
|ap_clk                |  in |    1| ap_ctrl_hs |      dft     | return value |
|ap_rst                |  in |    1| ap_ctrl_hs |      dft     | return value |
|ap_start              |  in |    1| ap_ctrl_hs |      dft     | return value |
|ap_done               | out |    1| ap_ctrl_hs |      dft     | return value |
|ap_idle               | out |    1| ap_ctrl_hs |      dft     | return value |
|ap_ready              | out |    1| ap_ctrl_hs |      dft     | return value |
|input_real_address0   | out |    8|  ap_memory |  input_real  |     array    |
|input_real_ce0        | out |    1|  ap_memory |  input_real  |     array    |
|input_real_q0         |  in |   32|  ap_memory |  input_real  |     array    |
|input_imag_address0   | out |    8|  ap_memory |  input_imag  |     array    |
|input_imag_ce0        | out |    1|  ap_memory |  input_imag  |     array    |
|input_imag_q0         |  in |   32|  ap_memory |  input_imag  |     array    |
|sample_real_address0  | out |    8|  ap_memory |  sample_real |     array    |
|sample_real_ce0       | out |    1|  ap_memory |  sample_real |     array    |
|sample_real_we0       | out |    1|  ap_memory |  sample_real |     array    |
|sample_real_d0        | out |   32|  ap_memory |  sample_real |     array    |
|sample_real_q0        |  in |   32|  ap_memory |  sample_real |     array    |
|sample_imag_address0  | out |    8|  ap_memory |  sample_imag |     array    |
|sample_imag_ce0       | out |    1|  ap_memory |  sample_imag |     array    |
|sample_imag_we0       | out |    1|  ap_memory |  sample_imag |     array    |
|sample_imag_d0        | out |   32|  ap_memory |  sample_imag |     array    |
|sample_imag_q0        |  in |   32|  ap_memory |  sample_imag |     array    |
+----------------------+-----+-----+------------+--------------+--------------+

