

================================================================
== Vivado HLS Report for 'dft'
================================================================
* Date:           Sun Nov  5 20:46:57 2017

* Version:        2017.2 (Build 1909853 on Thu Jun 15 18:55:24 MDT 2017)
* Project:        dft256_opt1
* Solution:       solution1
* Product family: kintex7
* Target device:  xc7k70tfbg484-2


================================================================
== Performance Estimates
================================================================
+ Timing (ns): 
    * Summary: 
    +--------+-------+----------+------------+
    |  Clock | Target| Estimated| Uncertainty|
    +--------+-------+----------+------------+
    |ap_clk  |  10.00|      8.68|        1.25|
    +--------+-------+----------+------------+

+ Latency (clock cycles): 
    * Summary: 
    +---------+---------+---------+---------+---------+
    |      Latency      |      Interval     | Pipeline|
    |   min   |   max   |   min   |   max   |   Type  |
    +---------+---------+---------+---------+---------+
    |  1180161|  1180161|  1180162|  1180162|   none  |
    +---------+---------+---------+---------+---------+

    + Detail: 
        * Instance: 
        N/A

        * Loop: 
        +-------------+---------+---------+----------+-----------+-----------+------+----------+
        |             |      Latency      | Iteration|  Initiation Interval  | Trip |          |
        |  Loop Name  |   min   |   max   |  Latency |  achieved |   target  | Count| Pipelined|
        +-------------+---------+---------+----------+-----------+-----------+------+----------+
        |- Loop 1     |  1180160|  1180160|      4610|          -|          -|   256|    no    |
        | + Loop 1.1  |     4608|     4608|        18|          -|          -|   256|    no    |
        +-------------+---------+---------+----------+-----------+-----------+------+----------+



================================================================
== Utilization Estimates
================================================================
* Summary: 
+-----------------+---------+-------+-------+-------+
|       Name      | BRAM_18K| DSP48E|   FF  |  LUT  |
+-----------------+---------+-------+-------+-------+
|DSP              |        -|      -|      -|      -|
|Expression       |        -|      0|     64|    100|
|FIFO             |        -|      -|      -|      -|
|Instance         |        -|     50|   2742|   3116|
|Memory           |      256|      -|      0|      0|
|Multiplexer      |        -|      -|      -|    214|
|Register         |        -|      -|    848|      -|
+-----------------+---------+-------+-------+-------+
|Total            |      256|     50|   3654|   3430|
+-----------------+---------+-------+-------+-------+
|Available        |      270|    240|  84400|  42200|
+-----------------+---------+-------+-------+-------+
|Utilization (%)  |       94|     20|      4|      8|
+-----------------+---------+-------+-------+-------+

+ Detail: 
    * Instance: 
    +--------------------------+----------------------+---------+-------+-----+-----+
    |         Instance         |        Module        | BRAM_18K| DSP48E|  FF | LUT |
    +--------------------------+----------------------+---------+-------+-----+-----+
    |dft_dadd_64ns_64nfYi_U8   |dft_dadd_64ns_64nfYi  |        0|      3|  445|  782|
    |dft_dadddsub_64nseOg_U7   |dft_dadddsub_64nseOg  |        0|      3|  445|  782|
    |dft_dmul_64ns_64ng8j_U9   |dft_dmul_64ns_64ng8j  |        0|     11|  299|  203|
    |dft_dmul_64ns_64ng8j_U10  |dft_dmul_64ns_64ng8j  |        0|     11|  299|  203|
    |dft_dmul_64ns_64ng8j_U11  |dft_dmul_64ns_64ng8j  |        0|     11|  299|  203|
    |dft_dmul_64ns_64ng8j_U12  |dft_dmul_64ns_64ng8j  |        0|     11|  299|  203|
    |dft_fpext_32ns_64_1_U3    |dft_fpext_32ns_64_1   |        0|      0|  100|  138|
    |dft_fpext_32ns_64_1_U4    |dft_fpext_32ns_64_1   |        0|      0|  100|  138|
    |dft_fpext_32ns_64_1_U5    |dft_fpext_32ns_64_1   |        0|      0|  100|  138|
    |dft_fpext_32ns_64_1_U6    |dft_fpext_32ns_64_1   |        0|      0|  100|  138|
    |dft_fptrunc_64ns_dEe_U1   |dft_fptrunc_64ns_dEe  |        0|      0|  128|   94|
    |dft_fptrunc_64ns_dEe_U2   |dft_fptrunc_64ns_dEe  |        0|      0|  128|   94|
    +--------------------------+----------------------+---------+-------+-----+-----+
    |Total                     |                      |        0|     50| 2742| 3116|
    +--------------------------+----------------------+---------+-------+-----+-----+

    * DSP48: 
    N/A

    * Memory: 
    +------------------------+----------------------+---------+---+----+-------+-----+------+-------------+
    |         Memory         |        Module        | BRAM_18K| FF| LUT| Words | Bits| Banks| W*Bits*Banks|
    +------------------------+----------------------+---------+---+----+-------+-----+------+-------------+
    |cos_coefficients_tab_U  |dft_cos_coefficiebkb  |      128|  0|   0|  65536|   32|     1|      2097152|
    |sin_coefficients_tab_U  |dft_sin_coefficiecud  |      128|  0|   0|  65536|   32|     1|      2097152|
    +------------------------+----------------------+---------+---+----+-------+-----+------+-------------+
    |Total                   |                      |      256|  0|   0| 131072|   64|     2|      4194304|
    +------------------------+----------------------+---------+---+----+-------+-----+------+-------------+

    * FIFO: 
    N/A

    * Expression: 
    +---------------------+----------+-------+----+----+------------+------------+
    |    Variable Name    | Operation| DSP48E| FF | LUT| Bitwidth P0| Bitwidth P1|
    +---------------------+----------+-------+----+----+------------+------------+
    |tmp_2_fu_224_p2      |     *    |      0|   0|  62|           8|           8|
    |i_1_fu_196_p2        |     +    |      0|  32|  14|           1|           9|
    |j_1_fu_218_p2        |     +    |      0|  32|  14|           1|           9|
    |exitcond1_fu_190_p2  |   icmp   |      0|   0|   5|           9|          10|
    |exitcond_fu_212_p2   |   icmp   |      0|   0|   5|           9|          10|
    +---------------------+----------+-------+----+----+------------+------------+
    |Total                |          |      0|  64| 100|          28|          46|
    +---------------------+----------+-------+----+----+------------+------------+

    * Multiplexer: 
    +-------------------+-----+-----------+-----+-----------+
    |        Name       | LUT | Input Size| Bits| Total Bits|
    +-------------------+-----+-----------+-----+-----------+
    |ap_NS_fsm          |  105|         21|    1|         21|
    |grp_fu_128_p0      |   13|          3|   32|         96|
    |grp_fu_132_p0      |   13|          3|   32|         96|
    |grp_fu_144_opcode  |   13|          3|    2|          6|
    |grp_fu_144_p0      |   13|          3|   64|        192|
    |grp_fu_144_p1      |   13|          3|   64|        192|
    |grp_fu_148_p0      |   13|          3|   64|        192|
    |grp_fu_148_p1      |   13|          3|   64|        192|
    |i_reg_100          |    9|          2|    9|         18|
    |j_reg_111          |    9|          2|    9|         18|
    +-------------------+-----+-----------+-----+-----------+
    |Total              |  214|         46|  341|       1023|
    +-------------------+-----+-----------+-----+-----------+

    * Register: 
    +--------------------------+----+----+-----+-----------+
    |           Name           | FF | LUT| Bits| Const Bits|
    +--------------------------+----+----+-----+-----------+
    |ap_CS_fsm                 |  20|   0|   20|          0|
    |i_1_reg_249               |   9|   0|    9|          0|
    |i_reg_100                 |   9|   0|    9|          0|
    |j_1_reg_267               |   9|   0|    9|          0|
    |j_reg_111                 |   9|   0|    9|          0|
    |reg_172                   |  64|   0|   64|          0|
    |reg_179                   |  64|   0|   64|          0|
    |sample_imag_addr_reg_259  |   8|   0|    8|          0|
    |sample_imag_load_reg_339  |  32|   0|   32|          0|
    |sample_real_addr_reg_254  |   8|   0|    8|          0|
    |sample_real_load_reg_329  |  32|   0|   32|          0|
    |tmp_10_reg_344            |  32|   0|   32|          0|
    |tmp_11_reg_314            |  64|   0|   64|          0|
    |tmp_12_reg_319            |  64|   0|   64|          0|
    |tmp_13_reg_334            |  64|   0|   64|          0|
    |tmp_16_reg_349            |  32|   0|   32|          0|
    |tmp_17_reg_241            |   8|   0|    8|          0|
    |tmp_6_reg_292             |  64|   0|   64|          0|
    |tmp_7_reg_304             |  64|   0|   64|          0|
    |tmp_8_reg_298             |  64|   0|   64|          0|
    |tmp_9_reg_309             |  64|   0|   64|          0|
    |tmp_s_reg_324             |  64|   0|   64|          0|
    +--------------------------+----+----+-----+-----------+
    |Total                     | 848|   0|  848|          0|
    +--------------------------+----+----+-----+-----------+



================================================================
== Interface
================================================================
* Summary: 
+----------------------+-----+-----+------------+--------------+--------------+
|       RTL Ports      | Dir | Bits|  Protocol  | Source Object|    C Type    |
+----------------------+-----+-----+------------+--------------+--------------+
|ap_clk                |  in |    1| ap_ctrl_hs |      dft     | return value |
|ap_rst                |  in |    1| ap_ctrl_hs |      dft     | return value |
|ap_start              |  in |    1| ap_ctrl_hs |      dft     | return value |
|ap_done               | out |    1| ap_ctrl_hs |      dft     | return value |
|ap_idle               | out |    1| ap_ctrl_hs |      dft     | return value |
|ap_ready              | out |    1| ap_ctrl_hs |      dft     | return value |
|input_real_address0   | out |    8|  ap_memory |  input_real  |     array    |
|input_real_ce0        | out |    1|  ap_memory |  input_real  |     array    |
|input_real_q0         |  in |   32|  ap_memory |  input_real  |     array    |
|input_imag_address0   | out |    8|  ap_memory |  input_imag  |     array    |
|input_imag_ce0        | out |    1|  ap_memory |  input_imag  |     array    |
|input_imag_q0         |  in |   32|  ap_memory |  input_imag  |     array    |
|sample_real_address0  | out |    8|  ap_memory |  sample_real |     array    |
|sample_real_ce0       | out |    1|  ap_memory |  sample_real |     array    |
|sample_real_we0       | out |    1|  ap_memory |  sample_real |     array    |
|sample_real_d0        | out |   32|  ap_memory |  sample_real |     array    |
|sample_real_q0        |  in |   32|  ap_memory |  sample_real |     array    |
|sample_imag_address0  | out |    8|  ap_memory |  sample_imag |     array    |
|sample_imag_ce0       | out |    1|  ap_memory |  sample_imag |     array    |
|sample_imag_we0       | out |    1|  ap_memory |  sample_imag |     array    |
|sample_imag_d0        | out |   32|  ap_memory |  sample_imag |     array    |
|sample_imag_q0        |  in |   32|  ap_memory |  sample_imag |     array    |
+----------------------+-----+-----+------------+--------------+--------------+

