

================================================================
== Vivado HLS Report for 'cordiccart2pol'
================================================================
* Date:           Mon Oct 23 18:36:45 2017

* Version:        2017.2 (Build 1909853 on Thu Jun 15 18:55:24 MDT 2017)
* Project:        cordic_cart2_polar
* Solution:       solution3_less_than_16
* Product family: kintex7
* Target device:  xc7k160tfbg484-2


================================================================
== Performance Estimates
================================================================
+ Timing (ns): 
    * Summary: 
    +--------+-------+----------+------------+
    |  Clock | Target| Estimated| Uncertainty|
    +--------+-------+----------+------------+
    |ap_clk  |  10.00|      8.75|        1.25|
    +--------+-------+----------+------------+

+ Latency (clock cycles): 
    * Summary: 
    +-----+-----+-----+-----+---------+
    |  Latency  |  Interval | Pipeline|
    | min | max | min | max |   Type  |
    +-----+-----+-----+-----+---------+
    |   50|   50|   51|   51|   none  |
    +-----+-----+-----+-----+---------+

    + Detail: 
        * Instance: 
        N/A

        * Loop: 
        +----------+-----+-----+----------+-----------+-----------+------+----------+
        |          |  Latency  | Iteration|  Initiation Interval  | Trip |          |
        | Loop Name| min | max |  Latency |  achieved |   target  | Count| Pipelined|
        +----------+-----+-----+----------+-----------+-----------+------+----------+
        |- Loop 1  |   48|   48|         3|          -|          -|    16|    no    |
        +----------+-----+-----+----------+-----------+-----------+------+----------+



================================================================
== Utilization Estimates
================================================================
* Summary: 
+-----------------+---------+-------+--------+--------+
|       Name      | BRAM_18K| DSP48E|   FF   |   LUT  |
+-----------------+---------+-------+--------+--------+
|DSP              |        -|      2|       -|       -|
|Expression       |        -|      2|     739|     415|
|FIFO             |        -|      -|       -|       -|
|Instance         |        -|      -|       -|       -|
|Memory           |        0|      -|      21|       6|
|Multiplexer      |        -|      -|       -|      77|
|Register         |        -|      -|     169|       -|
+-----------------+---------+-------+--------+--------+
|Total            |        0|      4|     929|     498|
+-----------------+---------+-------+--------+--------+
|Available        |      650|    600|  202800|  101400|
+-----------------+---------+-------+--------+--------+
|Utilization (%)  |        0|   ~0  |   ~0   |   ~0   |
+-----------------+---------+-------+--------+--------+

+ Detail: 
    * Instance: 
    N/A

    * DSP48: 
    +-------------------------+----------------------+--------------+
    |         Instance        |        Module        |  Expression  |
    +-------------------------+----------------------+--------------+
    |cordiccart2pol_madEe_U1  |cordiccart2pol_madEe  | i0 - i1 * i2 |
    |cordiccart2pol_mueOg_U2  |cordiccart2pol_mueOg  |    i0 * i1   |
    +-------------------------+----------------------+--------------+

    * Memory: 
    +-------------+----------------------+---------+----+----+------+-----+------+-------------+
    |    Memory   |        Module        | BRAM_18K| FF | LUT| Words| Bits| Banks| W*Bits*Banks|
    +-------------+----------------------+---------+----+----+------+-----+------+-------------+
    |Kvalues_V_U  |cordiccart2pol_Kvbkb  |        0|  11|   3|    16|   11|     1|          176|
    |angles_V_U   |cordiccart2pol_ancud  |        0|  10|   3|    16|   10|     1|          160|
    +-------------+----------------------+---------+----+----+------+-----+------+-------------+
    |Total        |                      |        0|  21|   6|    32|   21|     2|          336|
    +-------------+----------------------+---------+----+----+------+-----+------+-------------+

    * FIFO: 
    N/A

    * Expression: 
    +--------------------------------+----------+-------+-----+----+------------+------------+
    |          Variable Name         | Operation| DSP48E|  FF | LUT| Bitwidth P0| Bitwidth P1|
    +--------------------------------+----------+-------+-----+----+------------+------------+
    |mul_fu_335_p2                   |     *    |      2|    0|   0|          23|          22|
    |j_1_fu_279_p2                   |     +    |      0|   20|  10|           5|           1|
    |p_Val2_14_fu_467_p2             |     +    |      0|   74|  28|          23|          23|
    |p_Val2_17_fu_447_p2             |     +    |      0|   44|  18|          13|          13|
    |p_Val2_18_fu_528_p2             |     +    |      0|   44|  18|          13|          13|
    |r_V_3                           |     +    |      0|   44|  18|          13|          13|
    |theta_V                         |     +    |      0|   44|  18|          13|          13|
    |mf7_fu_293_p2                   |     -    |      0|   44|  18|           1|          13|
    |mf9_fu_309_p2                   |     -    |      0|   47|  19|           1|          14|
    |mf_fu_494_p2                    |     -    |      0|   38|  16|           1|          11|
    |neg_mul_fu_341_p2               |     -    |      0|  140|  50|           1|          45|
    |neg_ti_fu_391_p2                |     -    |      0|   71|  27|           1|          22|
    |theta_temp_V_fu_519_p2          |     -    |      0|   47|  19|          14|          14|
    |tmp_23_fu_251_p2                |     -    |      0|   41|  17|           1|          12|
    |tmp_9_fu_221_p2                 |     -    |      0|   41|  17|           1|          12|
    |exitcond_fu_273_p2              |   icmp   |      0|    0|   3|           5|           6|
    |p_Val2_4_fu_558_p3              |  select  |      0|    0|  22|           1|          22|
    |r_V_1_fu_315_p3                 |  select  |      0|    0|  14|           1|          14|
    |r_V_fu_397_p3                   |  select  |      0|    0|  13|           1|          13|
    |theta_temp_V_cast_ca_fu_213_p3  |  select  |      0|    0|  13|           1|          13|
    |tmp_17_fu_500_p3                |  select  |      0|    0|  11|           1|          11|
    |tmp_18_fu_383_p3                |  select  |      0|    0|  22|           1|          22|
    |tmp_5_fu_231_p3                 |  select  |      0|    0|  12|           1|          12|
    |tmp_s_fu_257_p3                 |  select  |      0|    0|  12|           1|          12|
    +--------------------------------+----------+-------+-----+----+------------+------------+
    |Total                           |          |      2|  739| 415|         137|         366|
    +--------------------------------+----------+-------+-----+----+------------+------------+

    * Multiplexer: 
    +--------------------+----+-----------+-----+-----------+
    |        Name        | LUT| Input Size| Bits| Total Bits|
    +--------------------+----+-----------+-----+-----------+
    |ap_NS_fsm           |  41|          6|    1|          6|
    |j_reg_178           |   9|          2|    5|         10|
    |p_Val2_13_reg_148   |   9|          2|   13|         26|
    |p_Val2_s_reg_168    |   9|          2|   14|         28|
    |temp_cos_V_reg_158  |   9|          2|   13|         26|
    +--------------------+----+-----------+-----+-----------+
    |Total               |  77|         14|   46|         96|
    +--------------------+----+-----------+-----+-----------+

    * Register: 
    +----------------------+----+----+-----+-----------+
    |         Name         | FF | LUT| Bits| Const Bits|
    +----------------------+----+----+-----+-----------+
    |ap_CS_fsm             |   5|   0|    5|          0|
    |j_1_reg_624           |   5|   0|    5|          0|
    |j_reg_178             |   5|   0|    5|          0|
    |mf7_reg_635           |  13|   0|   13|          0|
    |neg_ti_reg_665        |  22|   0|   22|          0|
    |p_Val2_13_reg_148     |  13|   0|   13|          0|
    |p_Val2_15_reg_675     |  13|   0|   13|          0|
    |p_Val2_17_reg_670     |  13|   0|   13|          0|
    |p_Val2_s_reg_168      |  14|   0|   14|          0|
    |r_V_1_reg_645         |  14|   0|   14|          0|
    |temp_cos_V_reg_158    |  13|   0|   13|          0|
    |theta_temp_V_reg_685  |  14|   0|   14|          0|
    |tmp_15_reg_660        |  22|   0|   22|          0|
    |tmp_25_reg_655        |   1|   0|    1|          0|
    |tmp_29_reg_629        |   1|   0|    1|          0|
    |tmp_32_reg_680        |   1|   0|    1|          0|
    +----------------------+----+----+-----+-----------+
    |Total                 | 169|   0|  169|          0|
    +----------------------+----+----+-----+-----------+



================================================================
== Interface
================================================================
* Summary: 
+----------------+-----+-----+------------+----------------+--------------+
|    RTL Ports   | Dir | Bits|  Protocol  |  Source Object |    C Type    |
+----------------+-----+-----+------------+----------------+--------------+
|ap_clk          |  in |    1| ap_ctrl_hs | cordiccart2pol | return value |
|ap_rst          |  in |    1| ap_ctrl_hs | cordiccart2pol | return value |
|ap_start        |  in |    1| ap_ctrl_hs | cordiccart2pol | return value |
|ap_done         | out |    1| ap_ctrl_hs | cordiccart2pol | return value |
|ap_idle         | out |    1| ap_ctrl_hs | cordiccart2pol | return value |
|ap_ready        | out |    1| ap_ctrl_hs | cordiccart2pol | return value |
|x_V             |  in |   13|   ap_none  |       x_V      |    scalar    |
|y_V             |  in |   13|   ap_none  |       y_V      |    scalar    |
|r_V_3           | out |   13|   ap_vld   |      r_V_3     |    pointer   |
|r_V_3_ap_vld    | out |    1|   ap_vld   |      r_V_3     |    pointer   |
|theta_V         | out |   13|   ap_vld   |     theta_V    |    pointer   |
|theta_V_ap_vld  | out |    1|   ap_vld   |     theta_V    |    pointer   |
+----------------+-----+-----+------------+----------------+--------------+

