

================================================================
== Vivado HLS Report for 'ofdm_receiver'
================================================================
* Date:           Fri Nov 17 00:44:53 2017

* Version:        2017.2 (Build 1909853 on Thu Jun 15 18:55:24 MDT 2017)
* Project:        ofdm
* Solution:       solution1
* Product family: kintex7
* Target device:  xc7k70tfbg484-2


================================================================
== Performance Estimates
================================================================
+ Timing (ns): 
    * Summary: 
    +--------+-------+----------+------------+
    |  Clock | Target| Estimated| Uncertainty|
    +--------+-------+----------+------------+
    |ap_clk  |  10.00|      8.70|        1.25|
    +--------+-------+----------+------------+

+ Latency (clock cycles): 
    * Summary: 
    +-----+-------+-----+-------+---------+
    |   Latency   |   Interval  | Pipeline|
    | min |  max  | min |  max  |   Type  |
    +-----+-------+-----+-------+---------+
    |    2|  24738|    3|  24739|   none  |
    +-----+-------+-----+-------+---------+

    + Detail: 
        * Instance: 
        +----------------+-------+-------+-------+-------+-------+---------+
        |                |       |    Latency    |    Interval   | Pipeline|
        |    Instance    | Module|  min  |  max  |  min  |  max  |   Type  |
        +----------------+-------+-------+-------+-------+-------+---------+
        |grp_fft_fu_188  |fft    |  19613|  19613|  19613|  19613|   none  |
        +----------------+-------+-------+-------+-------+-------+---------+

        * Loop: 
        +----------+------+------+----------+-----------+-----------+------+----------+
        |          |   Latency   | Iteration|  Initiation Interval  | Trip |          |
        | Loop Name|  min |  max |  Latency |  achieved |   target  | Count| Pipelined|
        +----------+------+------+----------+-----------+-----------+------+----------+
        |- Loop 1  |  5120|  5120|         5|          -|          -|  1024|    no    |
        +----------+------+------+----------+-----------+-----------+------+----------+



================================================================
== Utilization Estimates
================================================================
* Summary: 
+-----------------+---------+-------+-------+-------+
|       Name      | BRAM_18K| DSP48E|   FF  |  LUT  |
+-----------------+---------+-------+-------+-------+
|DSP              |        -|      -|      -|      -|
|Expression       |        -|      -|     91|    183|
|FIFO             |        -|      -|      -|      -|
|Instance         |       52|     34|   5453|   5858|
|Memory           |       10|      -|      0|      0|
|Multiplexer      |        -|      -|      -|    385|
|Register         |        -|      -|    195|      -|
+-----------------+---------+-------+-------+-------+
|Total            |       62|     34|   5739|   6426|
+-----------------+---------+-------+-------+-------+
|Available        |      270|    240|  84400|  42200|
+-----------------+---------+-------+-------+-------+
|Utilization (%)  |       22|     14|      6|     15|
+-----------------+---------+-------+-------+-------+

+ Detail: 
    * Instance: 
    +--------------------------+----------------------+---------+-------+------+------+
    |         Instance         |        Module        | BRAM_18K| DSP48E|  FF  |  LUT |
    +--------------------------+----------------------+---------+-------+------+------+
    |grp_fft_fu_188            |fft                   |       52|     34|  5255|  5642|
    |ofdm_receiver_fcmhbi_U33  |ofdm_receiver_fcmhbi  |        0|      0|    66|    72|
    |ofdm_receiver_fcmhbi_U34  |ofdm_receiver_fcmhbi  |        0|      0|    66|    72|
    |ofdm_receiver_fcmhbi_U35  |ofdm_receiver_fcmhbi  |        0|      0|    66|    72|
    +--------------------------+----------------------+---------+-------+------+------+
    |Total                     |                      |       52|     34|  5453|  5858|
    +--------------------------+----------------------+---------+-------+------+------+

    * DSP48: 
    N/A

    * Memory: 
    +----------+--------------------+---------+---+----+------+-----+------+-------------+
    |  Memory  |       Module       | BRAM_18K| FF| LUT| Words| Bits| Banks| W*Bits*Banks|
    +----------+--------------------+---------+---+----+------+-----+------+-------------+
    |dout_U    |ofdm_receiver_dout  |        2|  0|   0|  1024|   32|     1|        32768|
    |xr_out_U  |ofdm_receiver_dout  |        2|  0|   0|  1024|   32|     1|        32768|
    |xi_out_U  |ofdm_receiver_dout  |        2|  0|   0|  1024|   32|     1|        32768|
    |xr_U      |ofdm_receiver_xr    |        2|  0|   0|  1024|   32|     1|        32768|
    |xi_U      |ofdm_receiver_xr    |        2|  0|   0|  1024|   32|     1|        32768|
    +----------+--------------------+---------+---+----+------+-----+------+-------------+
    |Total     |                    |       10|  0|   0|  5120|  160|     5|       163840|
    +----------+--------------------+---------+---+----+------+-----+------+-------------+

    * FIFO: 
    N/A

    * Expression: 
    +--------------------------------+----------+-------+----+----+------------+------------+
    |          Variable Name         | Operation| DSP48E| FF | LUT| Bitwidth P0| Bitwidth P1|
    +--------------------------------+----------+-------+----+----+------------+------------+
    |i_fu_246_p2                     |     +    |      0|  38|  16|          11|           1|
    |tmp_8_fu_229_p2                 |     +    |      0|  53|  21|          16|           1|
    |or_cond1_i_i_fu_385_p2          |    and   |      0|   0|   2|           1|           1|
    |or_cond2_i_i_fu_346_p2          |    and   |      0|   0|   2|           1|           1|
    |or_cond3_i_i_fu_352_p2          |    and   |      0|   0|   2|           1|           1|
    |or_cond_i_i_demorgan_fu_374_p2  |    and   |      0|   0|   2|           1|           1|
    |tmp_11_fu_369_p2                |    and   |      0|   0|   2|           1|           1|
    |tmp_13_fu_380_p2                |    and   |      0|   0|   2|           1|           1|
    |tmp_15_fu_328_p2                |    and   |      0|   0|   2|           1|           1|
    |tmp_18_fu_334_p2                |    and   |      0|   0|   2|           1|           1|
    |tmp_20_fu_340_p2                |    and   |      0|   0|   2|           1|           1|
    |tmp_5_fu_364_p2                 |    and   |      0|   0|   2|           1|           1|
    |exitcond_i_i_fu_240_p2          |   icmp   |      0|   0|   6|          11|          12|
    |notlhs1_fu_310_p2               |   icmp   |      0|   0|   4|           8|           2|
    |notlhs_fu_275_p2                |   icmp   |      0|   0|   4|           8|           2|
    |notrhs1_fu_316_p2               |   icmp   |      0|   0|  13|          23|           1|
    |notrhs_fu_281_p2                |   icmp   |      0|   0|  13|          23|           1|
    |tmp_9_fu_234_p2                 |   icmp   |      0|   0|   8|          16|          11|
    |ap_block_state2                 |    or    |      0|   0|   2|           1|           1|
    |tmp_16_fu_390_p2                |    or    |      0|   0|   2|           1|           1|
    |tmp_3_fu_287_p2                 |    or    |      0|   0|   2|           1|           1|
    |tmp_7_i_i_fu_358_p2             |    or    |      0|   0|   2|           1|           1|
    |tmp_s_fu_322_p2                 |    or    |      0|   0|   2|           1|           1|
    |dec_bit_1_i_i_cast_fu_399_p3    |  select  |      0|   0|   2|           1|           2|
    |dec_bit_2_i_i_fu_406_p3         |  select  |      0|   0|  32|           1|          32|
    |dec_bit_3_i_i_cast_c_fu_413_p3  |  select  |      0|   0|   2|           1|           2|
    |dec_bit_4_i_i_fu_420_p3         |  select  |      0|   0|  32|           1|          32|
    +--------------------------------+----------+-------+----+----+------------+------------+
    |Total                           |          |      0|  91| 183|         135|         114|
    +--------------------------------+----------+-------+----+----+------------+------------+

    * Multiplexer: 
    +-------------------+----+-----------+-----+-----------+
    |        Name       | LUT| Input Size| Bits| Total Bits|
    +-------------------+----+-----------+-----+-----------+
    |ap_NS_fsm          |  61|         11|    1|         11|
    |count_new_reg_177  |   9|          2|   16|         32|
    |dout_address0      |  13|          3|   10|         30|
    |grp_fu_204_opcode  |  13|          3|    5|         15|
    |grp_fu_204_p0      |  13|          3|   32|         96|
    |grp_fu_209_opcode  |  13|          3|    5|         15|
    |grp_fu_209_p0      |  13|          3|   32|         96|
    |grp_fu_214_p0      |  13|          3|   32|         96|
    |i_i_i_reg_166      |   9|          2|   11|         22|
    |inptr_blk_n        |   9|          2|    1|          2|
    |outptr_blk_n       |   9|          2|    1|          2|
    |xi_address0        |  13|          3|   10|         30|
    |xi_ce0             |  13|          3|    1|          3|
    |xi_ce1             |   9|          2|    1|          2|
    |xi_d0              |  13|          3|   32|         96|
    |xi_out_address0    |  13|          3|   10|         30|
    |xi_out_ce0         |  13|          3|    1|          3|
    |xi_out_we0         |   9|          2|    1|          2|
    |xi_we0             |  13|          3|    1|          3|
    |xi_we1             |   9|          2|    1|          2|
    |xr_address0        |  13|          3|   10|         30|
    |xr_ce0             |  13|          3|    1|          3|
    |xr_ce1             |   9|          2|    1|          2|
    |xr_d0              |  13|          3|   32|         96|
    |xr_out_address0    |  13|          3|   10|         30|
    |xr_out_ce0         |  13|          3|    1|          3|
    |xr_out_we0         |   9|          2|    1|          2|
    |xr_we0             |  13|          3|    1|          3|
    |xr_we1             |   9|          2|    1|          2|
    +-------------------+----+-----------+-----+-----------+
    |Total              | 385|         85|  262|        759|
    +-------------------+----+-----------+-----+-----------+

    * Register: 
    +--------------------------------+----+----+-----+-----------+
    |              Name              | FF | LUT| Bits| Const Bits|
    +--------------------------------+----+----+-----+-----------+
    |ap_CS_fsm                       |  10|   0|   10|          0|
    |ap_reg_grp_fft_fu_188_ap_start  |   1|   0|    1|          0|
    |count                           |  16|   0|   16|          0|
    |count_new_reg_177               |  16|   0|   16|          0|
    |dec_bit_i_i_fu_78               |  32|   0|   32|          0|
    |i_i_i_reg_166                   |  11|   0|   11|          0|
    |i_reg_471                       |  11|   0|   11|          0|
    |or_cond1_i_i_reg_533            |   1|   0|    1|          0|
    |or_cond3_i_i_reg_523            |   1|   0|    1|          0|
    |tmp_15_reg_518                  |   1|   0|    1|          0|
    |tmp_16_reg_538                  |   1|   0|    1|          0|
    |tmp_3_reg_507                   |   1|   0|    1|          0|
    |tmp_7_i_i_reg_528               |   1|   0|    1|          0|
    |tmp_i_i_reg_476                 |  11|   0|   64|         53|
    |tmp_reg_444                     |  16|   0|   64|         48|
    |tmp_s_reg_513                   |   1|   0|    1|          0|
    |x2_reg_491                      |  32|   0|   32|          0|
    |y2_reg_499                      |  32|   0|   32|          0|
    +--------------------------------+----+----+-----+-----------+
    |Total                           | 195|   0|  296|        101|
    +--------------------------------+----+----+-----+-----------+



================================================================
== Interface
================================================================
* Summary: 
+---------------+-----+-----+--------------+---------------+--------------+
|   RTL Ports   | Dir | Bits|   Protocol   | Source Object |    C Type    |
+---------------+-----+-----+--------------+---------------+--------------+
|ap_clk         |  in |    1| ap_ctrl_none | ofdm_receiver | return value |
|ap_rst         |  in |    1| ap_ctrl_none | ofdm_receiver | return value |
|inptr_dout     |  in |   32|    ap_fifo   |     inptr     |    pointer   |
|inptr_empty_n  |  in |    1|    ap_fifo   |     inptr     |    pointer   |
|inptr_read     | out |    1|    ap_fifo   |     inptr     |    pointer   |
|outptr_din     | out |   32|    ap_fifo   |     outptr    |    pointer   |
|outptr_full_n  |  in |    1|    ap_fifo   |     outptr    |    pointer   |
|outptr_write   | out |    1|    ap_fifo   |     outptr    |    pointer   |
+---------------+-----+-----+--------------+---------------+--------------+

