

================================================================
== Vivado HLS Report for 'cordiccart2pol'
================================================================
* Date:           Mon Oct 23 19:47:32 2017

* Version:        2017.2 (Build 1909853 on Thu Jun 15 18:55:24 MDT 2017)
* Project:        cordic-lut
* Solution:       solution1
* Product family: kintex7
* Target device:  xc7k160tifbg484-2l


================================================================
== Performance Estimates
================================================================
+ Timing (ns): 
    * Summary: 
    +--------+-------+----------+------------+
    |  Clock | Target| Estimated| Uncertainty|
    +--------+-------+----------+------------+
    |ap_clk  |  10.00|      8.74|        1.25|
    +--------+-------+----------+------------+

+ Latency (clock cycles): 
    * Summary: 
    +-----+-----+-----+-----+---------+
    |  Latency  |  Interval | Pipeline|
    | min | max | min | max |   Type  |
    +-----+-----+-----+-----+---------+
    |    4|    4|    5|    5|   none  |
    +-----+-----+-----+-----+---------+

    + Detail: 
        * Instance: 
        N/A

        * Loop: 
        N/A



================================================================
== Utilization Estimates
================================================================
* Summary: 
+-----------------+---------+-------+--------+--------+
|       Name      | BRAM_18K| DSP48E|   FF   |   LUT  |
+-----------------+---------+-------+--------+--------+
|DSP              |        -|      -|       -|       -|
|Expression       |        -|      -|    2370|    2998|
|FIFO             |        -|      -|       -|       -|
|Instance         |        -|      0|     200|     276|
|Memory           |       64|      -|       0|       0|
|Multiplexer      |        -|      -|       -|      41|
|Register         |        -|      -|     569|       -|
+-----------------+---------+-------+--------+--------+
|Total            |       64|      0|    3139|    3315|
+-----------------+---------+-------+--------+--------+
|Available        |      650|    600|  202800|  101400|
+-----------------+---------+-------+--------+--------+
|Utilization (%)  |        9|      0|       1|       3|
+-----------------+---------+-------+--------+--------+

+ Detail: 
    * Instance: 
    +-------------------------+----------------------+---------+-------+-----+-----+
    |         Instance        |        Module        | BRAM_18K| DSP48E|  FF | LUT |
    +-------------------------+----------------------+---------+-------+-----+-----+
    |cordiccart2pol_fpdEe_U0  |cordiccart2pol_fpdEe  |        0|      0|  100|  138|
    |cordiccart2pol_fpdEe_U1  |cordiccart2pol_fpdEe  |        0|      0|  100|  138|
    +-------------------------+----------------------+---------+-------+-----+-----+
    |Total                    |                      |        0|      0|  200|  276|
    +-------------------------+----------------------+---------+-------+-----+-----+

    * DSP48: 
    N/A

    * Memory: 
    +-------------+----------------------+---------+---+----+-------+-----+------+-------------+
    |    Memory   |        Module        | BRAM_18K| FF| LUT| Words | Bits| Banks| W*Bits*Banks|
    +-------------+----------------------+---------+---+----+-------+-----+------+-------------+
    |my_LUT_r_U   |cordiccart2pol_mybkb  |       32|  0|   0|  16384|   32|     1|       524288|
    |my_LUT_th_U  |cordiccart2pol_mybkb  |       32|  0|   0|  16384|   32|     1|       524288|
    +-------------+----------------------+---------+---+----+-------+-----+------+-------------+
    |Total        |                      |       64|  0|   0|  32768|   64|     2|      1048576|
    +-------------+----------------------+---------+---+----+-------+-----+------+-------------+

    * FIFO: 
    N/A

    * Expression: 
    +------------------------------------+----------+-------+-----+-----+------------+------------+
    |            Variable Name           | Operation| DSP48E|  FF | LUT | Bitwidth P0| Bitwidth P1|
    +------------------------------------+----------+-------+-----+-----+------------+------------+
    |exp_V_1_fu_520_p2                   |     +    |      0|    0|   12|          11|          12|
    |exp_V_fu_246_p2                     |     +    |      0|    0|   12|          11|          12|
    |p_Val2_3_fu_399_p2                  |     +    |      0|  101|   37|          32|          32|
    |p_Val2_8_fu_673_p2                  |     +    |      0|  101|   37|          32|          32|
    |pos1_1_fu_1196_p2                   |     +    |      0|   41|   17|           2|          12|
    |pos1_fu_886_p2                      |     +    |      0|   41|   17|           2|          12|
    |pos2_1_fu_717_p2                    |     +    |      0|   41|   17|           2|          12|
    |pos2_fu_443_p2                      |     +    |      0|   41|   17|           2|          12|
    |tmp_12_fu_363_p2                    |     +    |      0|   41|   17|           6|          12|
    |tmp_14_fu_421_p2                    |     +    |      0|    0|   12|          12|          12|
    |tmp_32_fu_554_p2                    |     +    |      0|   41|   17|           6|          12|
    |tmp_43_fu_637_p2                    |     +    |      0|   41|   17|           6|          12|
    |tmp_45_fu_695_p2                    |     +    |      0|    0|   12|          12|          12|
    |tmp_s_fu_280_p2                     |     +    |      0|   41|   17|           6|          12|
    |F2_1_fu_240_p2                      |     -    |      0|   41|   17|          11|          12|
    |F2_fu_194_p2                        |     -    |      0|   41|   17|          11|          12|
    |man_V_1_fu_262_p2                   |     -    |      0|  167|   59|           1|          54|
    |man_V_4_fu_536_p2                   |     -    |      0|  167|   59|           1|          54|
    |tmp_1_fu_285_p2                     |     -    |      0|   41|   17|           5|          12|
    |tmp_33_fu_559_p2                    |     -    |      0|   41|   17|           5|          12|
    |Range1_all_ones_1_fu_942_p2         |    and   |      0|    0|    2|           1|           1|
    |Range1_all_ones_2_fu_1263_p2        |    and   |      0|    0|    2|           1|           1|
    |Range1_all_ones_2_i_1_8_fu_1541_p2  |    and   |      0|    0|    2|           1|           1|
    |Range1_all_ones_2_i_fu_1434_p2      |    and   |      0|    0|    2|           1|           1|
    |Range1_all_ones_2_mu_1_fu_1374_p2   |    and   |      0|    0|    2|           1|           1|
    |Range1_all_ones_2_mu_fu_1064_p2     |    and   |      0|    0|    2|           1|           1|
    |Range1_all_ones_3_fu_1252_p2        |    and   |      0|    0|    2|           1|           1|
    |Range1_all_ones_fu_953_p2           |    and   |      0|    0|    2|           1|           1|
    |brmerge121_demorgan_1_fu_1596_p2    |    and   |      0|    0|    2|           1|           1|
    |brmerge121_demorgan_s_fu_1489_p2    |    and   |      0|    0|    2|           1|           1|
    |carry_1_i_i1_fu_880_p2              |    and   |      0|    0|    2|           1|           1|
    |carry_1_i_i_fu_1190_p2              |    and   |      0|    0|    2|           1|           1|
    |deleted_zeros_0_not_1_fu_1576_p2    |    and   |      0|    0|    2|           1|           1|
    |deleted_zeros_0_not_s_fu_1469_p2    |    and   |      0|    0|    2|           1|           1|
    |or_cond115_i_i1_fu_472_p2           |    and   |      0|    0|    2|           1|           1|
    |or_cond115_i_i_fu_746_p2            |    and   |      0|    0|    2|           1|           1|
    |or_cond117_i_i1_fu_948_p2           |    and   |      0|    0|    2|           1|           1|
    |or_cond117_i_i_fu_1258_p2           |    and   |      0|    0|    2|           1|           1|
    |overflow_1_fu_1590_p2               |    and   |      0|    0|    2|           1|           1|
    |overflow_fu_1483_p2                 |    and   |      0|    0|    2|           1|           1|
    |p_122_i_i1_fu_964_p2                |    and   |      0|    0|    2|           1|           1|
    |p_122_i_i_fu_1274_p2                |    and   |      0|    0|    2|           1|           1|
    |sel_tmp11_fu_991_p2                 |    and   |      0|    0|    2|           1|           1|
    |sel_tmp15_fu_1452_p2                |    and   |      0|    0|    2|           1|           1|
    |sel_tmp16_fu_1457_p2                |    and   |      0|    0|    2|           1|           1|
    |sel_tmp18_fu_1536_p2                |    and   |      0|    0|    2|           1|           1|
    |sel_tmp21_fu_1126_p2                |    and   |      0|    0|    2|           1|           1|
    |sel_tmp22_fu_1131_p2                |    and   |      0|    0|    2|           1|           1|
    |sel_tmp25_fu_1148_p2                |    and   |      0|    0|    2|           1|           1|
    |sel_tmp28_fu_1166_p2                |    and   |      0|    0|    2|           1|           1|
    |sel_tmp2_fu_816_p2                  |    and   |      0|    0|    2|           1|           1|
    |sel_tmp30_fu_1301_p2                |    and   |      0|    0|    2|           1|           1|
    |sel_tmp34_fu_1559_p2                |    and   |      0|    0|    2|           1|           1|
    |sel_tmp35_fu_1564_p2                |    and   |      0|    0|    2|           1|           1|
    |sel_tmp37_fu_1643_p2                |    and   |      0|    0|    2|           1|           1|
    |sel_tmp3_fu_821_p2                  |    and   |      0|    0|    2|           1|           1|
    |sel_tmp6_fu_856_p2                  |    and   |      0|    0|    2|           1|           1|
    |sel_tmp8_fu_838_p2                  |    and   |      0|    0|    2|           1|           1|
    |tmp10_fu_1637_p2                    |    and   |      0|    0|    2|           1|           1|
    |tmp2_fu_936_p2                      |    and   |      0|    0|    2|           1|           1|
    |tmp4_fu_1448_p2                     |    and   |      0|    0|    2|           1|           1|
    |tmp5_fu_1530_p2                     |    and   |      0|    0|    2|           1|           1|
    |tmp7_fu_1246_p2                     |    and   |      0|    0|    2|           1|           1|
    |tmp9_fu_1555_p2                     |    and   |      0|    0|    2|           1|           1|
    |underflow_1_fu_1607_p2              |    and   |      0|    0|    2|           1|           1|
    |underflow_fu_1500_p2                |    and   |      0|    0|    2|           1|           1|
    |tmp_19_fu_927_p2                    |   ashr   |      0|  143|  162|          54|          54|
    |tmp_39_fu_606_p2                    |   ashr   |      0|  143|  162|          54|          54|
    |tmp_48_fu_1237_p2                   |   ashr   |      0|  143|  162|          54|          54|
    |tmp_9_fu_332_p2                     |   ashr   |      0|  143|  162|          54|          54|
    |QUAN_INC_1_fu_549_p2                |   icmp   |      0|    0|    6|          12|           5|
    |QUAN_INC_fu_275_p2                  |   icmp   |      0|    0|    6|          12|           5|
    |Range1_all_zeros_1_fu_969_p2        |   icmp   |      0|    0|   29|          54|           1|
    |Range1_all_zeros_3_fu_1279_p2       |   icmp   |      0|    0|   29|          54|           1|
    |Range2_all_ones_1_fu_768_p2         |   icmp   |      0|    0|   29|          54|          54|
    |Range2_all_ones_fu_494_p2           |   icmp   |      0|    0|   29|          54|          54|
    |icmp1_fu_596_p2                     |   icmp   |      0|    0|    4|           7|           1|
    |icmp2_fu_711_p2                     |   icmp   |      0|    0|    6|          11|           1|
    |icmp5_fu_437_p2                     |   icmp   |      0|    0|    6|          11|           1|
    |icmp_fu_322_p2                      |   icmp   |      0|    0|    4|           7|           1|
    |sel_tmp27_fu_1161_p2                |   icmp   |      0|    0|    6|          12|           5|
    |sel_tmp5_fu_851_p2                  |   icmp   |      0|    0|    6|          12|           5|
    |tmp_11_fu_357_p2                    |   icmp   |      0|    0|    6|          12|           6|
    |tmp_15_fu_903_p2                    |   icmp   |      0|    0|    6|          12|           6|
    |tmp_20_fu_466_p2                    |   icmp   |      0|    0|    6|          12|           6|
    |tmp_23_fu_508_p2                    |   icmp   |      0|    0|   29|          54|           1|
    |tmp_24_fu_514_p2                    |   icmp   |      0|    0|    6|          12|           6|
    |tmp_31_fu_234_p2                    |   icmp   |      0|    0|   32|          63|           1|
    |tmp_34_fu_1104_p2                   |   icmp   |      0|    0|    6|          12|           5|
    |tmp_35_fu_580_p2                    |   icmp   |      0|    0|    6|          12|           6|
    |tmp_3_fu_794_p2                     |   icmp   |      0|    0|    6|          12|           5|
    |tmp_42_fu_631_p2                    |   icmp   |      0|    0|    6|          12|           6|
    |tmp_46_fu_1213_p2                   |   icmp   |      0|    0|    6|          12|           6|
    |tmp_50_fu_740_p2                    |   icmp   |      0|    0|    6|          12|           6|
    |tmp_52_fu_782_p2                    |   icmp   |      0|    0|   29|          54|           1|
    |tmp_53_fu_788_p2                    |   icmp   |      0|    0|    6|          12|           6|
    |tmp_5_fu_306_p2                     |   icmp   |      0|    0|    6|          12|           6|
    |tmp_7_fu_188_p2                     |   icmp   |      0|    0|   32|          63|           1|
    |Range2_V_1_fu_482_p2                |   lshr   |      0|  143|  162|          54|          54|
    |Range2_V_3_fu_756_p2                |   lshr   |      0|  143|  162|          54|          54|
    |r_V_1_fu_762_p2                     |   lshr   |      0|  143|  162|           2|          54|
    |r_V_fu_488_p2                       |   lshr   |      0|  143|  162|           2|          54|
    |brmerge123_i_i1_fu_1058_p2          |    or    |      0|    0|    2|           1|           1|
    |brmerge123_i_i_fu_1368_p2           |    or    |      0|    0|    2|           1|           1|
    |brmerge_i_i1_fu_1473_p2             |    or    |      0|    0|    2|           1|           1|
    |brmerge_i_i_fu_1580_p2              |    or    |      0|    0|    2|           1|           1|
    |brmerge_i_i_i1_fu_1506_p2           |    or    |      0|    0|    2|           1|           1|
    |brmerge_i_i_i_fu_1613_p2            |    or    |      0|    0|    2|           1|           1|
    |carry_1_not_i_i1_fu_1048_p2         |    or    |      0|    0|    2|           1|           1|
    |carry_1_not_i_i_fu_1358_p2          |    or    |      0|    0|    2|           1|           1|
    |deleted_ones_0_i_i1_fu_1444_p2      |    or    |      0|    0|    2|           1|           1|
    |deleted_ones_0_i_i_fu_1551_p2       |    or    |      0|    0|    2|           1|           1|
    |p_119_i_i1_fu_974_p2                |    or    |      0|    0|    2|           1|           1|
    |p_119_i_i_fu_1284_p2                |    or    |      0|    0|    2|           1|           1|
    |p_120_i_i1_fu_1078_p2               |    or    |      0|    0|    2|           1|           1|
    |p_120_i_i_fu_1388_p2                |    or    |      0|    0|    2|           1|           1|
    |sel_tmp10_fu_985_p2                 |    or    |      0|    0|    2|           1|           1|
    |sel_tmp122_demorgan_fu_1628_p2      |    or    |      0|    0|    2|           1|           1|
    |sel_tmp29_fu_1295_p2                |    or    |      0|    0|    2|           1|           1|
    |sel_tmp57_demorgan_fu_1521_p2       |    or    |      0|    0|    2|           1|           1|
    |tmp128_demorgan_fu_869_p2           |    or    |      0|    0|    2|           1|           1|
    |tmp134_demorgan_fu_1179_p2          |    or    |      0|    0|    2|           1|           1|
    |tmp3_fu_1042_p2                     |    or    |      0|    0|    2|           1|           1|
    |tmp8_fu_1352_p2                     |    or    |      0|    0|    2|           1|           1|
    |Range1_all_ones_2_i_1_fu_1314_p3    |  select  |      0|    0|    2|           1|           1|
    |Range1_all_ones_2_i_s_fu_1004_p3    |  select  |      0|    0|    2|           1|           1|
    |Range1_all_zeros_2_i_1_fu_1330_p3   |  select  |      0|    0|    2|           1|           1|
    |Range1_all_zeros_2_i_fu_1020_p3     |  select  |      0|    0|    2|           1|           1|
    |Range2_all_ones_1_i_1_fu_774_p3     |  select  |      0|    0|    2|           1|           1|
    |Range2_all_ones_1_i_s_fu_500_p3     |  select  |      0|    0|    2|           1|           1|
    |deleted_ones_1_fu_1394_p3           |  select  |      0|    0|    2|           1|           1|
    |deleted_ones_fu_1084_p3             |  select  |      0|    0|    2|           1|           1|
    |deleted_zeros_1_fu_1338_p3          |  select  |      0|    0|    2|           1|           1|
    |deleted_zeros_fu_1028_p3            |  select  |      0|    0|    2|           1|           1|
    |p_Repl2_1_fu_1568_p3                |  select  |      0|    0|    2|           1|           1|
    |p_Repl2_s_fu_1461_p3                |  select  |      0|    0|    2|           1|           1|
    |p_Val2_0_i_i_i1_fu_342_p3           |  select  |      0|    0|    2|           1|           2|
    |p_Val2_0_i_i_i3_fu_616_p3           |  select  |      0|    0|    2|           1|           2|
    |p_Val2_11_fu_542_p3                 |  select  |      0|    0|   54|           1|          54|
    |p_Val2_2_fu_349_p3                  |  select  |      0|    0|   32|           1|          32|
    |p_Val2_4_fu_861_p3                  |  select  |      0|    0|   32|           1|          32|
    |p_Val2_7_fu_623_p3                  |  select  |      0|    0|   32|           1|          32|
    |p_Val2_9_fu_1171_p3                 |  select  |      0|    0|   32|           1|          32|
    |p_Val2_s_fu_268_p3                  |  select  |      0|    0|   54|           1|          54|
    |qb_1_fu_654_p3                      |  select  |      0|    0|    2|           1|           1|
    |qb_fu_380_p3                        |  select  |      0|    0|    2|           1|           1|
    |sel_tmp12_fu_996_p3                 |  select  |      0|    0|    2|           1|           1|
    |sel_tmp13_fu_1012_p3                |  select  |      0|    0|    2|           1|           1|
    |sel_tmp19_fu_1113_p3                |  select  |      0|    0|   32|           1|          32|
    |sel_tmp23_fu_1136_p3                |  select  |      0|    0|   32|           1|          32|
    |sel_tmp26_fu_1154_p3                |  select  |      0|    0|   32|           1|          32|
    |sel_tmp31_fu_1306_p3                |  select  |      0|    0|    2|           1|           1|
    |sel_tmp32_fu_1322_p3                |  select  |      0|    0|    2|           1|           1|
    |sel_tmp4_fu_826_p3                  |  select  |      0|    0|   32|           1|          32|
    |sel_tmp9_fu_844_p3                  |  select  |      0|    0|   32|           1|          32|
    |sel_tmp_fu_803_p3                   |  select  |      0|    0|   32|           1|          32|
    |sh_amt_1_fu_564_p3                  |  select  |      0|    0|   12|           1|          12|
    |sh_amt_fu_290_p3                    |  select  |      0|    0|   12|           1|          12|
    |tmp129_cast_cast_fu_413_p3          |  select  |      0|    0|    2|           1|           2|
    |tmp135_cast_cast_fu_687_p3          |  select  |      0|    0|    2|           1|           2|
    |tmp_56_fu_1664_p3                   |  select  |      0|    0|    7|           1|           7|
    |tmp_58_fu_1671_p3                   |  select  |      0|    0|    7|           1|           7|
    |tmp_61_fu_1695_p3                   |  select  |      0|    0|    7|           1|           7|
    |tmp_62_fu_1702_p3                   |  select  |      0|    0|    7|           1|           7|
    |tmp_85_fu_1658_p3                   |  select  |      0|    0|    7|           1|           1|
    |tmp_87_fu_1689_p3                   |  select  |      0|    0|    7|           1|           1|
    |tmp_40_fu_1109_p2                   |    shl   |      0|   99|   85|          32|          32|
    |tmp_6_fu_799_p2                     |    shl   |      0|   99|   85|          32|          32|
    |Range1_all_zeros_2_fu_1268_p2       |    xor   |      0|    0|    2|           1|           2|
    |Range1_all_zeros_fu_958_p2          |    xor   |      0|    0|    2|           1|           2|
    |Range2_all_ones_1_no_1_fu_1363_p2   |    xor   |      0|    0|    2|           1|           2|
    |Range2_all_ones_1_no_fu_1053_p2     |    xor   |      0|    0|    2|           1|           2|
    |brmerge121_i_i1_fu_1494_p2          |    xor   |      0|    0|    2|           1|           2|
    |brmerge121_i_i_fu_1601_p2           |    xor   |      0|    0|    2|           1|           2|
    |deleted_zeros_1_not_fu_1408_p2      |    xor   |      0|    0|    2|           1|           2|
    |deleted_zeros_not_fu_1098_p2        |    xor   |      0|    0|    2|           1|           2|
    |rev1_fu_1227_p2                     |    xor   |      0|    0|    2|           1|           2|
    |rev2_fu_734_p2                      |    xor   |      0|    0|    2|           1|           2|
    |rev9_fu_460_p2                      |    xor   |      0|    0|    2|           1|           2|
    |rev_fu_917_p2                       |    xor   |      0|    0|    2|           1|           2|
    |sel_tmp14_fu_1092_p2                |    xor   |      0|    0|    2|           1|           2|
    |sel_tmp17_fu_1525_p2                |    xor   |      0|    0|    2|           1|           2|
    |sel_tmp18_not_fu_1036_p2            |    xor   |      0|    0|    2|           1|           2|
    |sel_tmp1_fu_810_p2                  |    xor   |      0|    0|    2|           1|           2|
    |sel_tmp20_fu_1120_p2                |    xor   |      0|    0|    2|           1|           2|
    |sel_tmp24_fu_1143_p2                |    xor   |      0|    0|    2|           1|           2|
    |sel_tmp33_fu_1402_p2                |    xor   |      0|    0|    2|           1|           2|
    |sel_tmp36_fu_1632_p2                |    xor   |      0|    0|    2|           1|           2|
    |sel_tmp7_fu_833_p2                  |    xor   |      0|    0|    2|           1|           2|
    |sel_tmp83_not_fu_1346_p2            |    xor   |      0|    0|    2|           1|           2|
    |tmp1_fu_874_p2                      |    xor   |      0|    0|    2|           1|           2|
    |tmp6_fu_1184_p2                     |    xor   |      0|    0|    2|           1|           2|
    |tmp_22_not_fu_980_p2                |    xor   |      0|    0|    2|           1|           2|
    |tmp_26_fu_1438_p2                   |    xor   |      0|    0|    2|           1|           2|
    |tmp_28_fu_1478_p2                   |    xor   |      0|    0|    2|           1|           2|
    |tmp_53_not_fu_1290_p2               |    xor   |      0|    0|    2|           1|           2|
    |tmp_54_fu_1545_p2                   |    xor   |      0|    0|    2|           1|           2|
    |tmp_55_fu_1585_p2                   |    xor   |      0|    0|    2|           1|           2|
    +------------------------------------+----------+-------+-----+-----+------------+------------+
    |Total                               |          |      0| 2370| 2998|        1386|        1704|
    +------------------------------------+----------+-------+-----+-----+------------+------------+

    * Multiplexer: 
    +-----------+----+-----------+-----+-----------+
    |    Name   | LUT| Input Size| Bits| Total Bits|
    +-----------+----+-----------+-----+-----------+
    |ap_NS_fsm  |  41|          6|    1|          6|
    +-----------+----+-----------+-----+-----------+
    |Total      |  41|          6|    1|          6|
    +-----------+----+-----------+-----+-----------+

    * Register: 
    +--------------------------------+----+----+-----+-----------+
    |              Name              | FF | LUT| Bits| Const Bits|
    +--------------------------------+----+----+-----+-----------+
    |F2_1_reg_1790                   |  12|   0|   12|          0|
    |F2_reg_1751                     |  12|   0|   12|          0|
    |QUAN_INC_1_reg_1881             |   1|   0|    1|          0|
    |QUAN_INC_reg_1808               |   1|   0|    1|          0|
    |Range1_all_ones_2_i_1_reg_2015  |   1|   0|    1|          0|
    |Range1_all_ones_2_i_s_reg_1971  |   1|   0|    1|          0|
    |Range2_all_ones_1_i_1_reg_1932  |   1|   0|    1|          0|
    |Range2_all_ones_1_i_s_reg_1859  |   1|   0|    1|          0|
    |ap_CS_fsm                       |   5|   0|    5|          0|
    |carry_1_i_i1_reg_1953           |   1|   0|    1|          0|
    |carry_1_i_i_reg_1997            |   1|   0|    1|          0|
    |deleted_ones_1_reg_2020         |   1|   0|    1|          0|
    |deleted_ones_reg_1976           |   1|   0|    1|          0|
    |deleted_zeros_1_not_reg_2031    |   1|   0|    1|          0|
    |deleted_zeros_not_reg_1987      |   1|   0|    1|          0|
    |icmp1_reg_1897                  |   1|   0|    1|          0|
    |icmp2_reg_1920                  |   1|   0|    1|          0|
    |icmp5_reg_1847                  |   1|   0|    1|          0|
    |icmp_reg_1824                   |   1|   0|    1|          0|
    |isneg_1_reg_1763                |   1|   0|    1|          0|
    |isneg_reg_1724                  |   1|   0|    1|          0|
    |newsignbit_1_reg_2002           |   1|   0|    1|          0|
    |newsignbit_reg_1958             |   1|   0|    1|          0|
    |p_Val2_11_reg_1875              |  54|   0|   54|          0|
    |p_Val2_3_reg_1835               |  32|   0|   32|          0|
    |p_Val2_4_reg_1948               |  32|   0|   32|          0|
    |p_Val2_8_reg_1908               |  32|   0|   32|          0|
    |p_Val2_9_reg_1992               |  32|   0|   32|          0|
    |p_Val2_s_reg_1802               |  54|   0|   54|          0|
    |sel_tmp14_reg_1981              |   1|   0|    1|          0|
    |sel_tmp33_reg_2025              |   1|   0|    1|          0|
    |sh_amt_1_cast_reg_1886          |  32|   0|   32|          0|
    |sh_amt_cast_reg_1813            |  32|   0|   32|          0|
    |tmp_10_reg_1739                 |  52|   0|   52|          0|
    |tmp_15_reg_1965                 |   1|   0|    1|          0|
    |tmp_16_reg_1818                 |  32|   0|   32|          0|
    |tmp_20_reg_1853                 |   1|   0|    1|          0|
    |tmp_23_reg_1865                 |   1|   0|    1|          0|
    |tmp_24_reg_1870                 |   1|   0|    1|          0|
    |tmp_29_reg_1773                 |  11|   0|   12|          1|
    |tmp_2_reg_1734                  |  11|   0|   12|          1|
    |tmp_31_reg_1783                 |   1|   0|    1|          0|
    |tmp_36_reg_1829                 |   1|   0|    1|          0|
    |tmp_38_reg_1841                 |   1|   0|    1|          0|
    |tmp_46_reg_2009                 |   1|   0|    1|          0|
    |tmp_50_reg_1926                 |   1|   0|    1|          0|
    |tmp_52_reg_1938                 |   1|   0|    1|          0|
    |tmp_53_reg_1943                 |   1|   0|    1|          0|
    |tmp_70_reg_1778                 |  52|   0|   52|          0|
    |tmp_71_reg_1891                 |  32|   0|   32|          0|
    |tmp_75_reg_1902                 |   1|   0|    1|          0|
    |tmp_76_reg_1914                 |   1|   0|    1|          0|
    |tmp_7_reg_1744                  |   1|   0|    1|          0|
    |tmp_84_reg_2036                 |   7|   0|    7|          0|
    |tmp_86_reg_2042                 |   7|   0|    7|          0|
    +--------------------------------+----+----+-----+-----------+
    |Total                           | 569|   0|  571|          2|
    +--------------------------------+----+----+-----+-----------+



================================================================
== Interface
================================================================
* Summary: 
+--------------+-----+-----+------------+----------------+--------------+
|   RTL Ports  | Dir | Bits|  Protocol  |  Source Object |    C Type    |
+--------------+-----+-----+------------+----------------+--------------+
|ap_clk        |  in |    1| ap_ctrl_hs | cordiccart2pol | return value |
|ap_rst        |  in |    1| ap_ctrl_hs | cordiccart2pol | return value |
|ap_start      |  in |    1| ap_ctrl_hs | cordiccart2pol | return value |
|ap_done       | out |    1| ap_ctrl_hs | cordiccart2pol | return value |
|ap_idle       | out |    1| ap_ctrl_hs | cordiccart2pol | return value |
|ap_ready      | out |    1| ap_ctrl_hs | cordiccart2pol | return value |
|x             |  in |   32|   ap_none  |        x       |    scalar    |
|y             |  in |   32|   ap_none  |        y       |    scalar    |
|r             | out |   32|   ap_vld   |        r       |    pointer   |
|r_ap_vld      | out |    1|   ap_vld   |        r       |    pointer   |
|theta         | out |   32|   ap_vld   |      theta     |    pointer   |
|theta_ap_vld  | out |    1|   ap_vld   |      theta     |    pointer   |
+--------------+-----+-----+------------+----------------+--------------+

