

================================================================
== Vivado HLS Report for 'cordiccart2pol'
================================================================
* Date:           Mon Oct 23 19:56:53 2017

* Version:        2017.2 (Build 1909853 on Thu Jun 15 18:55:24 MDT 2017)
* Project:        cordic-lut
* Solution:       solution1
* Product family: kintex7
* Target device:  xc7k160tifbg484-2l


================================================================
== Performance Estimates
================================================================
+ Timing (ns): 
    * Summary: 
    +--------+-------+----------+------------+
    |  Clock | Target| Estimated| Uncertainty|
    +--------+-------+----------+------------+
    |ap_clk  |  10.00|      8.74|        1.25|
    +--------+-------+----------+------------+

+ Latency (clock cycles): 
    * Summary: 
    +-----+-----+-----+-----+---------+
    |  Latency  |  Interval | Pipeline|
    | min | max | min | max |   Type  |
    +-----+-----+-----+-----+---------+
    |    4|    4|    5|    5|   none  |
    +-----+-----+-----+-----+---------+

    + Detail: 
        * Instance: 
        N/A

        * Loop: 
        N/A



================================================================
== Utilization Estimates
================================================================
* Summary: 
+-----------------+---------+-------+--------+--------+
|       Name      | BRAM_18K| DSP48E|   FF   |   LUT  |
+-----------------+---------+-------+--------+--------+
|DSP              |        -|      -|       -|       -|
|Expression       |        -|      -|    2220|    2690|
|FIFO             |        -|      -|       -|       -|
|Instance         |        -|      0|     200|     276|
|Memory           |        4|      -|       0|       0|
|Multiplexer      |        -|      -|       -|      41|
|Register         |        -|      -|     415|       -|
+-----------------+---------+-------+--------+--------+
|Total            |        4|      0|    2835|    3007|
+-----------------+---------+-------+--------+--------+
|Available        |      650|    600|  202800|  101400|
+-----------------+---------+-------+--------+--------+
|Utilization (%)  |    ~0   |      0|       1|       2|
+-----------------+---------+-------+--------+--------+

+ Detail: 
    * Instance: 
    +-------------------------+----------------------+---------+-------+-----+-----+
    |         Instance        |        Module        | BRAM_18K| DSP48E|  FF | LUT |
    +-------------------------+----------------------+---------+-------+-----+-----+
    |cordiccart2pol_fpdEe_U0  |cordiccart2pol_fpdEe  |        0|      0|  100|  138|
    |cordiccart2pol_fpdEe_U1  |cordiccart2pol_fpdEe  |        0|      0|  100|  138|
    +-------------------------+----------------------+---------+-------+-----+-----+
    |Total                    |                      |        0|      0|  200|  276|
    +-------------------------+----------------------+---------+-------+-----+-----+

    * DSP48: 
    N/A

    * Memory: 
    +-------------+----------------------+---------+---+----+------+-----+------+-------------+
    |    Memory   |        Module        | BRAM_18K| FF| LUT| Words| Bits| Banks| W*Bits*Banks|
    +-------------+----------------------+---------+---+----+------+-----+------+-------------+
    |my_LUT_r_U   |cordiccart2pol_mybkb  |        2|  0|   0|  1024|   32|     1|        32768|
    |my_LUT_th_U  |cordiccart2pol_mybkb  |        2|  0|   0|  1024|   32|     1|        32768|
    +-------------+----------------------+---------+---+----+------+-----+------+-------------+
    |Total        |                      |        4|  0|   0|  2048|   64|     2|        65536|
    +-------------+----------------------+---------+---+----+------+-----+------+-------------+

    * FIFO: 
    N/A

    * Expression: 
    +------------------------------------+----------+-------+-----+-----+------------+------------+
    |            Variable Name           | Operation| DSP48E|  FF | LUT | Bitwidth P0| Bitwidth P1|
    +------------------------------------+----------+-------+-----+-----+------------+------------+
    |exp_V_1_fu_510_p2                   |     +    |      0|    0|   12|          11|          12|
    |exp_V_fu_246_p2                     |     +    |      0|    0|   12|          11|          12|
    |p_Val2_3_fu_389_p2                  |     +    |      0|   26|   12|           7|           7|
    |p_Val2_8_fu_653_p2                  |     +    |      0|   26|   12|           7|           7|
    |pos1_1_fu_1192_p2                   |     +    |      0|   41|   17|           2|          12|
    |pos1_fu_874_p2                      |     +    |      0|   41|   17|           2|          12|
    |pos2_1_fu_697_p2                    |     +    |      0|   41|   17|           2|          12|
    |pos2_fu_433_p2                      |     +    |      0|   41|   17|           2|          12|
    |tmp_14_fu_353_p2                    |     +    |      0|   41|   17|           4|          12|
    |tmp_16_fu_411_p2                    |     +    |      0|    0|   12|          12|          12|
    |tmp_34_fu_544_p2                    |     +    |      0|   41|   17|           4|          12|
    |tmp_47_fu_617_p2                    |     +    |      0|   41|   17|           4|          12|
    |tmp_49_fu_675_p2                    |     +    |      0|    0|   12|          12|          12|
    |tmp_s_fu_280_p2                     |     +    |      0|   41|   17|           4|          12|
    |F2_1_fu_240_p2                      |     -    |      0|   41|   17|          11|          12|
    |F2_fu_194_p2                        |     -    |      0|   41|   17|          11|          12|
    |man_V_1_fu_262_p2                   |     -    |      0|  167|   59|           1|          54|
    |man_V_4_fu_526_p2                   |     -    |      0|  167|   59|           1|          54|
    |tmp_1_fu_285_p2                     |     -    |      0|   41|   17|           3|          12|
    |tmp_35_fu_549_p2                    |     -    |      0|   41|   17|           3|          12|
    |Range1_all_ones_1_fu_930_p2         |    and   |      0|    0|    2|           1|           1|
    |Range1_all_ones_2_fu_1259_p2        |    and   |      0|    0|    2|           1|           1|
    |Range1_all_ones_2_i_1_8_fu_1537_p2  |    and   |      0|    0|    2|           1|           1|
    |Range1_all_ones_2_i_fu_1430_p2      |    and   |      0|    0|    2|           1|           1|
    |Range1_all_ones_2_mu_1_fu_1370_p2   |    and   |      0|    0|    2|           1|           1|
    |Range1_all_ones_2_mu_fu_1052_p2     |    and   |      0|    0|    2|           1|           1|
    |Range1_all_ones_3_fu_1248_p2        |    and   |      0|    0|    2|           1|           1|
    |Range1_all_ones_fu_941_p2           |    and   |      0|    0|    2|           1|           1|
    |brmerge121_demorgan_1_fu_1592_p2    |    and   |      0|    0|    2|           1|           1|
    |brmerge121_demorgan_s_fu_1485_p2    |    and   |      0|    0|    2|           1|           1|
    |carry_1_i_i1_fu_868_p2              |    and   |      0|    0|    2|           1|           1|
    |carry_1_i_i_fu_1186_p2              |    and   |      0|    0|    2|           1|           1|
    |deleted_zeros_0_not_1_fu_1572_p2    |    and   |      0|    0|    2|           1|           1|
    |deleted_zeros_0_not_s_fu_1465_p2    |    and   |      0|    0|    2|           1|           1|
    |or_cond115_i_i1_fu_462_p2           |    and   |      0|    0|    2|           1|           1|
    |or_cond115_i_i_fu_726_p2            |    and   |      0|    0|    2|           1|           1|
    |or_cond117_i_i1_fu_936_p2           |    and   |      0|    0|    2|           1|           1|
    |or_cond117_i_i_fu_1254_p2           |    and   |      0|    0|    2|           1|           1|
    |overflow_1_fu_1586_p2               |    and   |      0|    0|    2|           1|           1|
    |overflow_fu_1479_p2                 |    and   |      0|    0|    2|           1|           1|
    |p_122_i_i1_fu_952_p2                |    and   |      0|    0|    2|           1|           1|
    |p_122_i_i_fu_1270_p2                |    and   |      0|    0|    2|           1|           1|
    |sel_tmp11_fu_979_p2                 |    and   |      0|    0|    2|           1|           1|
    |sel_tmp15_fu_1448_p2                |    and   |      0|    0|    2|           1|           1|
    |sel_tmp16_fu_1453_p2                |    and   |      0|    0|    2|           1|           1|
    |sel_tmp18_fu_1532_p2                |    and   |      0|    0|    2|           1|           1|
    |sel_tmp21_fu_1122_p2                |    and   |      0|    0|    2|           1|           1|
    |sel_tmp22_fu_1127_p2                |    and   |      0|    0|    2|           1|           1|
    |sel_tmp25_fu_1144_p2                |    and   |      0|    0|    2|           1|           1|
    |sel_tmp28_fu_1162_p2                |    and   |      0|    0|    2|           1|           1|
    |sel_tmp2_fu_804_p2                  |    and   |      0|    0|    2|           1|           1|
    |sel_tmp30_fu_1297_p2                |    and   |      0|    0|    2|           1|           1|
    |sel_tmp34_fu_1555_p2                |    and   |      0|    0|    2|           1|           1|
    |sel_tmp35_fu_1560_p2                |    and   |      0|    0|    2|           1|           1|
    |sel_tmp37_fu_1639_p2                |    and   |      0|    0|    2|           1|           1|
    |sel_tmp3_fu_809_p2                  |    and   |      0|    0|    2|           1|           1|
    |sel_tmp6_fu_844_p2                  |    and   |      0|    0|    2|           1|           1|
    |sel_tmp8_fu_826_p2                  |    and   |      0|    0|    2|           1|           1|
    |tmp10_fu_1633_p2                    |    and   |      0|    0|    2|           1|           1|
    |tmp2_fu_924_p2                      |    and   |      0|    0|    2|           1|           1|
    |tmp4_fu_1444_p2                     |    and   |      0|    0|    2|           1|           1|
    |tmp5_fu_1526_p2                     |    and   |      0|    0|    2|           1|           1|
    |tmp7_fu_1242_p2                     |    and   |      0|    0|    2|           1|           1|
    |tmp9_fu_1551_p2                     |    and   |      0|    0|    2|           1|           1|
    |underflow_1_fu_1603_p2              |    and   |      0|    0|    2|           1|           1|
    |underflow_fu_1496_p2                |    and   |      0|    0|    2|           1|           1|
    |tmp_21_fu_915_p2                    |   ashr   |      0|  143|  162|          54|          54|
    |tmp_41_fu_586_p2                    |   ashr   |      0|  143|  162|          54|          54|
    |tmp_52_fu_1233_p2                   |   ashr   |      0|  143|  162|          54|          54|
    |tmp_9_fu_322_p2                     |   ashr   |      0|  143|  162|          54|          54|
    |QUAN_INC_1_fu_539_p2                |   icmp   |      0|    0|    6|          12|           3|
    |QUAN_INC_fu_275_p2                  |   icmp   |      0|    0|    6|          12|           3|
    |Range1_all_zeros_1_fu_957_p2        |   icmp   |      0|    0|   29|          54|           1|
    |Range1_all_zeros_3_fu_1275_p2       |   icmp   |      0|    0|   29|          54|           1|
    |Range2_all_ones_1_fu_748_p2         |   icmp   |      0|    0|   29|          54|          54|
    |Range2_all_ones_fu_484_p2           |   icmp   |      0|    0|   29|          54|          54|
    |icmp1_fu_691_p2                     |   icmp   |      0|    0|    6|          11|           1|
    |icmp_fu_427_p2                      |   icmp   |      0|    0|    6|          11|           1|
    |sel_tmp27_fu_1157_p2                |   icmp   |      0|    0|    6|          12|           3|
    |sel_tmp5_fu_839_p2                  |   icmp   |      0|    0|    6|          12|           3|
    |tmp_12_fu_347_p2                    |   icmp   |      0|    0|    6|          12|           6|
    |tmp_17_fu_891_p2                    |   icmp   |      0|    0|    6|          12|           6|
    |tmp_22_fu_456_p2                    |   icmp   |      0|    0|    6|          12|           6|
    |tmp_25_fu_498_p2                    |   icmp   |      0|    0|   29|          54|           1|
    |tmp_26_fu_504_p2                    |   icmp   |      0|    0|    6|          12|           6|
    |tmp_33_fu_234_p2                    |   icmp   |      0|    0|   32|          63|           1|
    |tmp_36_fu_1092_p2                   |   icmp   |      0|    0|    6|          12|           3|
    |tmp_37_fu_570_p2                    |   icmp   |      0|    0|    6|          12|           6|
    |tmp_39_fu_576_p2                    |   icmp   |      0|    0|    6|          12|           3|
    |tmp_3_fu_774_p2                     |   icmp   |      0|    0|    6|          12|           3|
    |tmp_45_fu_611_p2                    |   icmp   |      0|    0|    6|          12|           6|
    |tmp_50_fu_1209_p2                   |   icmp   |      0|    0|    6|          12|           6|
    |tmp_54_fu_720_p2                    |   icmp   |      0|    0|    6|          12|           6|
    |tmp_56_fu_762_p2                    |   icmp   |      0|    0|   29|          54|           1|
    |tmp_57_fu_768_p2                    |   icmp   |      0|    0|    6|          12|           6|
    |tmp_5_fu_306_p2                     |   icmp   |      0|    0|    6|          12|           6|
    |tmp_6_fu_312_p2                     |   icmp   |      0|    0|    6|          12|           3|
    |tmp_7_fu_188_p2                     |   icmp   |      0|    0|   32|          63|           1|
    |Range2_V_1_fu_472_p2                |   lshr   |      0|  143|  162|          54|          54|
    |Range2_V_3_fu_736_p2                |   lshr   |      0|  143|  162|          54|          54|
    |r_V_1_fu_742_p2                     |   lshr   |      0|  143|  162|           2|          54|
    |r_V_fu_478_p2                       |   lshr   |      0|  143|  162|           2|          54|
    |brmerge123_i_i1_fu_1046_p2          |    or    |      0|    0|    2|           1|           1|
    |brmerge123_i_i_fu_1364_p2           |    or    |      0|    0|    2|           1|           1|
    |brmerge_i_i1_fu_1469_p2             |    or    |      0|    0|    2|           1|           1|
    |brmerge_i_i_fu_1576_p2              |    or    |      0|    0|    2|           1|           1|
    |brmerge_i_i_i1_fu_1502_p2           |    or    |      0|    0|    2|           1|           1|
    |brmerge_i_i_i_fu_1609_p2            |    or    |      0|    0|    2|           1|           1|
    |carry_1_not_i_i1_fu_1036_p2         |    or    |      0|    0|    2|           1|           1|
    |carry_1_not_i_i_fu_1354_p2          |    or    |      0|    0|    2|           1|           1|
    |deleted_ones_0_i_i1_fu_1440_p2      |    or    |      0|    0|    2|           1|           1|
    |deleted_ones_0_i_i_fu_1547_p2       |    or    |      0|    0|    2|           1|           1|
    |p_119_i_i1_fu_962_p2                |    or    |      0|    0|    2|           1|           1|
    |p_119_i_i_fu_1280_p2                |    or    |      0|    0|    2|           1|           1|
    |p_120_i_i1_fu_1066_p2               |    or    |      0|    0|    2|           1|           1|
    |p_120_i_i_fu_1384_p2                |    or    |      0|    0|    2|           1|           1|
    |sel_tmp10_fu_973_p2                 |    or    |      0|    0|    2|           1|           1|
    |sel_tmp122_demorgan_fu_1624_p2      |    or    |      0|    0|    2|           1|           1|
    |sel_tmp29_fu_1291_p2                |    or    |      0|    0|    2|           1|           1|
    |sel_tmp57_demorgan_fu_1517_p2       |    or    |      0|    0|    2|           1|           1|
    |tmp128_demorgan_fu_857_p2           |    or    |      0|    0|    2|           1|           1|
    |tmp134_demorgan_fu_1175_p2          |    or    |      0|    0|    2|           1|           1|
    |tmp3_fu_1030_p2                     |    or    |      0|    0|    2|           1|           1|
    |tmp8_fu_1348_p2                     |    or    |      0|    0|    2|           1|           1|
    |Range1_all_ones_2_i_1_fu_1310_p3    |  select  |      0|    0|    2|           1|           1|
    |Range1_all_ones_2_i_s_fu_992_p3     |  select  |      0|    0|    2|           1|           1|
    |Range1_all_zeros_2_i_1_fu_1326_p3   |  select  |      0|    0|    2|           1|           1|
    |Range1_all_zeros_2_i_fu_1008_p3     |  select  |      0|    0|    2|           1|           1|
    |Range2_all_ones_1_i_1_fu_754_p3     |  select  |      0|    0|    2|           1|           1|
    |Range2_all_ones_1_i_s_fu_490_p3     |  select  |      0|    0|    2|           1|           1|
    |deleted_ones_1_fu_1390_p3           |  select  |      0|    0|    2|           1|           1|
    |deleted_ones_fu_1072_p3             |  select  |      0|    0|    2|           1|           1|
    |deleted_zeros_1_fu_1334_p3          |  select  |      0|    0|    2|           1|           1|
    |deleted_zeros_fu_1016_p3            |  select  |      0|    0|    2|           1|           1|
    |p_Repl2_1_fu_1564_p3                |  select  |      0|    0|    2|           1|           1|
    |p_Repl2_s_fu_1457_p3                |  select  |      0|    0|    2|           1|           1|
    |p_Val2_0_i_i_i1_fu_332_p3           |  select  |      0|    0|    2|           1|           2|
    |p_Val2_0_i_i_i3_fu_596_p3           |  select  |      0|    0|    2|           1|           2|
    |p_Val2_11_fu_532_p3                 |  select  |      0|    0|   54|           1|          54|
    |p_Val2_2_fu_339_p3                  |  select  |      0|    0|    7|           1|           7|
    |p_Val2_4_fu_849_p3                  |  select  |      0|    0|    7|           1|           7|
    |p_Val2_7_fu_603_p3                  |  select  |      0|    0|    7|           1|           7|
    |p_Val2_9_fu_1167_p3                 |  select  |      0|    0|    7|           1|           7|
    |p_Val2_s_fu_268_p3                  |  select  |      0|    0|   54|           1|          54|
    |qb_1_fu_634_p3                      |  select  |      0|    0|    2|           1|           1|
    |qb_fu_370_p3                        |  select  |      0|    0|    2|           1|           1|
    |sel_tmp12_fu_984_p3                 |  select  |      0|    0|    2|           1|           1|
    |sel_tmp13_fu_1000_p3                |  select  |      0|    0|    2|           1|           1|
    |sel_tmp19_fu_1109_p3                |  select  |      0|    0|    7|           1|           7|
    |sel_tmp23_fu_1132_p3                |  select  |      0|    0|    7|           1|           7|
    |sel_tmp26_fu_1150_p3                |  select  |      0|    0|    7|           1|           7|
    |sel_tmp31_fu_1302_p3                |  select  |      0|    0|    2|           1|           1|
    |sel_tmp32_fu_1318_p3                |  select  |      0|    0|    2|           1|           1|
    |sel_tmp4_fu_814_p3                  |  select  |      0|    0|    7|           1|           7|
    |sel_tmp9_fu_832_p3                  |  select  |      0|    0|    7|           1|           7|
    |sel_tmp_fu_791_p3                   |  select  |      0|    0|    7|           1|           7|
    |sh_amt_1_fu_554_p3                  |  select  |      0|    0|   12|           1|          12|
    |sh_amt_fu_290_p3                    |  select  |      0|    0|   12|           1|          12|
    |tmp129_cast_cast_fu_403_p3          |  select  |      0|    0|    2|           1|           2|
    |tmp135_cast_cast_fu_667_p3          |  select  |      0|    0|    2|           1|           2|
    |tmp_60_fu_1660_p3                   |  select  |      0|    0|    5|           1|           5|
    |tmp_62_fu_1667_p3                   |  select  |      0|    0|    5|           1|           5|
    |tmp_65_fu_1691_p3                   |  select  |      0|    0|    5|           1|           5|
    |tmp_66_fu_1698_p3                   |  select  |      0|    0|    5|           1|           5|
    |tmp_89_fu_1654_p3                   |  select  |      0|    0|    5|           1|           1|
    |tmp_91_fu_1685_p3                   |  select  |      0|    0|    5|           1|           1|
    |tmp_11_fu_782_p2                    |    shl   |      0|   99|   85|          32|          32|
    |tmp_44_fu_1100_p2                   |    shl   |      0|   99|   85|          32|          32|
    |Range1_all_zeros_2_fu_1264_p2       |    xor   |      0|    0|    2|           1|           2|
    |Range1_all_zeros_fu_946_p2          |    xor   |      0|    0|    2|           1|           2|
    |Range2_all_ones_1_no_1_fu_1359_p2   |    xor   |      0|    0|    2|           1|           2|
    |Range2_all_ones_1_no_fu_1041_p2     |    xor   |      0|    0|    2|           1|           2|
    |brmerge121_i_i1_fu_1490_p2          |    xor   |      0|    0|    2|           1|           2|
    |brmerge121_i_i_fu_1597_p2           |    xor   |      0|    0|    2|           1|           2|
    |deleted_zeros_1_not_fu_1404_p2      |    xor   |      0|    0|    2|           1|           2|
    |deleted_zeros_not_fu_1086_p2        |    xor   |      0|    0|    2|           1|           2|
    |rev1_fu_1223_p2                     |    xor   |      0|    0|    2|           1|           2|
    |rev2_fu_714_p2                      |    xor   |      0|    0|    2|           1|           2|
    |rev6_fu_450_p2                      |    xor   |      0|    0|    2|           1|           2|
    |rev_fu_905_p2                       |    xor   |      0|    0|    2|           1|           2|
    |sel_tmp14_fu_1080_p2                |    xor   |      0|    0|    2|           1|           2|
    |sel_tmp17_fu_1521_p2                |    xor   |      0|    0|    2|           1|           2|
    |sel_tmp18_not_fu_1024_p2            |    xor   |      0|    0|    2|           1|           2|
    |sel_tmp1_fu_798_p2                  |    xor   |      0|    0|    2|           1|           2|
    |sel_tmp20_fu_1116_p2                |    xor   |      0|    0|    2|           1|           2|
    |sel_tmp24_fu_1139_p2                |    xor   |      0|    0|    2|           1|           2|
    |sel_tmp33_fu_1398_p2                |    xor   |      0|    0|    2|           1|           2|
    |sel_tmp36_fu_1628_p2                |    xor   |      0|    0|    2|           1|           2|
    |sel_tmp7_fu_821_p2                  |    xor   |      0|    0|    2|           1|           2|
    |sel_tmp83_not_fu_1342_p2            |    xor   |      0|    0|    2|           1|           2|
    |tmp1_fu_862_p2                      |    xor   |      0|    0|    2|           1|           2|
    |tmp6_fu_1180_p2                     |    xor   |      0|    0|    2|           1|           2|
    |tmp_24_not_fu_968_p2                |    xor   |      0|    0|    2|           1|           2|
    |tmp_28_fu_1434_p2                   |    xor   |      0|    0|    2|           1|           2|
    |tmp_30_fu_1474_p2                   |    xor   |      0|    0|    2|           1|           2|
    |tmp_57_not_fu_1286_p2               |    xor   |      0|    0|    2|           1|           2|
    |tmp_58_fu_1541_p2                   |    xor   |      0|    0|    2|           1|           2|
    |tmp_59_fu_1581_p2                   |    xor   |      0|    0|    2|           1|           2|
    +------------------------------------+----------+-------+-----+-----+------------+------------+
    |Total                               |          |      0| 2220| 2690|        1334|        1388|
    +------------------------------------+----------+-------+-----+-----+------------+------------+

    * Multiplexer: 
    +-----------+----+-----------+-----+-----------+
    |    Name   | LUT| Input Size| Bits| Total Bits|
    +-----------+----+-----------+-----+-----------+
    |ap_NS_fsm  |  41|          6|    1|          6|
    +-----------+----+-----------+-----+-----------+
    |Total      |  41|          6|    1|          6|
    +-----------+----+-----------+-----+-----------+

    * Register: 
    +--------------------------------+----+----+-----+-----------+
    |              Name              | FF | LUT| Bits| Const Bits|
    +--------------------------------+----+----+-----+-----------+
    |F2_1_reg_1786                   |  12|   0|   12|          0|
    |F2_reg_1747                     |  12|   0|   12|          0|
    |QUAN_INC_1_reg_1877             |   1|   0|    1|          0|
    |QUAN_INC_reg_1804               |   1|   0|    1|          0|
    |Range1_all_ones_2_i_1_reg_2011  |   1|   0|    1|          0|
    |Range1_all_ones_2_i_s_reg_1967  |   1|   0|    1|          0|
    |Range2_all_ones_1_i_1_reg_1928  |   1|   0|    1|          0|
    |Range2_all_ones_1_i_s_reg_1855  |   1|   0|    1|          0|
    |ap_CS_fsm                       |   5|   0|    5|          0|
    |carry_1_i_i1_reg_1949           |   1|   0|    1|          0|
    |carry_1_i_i_reg_1993            |   1|   0|    1|          0|
    |deleted_ones_1_reg_2016         |   1|   0|    1|          0|
    |deleted_ones_reg_1972           |   1|   0|    1|          0|
    |deleted_zeros_1_not_reg_2027    |   1|   0|    1|          0|
    |deleted_zeros_not_reg_1983      |   1|   0|    1|          0|
    |icmp1_reg_1916                  |   1|   0|    1|          0|
    |icmp_reg_1843                   |   1|   0|    1|          0|
    |isneg_1_reg_1759                |   1|   0|    1|          0|
    |isneg_reg_1720                  |   1|   0|    1|          0|
    |newsignbit_1_reg_1998           |   1|   0|    1|          0|
    |newsignbit_reg_1954             |   1|   0|    1|          0|
    |p_Val2_11_reg_1871              |  54|   0|   54|          0|
    |p_Val2_3_reg_1831               |   7|   0|    7|          0|
    |p_Val2_4_reg_1944               |   7|   0|    7|          0|
    |p_Val2_8_reg_1904               |   7|   0|    7|          0|
    |p_Val2_9_reg_1988               |   7|   0|    7|          0|
    |p_Val2_s_reg_1798               |  54|   0|   54|          0|
    |sel_tmp14_reg_1977              |   1|   0|    1|          0|
    |sel_tmp33_reg_2021              |   1|   0|    1|          0|
    |sh_amt_1_cast_reg_1882          |  32|   0|   32|          0|
    |sh_amt_cast_reg_1809            |  32|   0|   32|          0|
    |tmp_13_reg_1735                 |  52|   0|   52|          0|
    |tmp_17_reg_1961                 |   1|   0|    1|          0|
    |tmp_18_reg_1814                 |   7|   0|    7|          0|
    |tmp_22_reg_1849                 |   1|   0|    1|          0|
    |tmp_25_reg_1861                 |   1|   0|    1|          0|
    |tmp_26_reg_1866                 |   1|   0|    1|          0|
    |tmp_2_reg_1730                  |  11|   0|   12|          1|
    |tmp_31_reg_1769                 |  11|   0|   12|          1|
    |tmp_33_reg_1779                 |   1|   0|    1|          0|
    |tmp_38_reg_1825                 |   1|   0|    1|          0|
    |tmp_39_reg_1893                 |   1|   0|    1|          0|
    |tmp_43_reg_1837                 |   1|   0|    1|          0|
    |tmp_50_reg_2005                 |   1|   0|    1|          0|
    |tmp_54_reg_1922                 |   1|   0|    1|          0|
    |tmp_56_reg_1934                 |   1|   0|    1|          0|
    |tmp_57_reg_1939                 |   1|   0|    1|          0|
    |tmp_6_reg_1820                  |   1|   0|    1|          0|
    |tmp_74_reg_1774                 |  52|   0|   52|          0|
    |tmp_75_reg_1887                 |   7|   0|    7|          0|
    |tmp_79_reg_1898                 |   1|   0|    1|          0|
    |tmp_7_reg_1740                  |   1|   0|    1|          0|
    |tmp_80_reg_1910                 |   1|   0|    1|          0|
    |tmp_88_reg_2032                 |   5|   0|    5|          0|
    |tmp_90_reg_2038                 |   5|   0|    5|          0|
    +--------------------------------+----+----+-----+-----------+
    |Total                           | 415|   0|  417|          2|
    +--------------------------------+----+----+-----+-----------+



================================================================
== Interface
================================================================
* Summary: 
+--------------+-----+-----+------------+----------------+--------------+
|   RTL Ports  | Dir | Bits|  Protocol  |  Source Object |    C Type    |
+--------------+-----+-----+------------+----------------+--------------+
|ap_clk        |  in |    1| ap_ctrl_hs | cordiccart2pol | return value |
|ap_rst        |  in |    1| ap_ctrl_hs | cordiccart2pol | return value |
|ap_start      |  in |    1| ap_ctrl_hs | cordiccart2pol | return value |
|ap_done       | out |    1| ap_ctrl_hs | cordiccart2pol | return value |
|ap_idle       | out |    1| ap_ctrl_hs | cordiccart2pol | return value |
|ap_ready      | out |    1| ap_ctrl_hs | cordiccart2pol | return value |
|x             |  in |   32|   ap_none  |        x       |    scalar    |
|y             |  in |   32|   ap_none  |        y       |    scalar    |
|r             | out |   32|   ap_vld   |        r       |    pointer   |
|r_ap_vld      | out |    1|   ap_vld   |        r       |    pointer   |
|theta         | out |   32|   ap_vld   |      theta     |    pointer   |
|theta_ap_vld  | out |    1|   ap_vld   |      theta     |    pointer   |
+--------------+-----+-----+------------+----------------+--------------+

