

================================================================
== Vivado HLS Report for 'memory_transfer'
================================================================
* Date:           Fri Dec 15 13:02:27 2017

* Version:        2017.3 (Build 2018833 on Wed Oct 04 20:30:40 MDT 2017)
* Project:        decoder_working
* Solution:       memory_transfer_optimized
* Product family: zynq
* Target device:  xc7z020clg484-1


================================================================
== Performance Estimates
================================================================
+ Timing (ns): 
    * Summary: 
    +--------+-------+----------+------------+
    |  Clock | Target| Estimated| Uncertainty|
    +--------+-------+----------+------------+
    |ap_clk  |  10.00|      6.15|        1.25|
    +--------+-------+----------+------------+

+ Latency (clock cycles): 
    * Summary: 
    +-----+-----+-----+-----+----------+
    |  Latency  |  Interval | Pipeline |
    | min | max | min | max |   Type   |
    +-----+-----+-----+-----+----------+
    |    0|    0|    1|    1| function |
    +-----+-----+-----+-----+----------+

    + Detail: 
        * Instance: 
        N/A

        * Loop: 
        N/A



================================================================
== Utilization Estimates
================================================================
* Summary: 
+-----------------+---------+-------+--------+-------+
|       Name      | BRAM_18K| DSP48E|   FF   |  LUT  |
+-----------------+---------+-------+--------+-------+
|DSP              |        -|      -|       -|      -|
|Expression       |        -|      -|       0|     78|
|FIFO             |        -|      -|       -|      -|
|Instance         |        -|      -|       -|      -|
|Memory           |        -|      -|       -|      -|
|Multiplexer      |        -|      -|       -|      -|
|Register         |        -|      -|       -|      -|
+-----------------+---------+-------+--------+-------+
|Total            |        0|      0|       0|     78|
+-----------------+---------+-------+--------+-------+
|Available        |      280|    220|  106400|  53200|
+-----------------+---------+-------+--------+-------+
|Utilization (%)  |        0|      0|       0|   ~0  |
+-----------------+---------+-------+--------+-------+

+ Detail: 
    * Instance: 
    N/A

    * DSP48: 
    N/A

    * Memory: 
    N/A

    * FIFO: 
    N/A

    * Expression: 
    +-------------------+----------+-------+---+----+------------+------------+
    |   Variable Name   | Operation| DSP48E| FF| LUT| Bitwidth P0| Bitwidth P1|
    +-------------------+----------+-------+---+----+------------+------------+
    |p_neg_1_fu_336_p2  |     -    |      0|  0|  12|           1|           3|
    |p_neg_fu_128_p2    |     -    |      0|  0|  12|           1|           3|
    |r_V_1_1_fu_322_p2  |     -    |      0|  0|  12|           3|           3|
    |r_V_1_fu_114_p2    |     -    |      0|  0|  12|           3|           3|
    |tmp_26_fu_370_p2   |     -    |      0|  0|  12|           1|           3|
    |tmp_7_fu_162_p2    |     -    |      0|  0|  12|           1|           3|
    |tmp_27_fu_376_p3   |  select  |      0|  0|   3|           1|           3|
    |tmp_8_fu_168_p3    |  select  |      0|  0|   3|           1|           3|
    +-------------------+----------+-------+---+----+------------+------------+
    |Total              |          |      0|  0|  78|          12|          24|
    +-------------------+----------+-------+---+----+------------+------------+

    * Multiplexer: 
    N/A

    * Register: 
    N/A



================================================================
== Interface
================================================================
* Summary: 
+-------------------------+-----+-----+------------+-----------------+--------------+
|        RTL Ports        | Dir | Bits|  Protocol  |  Source Object  |    C Type    |
+-------------------------+-----+-----+------------+-----------------+--------------+
|ap_start                 |  in |    1| ap_ctrl_hs | memory_transfer | return value |
|ap_done                  | out |    1| ap_ctrl_hs | memory_transfer | return value |
|ap_idle                  | out |    1| ap_ctrl_hs | memory_transfer | return value |
|ap_ready                 | out |    1| ap_ctrl_hs | memory_transfer | return value |
|memory_block_V_i         |  in |   14|   ap_ovld  |  memory_block_V |    pointer   |
|memory_block_V_o         | out |   14|   ap_ovld  |  memory_block_V |    pointer   |
|memory_block_V_o_ap_vld  | out |    1|   ap_ovld  |  memory_block_V |    pointer   |
|index_list_V             |  in |    4|   ap_none  |   index_list_V  |    pointer   |
|passed_LL_V              | out |    2|   ap_vld   |   passed_LL_V   |    pointer   |
|passed_LL_V_ap_vld       | out |    1|   ap_vld   |   passed_LL_V   |    pointer   |
+-------------------------+-----+-----+------------+-----------------+--------------+

